[ 2017-07-10T20:14:06+08:00 ] ::1 /yeyicms/admin.php
INFO: [ app_init ] --START--
INFO: Run Behavior\BuildLiteBehavior [ RunTime:0.000030s ]
INFO: [ app_init ] --END-- [ RunTime:0.001741s ]
INFO: [ app_begin ] --START--
INFO: Run Behavior\ReadHtmlCacheBehavior [ RunTime:0.000616s ]
INFO: [ app_begin ] --END-- [ RunTime:0.000749s ]
NOTIC: [8] Undefined index: user_id E:\wamp\www\yeyicms\Application\Admin\Controller\GlobalController.class.php 第 35 行.

[ 2017-07-10T20:14:06+08:00 ] ::1 /yeyicms/admin.php/Login/index.html
INFO: [ app_init ] --START--
INFO: Run Behavior\BuildLiteBehavior [ RunTime:0.000021s ]
INFO: [ app_init ] --END-- [ RunTime:0.000484s ]
INFO: [ app_begin ] --START--
INFO: Run Behavior\ReadHtmlCacheBehavior [ RunTime:0.000591s ]
INFO: [ app_begin ] --END-- [ RunTime:0.000723s ]
INFO: [ view_parse ] --START--
INFO: [ template_filter ] --START--
INFO: Run Behavior\ContentReplaceBehavior [ RunTime:0.001555s ]
INFO: [ template_filter ] --END-- [ RunTime:0.001733s ]
INFO: Run Behavior\ParseTemplateBehavior [ RunTime:0.008656s ]
INFO: [ view_parse ] --END-- [ RunTime:0.008787s ]
INFO: [ view_filter ] --START--
INFO: Run Behavior\WriteHtmlCacheBehavior [ RunTime:0.000381s ]
INFO: [ view_filter ] --END-- [ RunTime:0.000476s ]
INFO: [ app_end ] --START--
INFO: Run Behavior\ShowPageTraceBehavior [ RunTime:0.000501s ]
INFO: [ app_end ] --END-- [ RunTime:0.000600s ]

[ 2017-07-10T20:14:14+08:00 ] ::1 /yeyicms/admin.php/login/login
INFO: [ app_init ] --START--
INFO: Run Behavior\BuildLiteBehavior [ RunTime:0.000029s ]
INFO: [ app_init ] --END-- [ RunTime:0.000642s ]
INFO: [ app_begin ] --START--
INFO: Run Behavior\ReadHtmlCacheBehavior [ RunTime:0.000697s ]
INFO: [ app_begin ] --END-- [ RunTime:0.000813s ]
SQL: SHOW COLUMNS FROM `rt_admin` [ RunTime:0.0133s ]
NOTIC: [8] Use of undefined constant trim - assumed 'trim' E:\wamp\www\yeyicms\Application\Admin\Controller\LoginController.class.php 第 21 行.
SQL: SELECT * FROM `rt_admin` WHERE `username` = 'admin' LIMIT 1   [ RunTime:0.0024s ]
NOTIC: [8] Use of undefined constant md5 - assumed 'md5' E:\wamp\www\yeyicms\Application\Admin\Controller\LoginController.class.php 第 24 行.
SQL: UPDATE `rt_admin` SET `login_ip`='0.0.0.0',`login_time`='1499688854' WHERE `id` = 1 [ RunTime:0.0030s ]

[ 2017-07-10T20:14:14+08:00 ] ::1 /yeyicms/admin.php/index/index
INFO: [ app_init ] --START--
INFO: Run Behavior\BuildLiteBehavior [ RunTime:0.000022s ]
INFO: [ app_init ] --END-- [ RunTime:0.000480s ]
INFO: [ app_begin ] --START--
INFO: Run Behavior\ReadHtmlCacheBehavior [ RunTime:0.000765s ]
INFO: [ app_begin ] --END-- [ RunTime:0.000893s ]
SQL: SHOW COLUMNS FROM `rt_admin` [ RunTime:0.0030s ]
SQL: SELECT * FROM `rt_admin` WHERE `id` = 1 LIMIT 1   [ RunTime:0.0003s ]
SQL: SHOW COLUMNS FROM `rt_admin_group` [ RunTime:0.0058s ]
SQL: SELECT * FROM `rt_admin_group` WHERE `id` = 2 LIMIT 1   [ RunTime:0.0003s ]
SQL: SELECT * FROM `rt_admin` WHERE `id` = 1 LIMIT 1   [ RunTime:0.0003s ]
SQL: SELECT * FROM `rt_admin_group` WHERE `id` = 2 LIMIT 1   [ RunTime:0.0002s ]
SQL: SHOW COLUMNS FROM `rt_admin_rule` [ RunTime:0.0070s ]
SQL: SELECT * FROM `rt_admin_rule` WHERE ( id in(1,2,3,4,5,6,7,8,9,10,11,12,13,14,15,16,17,18,19,20,36,22,23,24,25,35,26,27,28,29,30,33,34) and status=0 ) ORDER BY sort asc  [ RunTime:0.0012s ]
NOTIC: [8] Use of undefined constant icon - assumed 'icon' E:\wamp\www\yeyicms\Application\Admin\Controller\GlobalController.class.php 第 25 行.
INFO: [ view_parse ] --START--
INFO: [ template_filter ] --START--
INFO: Run Behavior\ContentReplaceBehavior [ RunTime:0.000270s ]
INFO: [ template_filter ] --END-- [ RunTime:0.000383s ]
NOTIC: [8] Use of undefined constant userid - assumed 'userid' E:\wamp\www\yeyicms\Application\Runtime\Cache\Admin\b595b808c2ebeeeb0478ffc30bb4e87a.php 第 250 行.
NOTIC: [8] Use of undefined constant pid - assumed 'pid' E:\wamp\www\yeyicms\Application\Runtime\Cache\Admin\b595b808c2ebeeeb0478ffc30bb4e87a.php 第 274 行.
NOTIC: [8] Undefined variable: pid E:\wamp\www\yeyicms\Application\Runtime\Cache\Admin\b595b808c2ebeeeb0478ffc30bb4e87a.php 第 274 行.
NOTIC: [8] Use of undefined constant pid - assumed 'pid' E:\wamp\www\yeyicms\Application\Runtime\Cache\Admin\b595b808c2ebeeeb0478ffc30bb4e87a.php 第 274 行.
NOTIC: [8] Undefined variable: pid E:\wamp\www\yeyicms\Application\Runtime\Cache\Admin\b595b808c2ebeeeb0478ffc30bb4e87a.php 第 274 行.
NOTIC: [8] Use of undefined constant pid - assumed 'pid' E:\wamp\www\yeyicms\Application\Runtime\Cache\Admin\b595b808c2ebeeeb0478ffc30bb4e87a.php 第 274 行.
NOTIC: [8] Undefined variable: pid E:\wamp\www\yeyicms\Application\Runtime\Cache\Admin\b595b808c2ebeeeb0478ffc30bb4e87a.php 第 274 行.
NOTIC: [8] Use of undefined constant pid - assumed 'pid' E:\wamp\www\yeyicms\Application\Runtime\Cache\Admin\b595b808c2ebeeeb0478ffc30bb4e87a.php 第 274 行.
NOTIC: [8] Undefined variable: pid E:\wamp\www\yeyicms\Application\Runtime\Cache\Admin\b595b808c2ebeeeb0478ffc30bb4e87a.php 第 274 行.
NOTIC: [8] Use of undefined constant pid - assumed 'pid' E:\wamp\www\yeyicms\Application\Runtime\Cache\Admin\b595b808c2ebeeeb0478ffc30bb4e87a.php 第 274 行.
NOTIC: [8] Undefined variable: pid E:\wamp\www\yeyicms\Application\Runtime\Cache\Admin\b595b808c2ebeeeb0478ffc30bb4e87a.php 第 274 行.
NOTIC: [8] Use of undefined constant pid - assumed 'pid' E:\wamp\www\yeyicms\Application\Runtime\Cache\Admin\b595b808c2ebeeeb0478ffc30bb4e87a.php 第 274 行.
NOTIC: [8] Undefined variable: pid E:\wamp\www\yeyicms\Application\Runtime\Cache\Admin\b595b808c2ebeeeb0478ffc30bb4e87a.php 第 274 行.
NOTIC: [8] Use of undefined constant pid - assumed 'pid' E:\wamp\www\yeyicms\Application\Runtime\Cache\Admin\b595b808c2ebeeeb0478ffc30bb4e87a.php 第 274 行.
NOTIC: [8] Undefined variable: pid E:\wamp\www\yeyicms\Application\Runtime\Cache\Admin\b595b808c2ebeeeb0478ffc30bb4e87a.php 第 274 行.
NOTIC: [8] Use of undefined constant pid - assumed 'pid' E:\wamp\www\yeyicms\Application\Runtime\Cache\Admin\b595b808c2ebeeeb0478ffc30bb4e87a.php 第 274 行.
NOTIC: [8] Undefined variable: pid E:\wamp\www\yeyicms\Application\Runtime\Cache\Admin\b595b808c2ebeeeb0478ffc30bb4e87a.php 第 274 行.
NOTIC: [8] Use of undefined constant pid - assumed 'pid' E:\wamp\www\yeyicms\Application\Runtime\Cache\Admin\b595b808c2ebeeeb0478ffc30bb4e87a.php 第 274 行.
NOTIC: [8] Undefined variable: pid E:\wamp\www\yeyicms\Application\Runtime\Cache\Admin\b595b808c2ebeeeb0478ffc30bb4e87a.php 第 274 行.
NOTIC: [8] Use of undefined constant pid - assumed 'pid' E:\wamp\www\yeyicms\Application\Runtime\Cache\Admin\b595b808c2ebeeeb0478ffc30bb4e87a.php 第 274 行.
NOTIC: [8] Undefined variable: pid E:\wamp\www\yeyicms\Application\Runtime\Cache\Admin\b595b808c2ebeeeb0478ffc30bb4e87a.php 第 274 行.
INFO: Run Behavior\ParseTemplateBehavior [ RunTime:0.025246s ]
INFO: [ view_parse ] --END-- [ RunTime:0.025376s ]
INFO: [ view_filter ] --START--
INFO: Run Behavior\WriteHtmlCacheBehavior [ RunTime:0.000527s ]
INFO: [ view_filter ] --END-- [ RunTime:0.000624s ]
INFO: [ app_end ] --START--
INFO: Run Behavior\ShowPageTraceBehavior [ RunTime:0.000599s ]
INFO: [ app_end ] --END-- [ RunTime:0.000710s ]

[ 2017-07-10T20:14:17+08:00 ] ::1 /yeyicms/admin.php/group/g_list
INFO: [ app_init ] --START--
INFO: Run Behavior\BuildLiteBehavior [ RunTime:0.000030s ]
INFO: [ app_init ] --END-- [ RunTime:0.000700s ]
INFO: [ app_begin ] --START--
INFO: Run Behavior\ReadHtmlCacheBehavior [ RunTime:0.000720s ]
INFO: [ app_begin ] --END-- [ RunTime:0.000855s ]
SQL: SHOW COLUMNS FROM `rt_admin` [ RunTime:0.0032s ]
SQL: SELECT * FROM `rt_admin` WHERE `id` = 1 LIMIT 1   [ RunTime:0.0003s ]
SQL: SHOW COLUMNS FROM `rt_admin_group` [ RunTime:0.0024s ]
SQL: SELECT * FROM `rt_admin_group` WHERE `id` = 2 LIMIT 1   [ RunTime:0.0002s ]
SQL: SHOW COLUMNS FROM `rt_admin_rule` [ RunTime:0.0030s ]
SQL: SELECT `id`,`pid`,`title` FROM `rt_admin_rule` WHERE `url` = 'group/g_list' LIMIT 1   [ RunTime:0.0002s ]
SQL: SELECT * FROM `rt_admin` WHERE `id` = 1 LIMIT 1   [ RunTime:0.0002s ]
SQL: SELECT * FROM `rt_admin_group` WHERE `id` = 2 LIMIT 1   [ RunTime:0.0003s ]
SQL: SELECT * FROM `rt_admin_rule` WHERE ( id in(1,2,3,4,5,6,7,8,9,10,11,12,13,14,15,16,17,18,19,20,36,22,23,24,25,35,26,27,28,29,30,33,34) and status=0 ) ORDER BY sort asc  [ RunTime:0.0004s ]
NOTIC: [8] Use of undefined constant icon - assumed 'icon' E:\wamp\www\yeyicms\Application\Admin\Controller\GlobalController.class.php 第 25 行.
SQL: SELECT COUNT(*) AS tp_count FROM `rt_admin_group` LIMIT 1   [ RunTime:0.0022s ]
SQL: SELECT * FROM `rt_admin_group` ORDER BY id LIMIT 0,15   [ RunTime:0.0003s ]
INFO: [ view_parse ] --START--
INFO: [ template_filter ] --START--
INFO: Run Behavior\ContentReplaceBehavior [ RunTime:0.000163s ]
INFO: [ template_filter ] --END-- [ RunTime:0.000271s ]
NOTIC: [8] Use of undefined constant userid - assumed 'userid' E:\wamp\www\yeyicms\Application\Runtime\Cache\Admin\319232a5abf2e2de24370d9c6a1bf7e2.php 第 250 行.
NOTIC: [8] Use of undefined constant pid - assumed 'pid' E:\wamp\www\yeyicms\Application\Runtime\Cache\Admin\319232a5abf2e2de24370d9c6a1bf7e2.php 第 274 行.
NOTIC: [8] Use of undefined constant pid - assumed 'pid' E:\wamp\www\yeyicms\Application\Runtime\Cache\Admin\319232a5abf2e2de24370d9c6a1bf7e2.php 第 274 行.
NOTIC: [8] Use of undefined constant pid - assumed 'pid' E:\wamp\www\yeyicms\Application\Runtime\Cache\Admin\319232a5abf2e2de24370d9c6a1bf7e2.php 第 274 行.
NOTIC: [8] Use of undefined constant pid - assumed 'pid' E:\wamp\www\yeyicms\Application\Runtime\Cache\Admin\319232a5abf2e2de24370d9c6a1bf7e2.php 第 274 行.
NOTIC: [8] Use of undefined constant pid - assumed 'pid' E:\wamp\www\yeyicms\Application\Runtime\Cache\Admin\319232a5abf2e2de24370d9c6a1bf7e2.php 第 274 行.
NOTIC: [8] Use of undefined constant pid - assumed 'pid' E:\wamp\www\yeyicms\Application\Runtime\Cache\Admin\319232a5abf2e2de24370d9c6a1bf7e2.php 第 274 行.
NOTIC: [8] Use of undefined constant pid - assumed 'pid' E:\wamp\www\yeyicms\Application\Runtime\Cache\Admin\319232a5abf2e2de24370d9c6a1bf7e2.php 第 274 行.
NOTIC: [8] Use of undefined constant pid - assumed 'pid' E:\wamp\www\yeyicms\Application\Runtime\Cache\Admin\319232a5abf2e2de24370d9c6a1bf7e2.php 第 274 行.
NOTIC: [8] Use of undefined constant pid - assumed 'pid' E:\wamp\www\yeyicms\Application\Runtime\Cache\Admin\319232a5abf2e2de24370d9c6a1bf7e2.php 第 274 行.
NOTIC: [8] Use of undefined constant pid - assumed 'pid' E:\wamp\www\yeyicms\Application\Runtime\Cache\Admin\319232a5abf2e2de24370d9c6a1bf7e2.php 第 274 行.
NOTIC: [8] Use of undefined constant id - assumed 'id' E:\wamp\www\yeyicms\Application\Runtime\Cache\Admin\319232a5abf2e2de24370d9c6a1bf7e2.php 第 321 行.
NOTIC: [8] Use of undefined constant id - assumed 'id' E:\wamp\www\yeyicms\Application\Runtime\Cache\Admin\319232a5abf2e2de24370d9c6a1bf7e2.php 第 322 行.
NOTIC: [8] Undefined index: last E:\wamp\www\yeyicms\Application\Runtime\Cache\Admin\319232a5abf2e2de24370d9c6a1bf7e2.php 第 325 行.
NOTIC: [8] Use of undefined constant id - assumed 'id' E:\wamp\www\yeyicms\Application\Runtime\Cache\Admin\319232a5abf2e2de24370d9c6a1bf7e2.php 第 321 行.
NOTIC: [8] Use of undefined constant id - assumed 'id' E:\wamp\www\yeyicms\Application\Runtime\Cache\Admin\319232a5abf2e2de24370d9c6a1bf7e2.php 第 322 行.
NOTIC: [8] Undefined index: last E:\wamp\www\yeyicms\Application\Runtime\Cache\Admin\319232a5abf2e2de24370d9c6a1bf7e2.php 第 325 行.
NOTIC: [8] Use of undefined constant id - assumed 'id' E:\wamp\www\yeyicms\Application\Runtime\Cache\Admin\319232a5abf2e2de24370d9c6a1bf7e2.php 第 321 行.
NOTIC: [8] Use of undefined constant id - assumed 'id' E:\wamp\www\yeyicms\Application\Runtime\Cache\Admin\319232a5abf2e2de24370d9c6a1bf7e2.php 第 322 行.
NOTIC: [8] Undefined index: last E:\wamp\www\yeyicms\Application\Runtime\Cache\Admin\319232a5abf2e2de24370d9c6a1bf7e2.php 第 325 行.
INFO: Run Behavior\ParseTemplateBehavior [ RunTime:0.017878s ]
INFO: [ view_parse ] --END-- [ RunTime:0.017992s ]
INFO: [ view_filter ] --START--
INFO: Run Behavior\WriteHtmlCacheBehavior [ RunTime:0.000354s ]
INFO: [ view_filter ] --END-- [ RunTime:0.000448s ]
INFO: [ app_end ] --START--
INFO: Run Behavior\ShowPageTraceBehavior [ RunTime:0.000516s ]
INFO: [ app_end ] --END-- [ RunTime:0.000634s ]

[ 2017-07-10T20:14:18+08:00 ] ::1 /yeyicms/admin.php/group/add_group
INFO: [ app_init ] --START--
INFO: Run Behavior\BuildLiteBehavior [ RunTime:0.000030s ]
INFO: [ app_init ] --END-- [ RunTime:0.000613s ]
INFO: [ app_begin ] --START--
INFO: Run Behavior\ReadHtmlCacheBehavior [ RunTime:0.000625s ]
INFO: [ app_begin ] --END-- [ RunTime:0.000759s ]
SQL: SHOW COLUMNS FROM `rt_admin` [ RunTime:0.0033s ]
SQL: SELECT * FROM `rt_admin` WHERE `id` = 1 LIMIT 1   [ RunTime:0.0003s ]
SQL: SHOW COLUMNS FROM `rt_admin_group` [ RunTime:0.0025s ]
SQL: SELECT * FROM `rt_admin_group` WHERE `id` = 2 LIMIT 1   [ RunTime:0.0002s ]
SQL: SHOW COLUMNS FROM `rt_admin_rule` [ RunTime:0.0034s ]
SQL: SELECT `id`,`pid`,`title` FROM `rt_admin_rule` WHERE `url` = 'group/add_group' LIMIT 1   [ RunTime:0.0003s ]
SQL: SELECT * FROM `rt_admin` WHERE `id` = 1 LIMIT 1   [ RunTime:0.0002s ]
SQL: SELECT * FROM `rt_admin_group` WHERE `id` = 2 LIMIT 1   [ RunTime:0.0002s ]
SQL: SELECT * FROM `rt_admin_rule` WHERE ( id in(1,2,3,4,5,6,7,8,9,10,11,12,13,14,15,16,17,18,19,20,36,22,23,24,25,35,26,27,28,29,30,33,34) and status=0 ) ORDER BY sort asc  [ RunTime:0.0004s ]
NOTIC: [8] Use of undefined constant icon - assumed 'icon' E:\wamp\www\yeyicms\Application\Admin\Controller\GlobalController.class.php 第 25 行.
SQL: SELECT * FROM `rt_admin_rule` WHERE `pid` = 0  [ RunTime:0.0003s ]
SQL: SELECT * FROM `rt_admin_rule` WHERE ( pid>0 )  [ RunTime:0.0003s ]
INFO: [ view_parse ] --START--
INFO: [ template_filter ] --START--
INFO: Run Behavior\ContentReplaceBehavior [ RunTime:0.000185s ]
INFO: [ template_filter ] --END-- [ RunTime:0.000318s ]
NOTIC: [8] Use of undefined constant userid - assumed 'userid' E:\wamp\www\yeyicms\Application\Runtime\Cache\Admin\4070263a0c557f0016afb69cac807be0.php 第 250 行.
NOTIC: [8] Use of undefined constant pid - assumed 'pid' E:\wamp\www\yeyicms\Application\Runtime\Cache\Admin\4070263a0c557f0016afb69cac807be0.php 第 274 行.
NOTIC: [8] Use of undefined constant pid - assumed 'pid' E:\wamp\www\yeyicms\Application\Runtime\Cache\Admin\4070263a0c557f0016afb69cac807be0.php 第 274 行.
NOTIC: [8] Use of undefined constant pid - assumed 'pid' E:\wamp\www\yeyicms\Application\Runtime\Cache\Admin\4070263a0c557f0016afb69cac807be0.php 第 274 行.
NOTIC: [8] Use of undefined constant pid - assumed 'pid' E:\wamp\www\yeyicms\Application\Runtime\Cache\Admin\4070263a0c557f0016afb69cac807be0.php 第 274 行.
NOTIC: [8] Use of undefined constant pid - assumed 'pid' E:\wamp\www\yeyicms\Application\Runtime\Cache\Admin\4070263a0c557f0016afb69cac807be0.php 第 274 行.
NOTIC: [8] Use of undefined constant pid - assumed 'pid' E:\wamp\www\yeyicms\Application\Runtime\Cache\Admin\4070263a0c557f0016afb69cac807be0.php 第 274 行.
NOTIC: [8] Use of undefined constant pid - assumed 'pid' E:\wamp\www\yeyicms\Application\Runtime\Cache\Admin\4070263a0c557f0016afb69cac807be0.php 第 274 行.
NOTIC: [8] Use of undefined constant pid - assumed 'pid' E:\wamp\www\yeyicms\Application\Runtime\Cache\Admin\4070263a0c557f0016afb69cac807be0.php 第 274 行.
NOTIC: [8] Use of undefined constant pid - assumed 'pid' E:\wamp\www\yeyicms\Application\Runtime\Cache\Admin\4070263a0c557f0016afb69cac807be0.php 第 274 行.
NOTIC: [8] Use of undefined constant pid - assumed 'pid' E:\wamp\www\yeyicms\Application\Runtime\Cache\Admin\4070263a0c557f0016afb69cac807be0.php 第 274 行.
NOTIC: [8] Undefined variable: info E:\wamp\www\yeyicms\Application\Runtime\Cache\Admin\4070263a0c557f0016afb69cac807be0.php 第 310 行.
NOTIC: [8] Undefined variable: info E:\wamp\www\yeyicms\Application\Runtime\Cache\Admin\4070263a0c557f0016afb69cac807be0.php 第 330 行.
INFO: Run Behavior\ParseTemplateBehavior [ RunTime:0.016240s ]
INFO: [ view_parse ] --END-- [ RunTime:0.016359s ]
INFO: [ view_filter ] --START--
INFO: Run Behavior\WriteHtmlCacheBehavior [ RunTime:0.000281s ]
INFO: [ view_filter ] --END-- [ RunTime:0.000374s ]
INFO: [ app_end ] --START--
INFO: Run Behavior\ShowPageTraceBehavior [ RunTime:0.000550s ]
INFO: [ app_end ] --END-- [ RunTime:0.000649s ]

[ 2017-07-10T20:14:19+08:00 ] ::1 /yeyicms/admin.php/group/g_list
INFO: [ app_init ] --START--
INFO: Run Behavior\BuildLiteBehavior [ RunTime:0.000029s ]
INFO: [ app_init ] --END-- [ RunTime:0.000535s ]
INFO: [ app_begin ] --START--
INFO: Run Behavior\ReadHtmlCacheBehavior [ RunTime:0.000807s ]
INFO: [ app_begin ] --END-- [ RunTime:0.000967s ]
SQL: SHOW COLUMNS FROM `rt_admin` [ RunTime:0.0037s ]
SQL: SELECT * FROM `rt_admin` WHERE `id` = 1 LIMIT 1   [ RunTime:0.0003s ]
SQL: SHOW COLUMNS FROM `rt_admin_group` [ RunTime:0.0030s ]
SQL: SELECT * FROM `rt_admin_group` WHERE `id` = 2 LIMIT 1   [ RunTime:0.0002s ]
SQL: SHOW COLUMNS FROM `rt_admin_rule` [ RunTime:0.0032s ]
SQL: SELECT `id`,`pid`,`title` FROM `rt_admin_rule` WHERE `url` = 'group/g_list' LIMIT 1   [ RunTime:0.0003s ]
SQL: SELECT * FROM `rt_admin` WHERE `id` = 1 LIMIT 1   [ RunTime:0.0002s ]
SQL: SELECT * FROM `rt_admin_group` WHERE `id` = 2 LIMIT 1   [ RunTime:0.0002s ]
SQL: SELECT * FROM `rt_admin_rule` WHERE ( id in(1,2,3,4,5,6,7,8,9,10,11,12,13,14,15,16,17,18,19,20,36,22,23,24,25,35,26,27,28,29,30,33,34) and status=0 ) ORDER BY sort asc  [ RunTime:0.0004s ]
NOTIC: [8] Use of undefined constant icon - assumed 'icon' E:\wamp\www\yeyicms\Application\Admin\Controller\GlobalController.class.php 第 25 行.
SQL: SELECT COUNT(*) AS tp_count FROM `rt_admin_group` LIMIT 1   [ RunTime:0.0002s ]
SQL: SELECT * FROM `rt_admin_group` ORDER BY id LIMIT 0,15   [ RunTime:0.0003s ]
INFO: [ view_parse ] --START--
INFO: [ template_filter ] --START--
INFO: Run Behavior\ContentReplaceBehavior [ RunTime:0.000165s ]
INFO: [ template_filter ] --END-- [ RunTime:0.000273s ]
NOTIC: [8] Use of undefined constant userid - assumed 'userid' E:\wamp\www\yeyicms\Application\Runtime\Cache\Admin\319232a5abf2e2de24370d9c6a1bf7e2.php 第 250 行.
NOTIC: [8] Use of undefined constant pid - assumed 'pid' E:\wamp\www\yeyicms\Application\Runtime\Cache\Admin\319232a5abf2e2de24370d9c6a1bf7e2.php 第 274 行.
NOTIC: [8] Use of undefined constant pid - assumed 'pid' E:\wamp\www\yeyicms\Application\Runtime\Cache\Admin\319232a5abf2e2de24370d9c6a1bf7e2.php 第 274 行.
NOTIC: [8] Use of undefined constant pid - assumed 'pid' E:\wamp\www\yeyicms\Application\Runtime\Cache\Admin\319232a5abf2e2de24370d9c6a1bf7e2.php 第 274 行.
NOTIC: [8] Use of undefined constant pid - assumed 'pid' E:\wamp\www\yeyicms\Application\Runtime\Cache\Admin\319232a5abf2e2de24370d9c6a1bf7e2.php 第 274 行.
NOTIC: [8] Use of undefined constant pid - assumed 'pid' E:\wamp\www\yeyicms\Application\Runtime\Cache\Admin\319232a5abf2e2de24370d9c6a1bf7e2.php 第 274 行.
NOTIC: [8] Use of undefined constant pid - assumed 'pid' E:\wamp\www\yeyicms\Application\Runtime\Cache\Admin\319232a5abf2e2de24370d9c6a1bf7e2.php 第 274 行.
NOTIC: [8] Use of undefined constant pid - assumed 'pid' E:\wamp\www\yeyicms\Application\Runtime\Cache\Admin\319232a5abf2e2de24370d9c6a1bf7e2.php 第 274 行.
NOTIC: [8] Use of undefined constant pid - assumed 'pid' E:\wamp\www\yeyicms\Application\Runtime\Cache\Admin\319232a5abf2e2de24370d9c6a1bf7e2.php 第 274 行.
NOTIC: [8] Use of undefined constant pid - assumed 'pid' E:\wamp\www\yeyicms\Application\Runtime\Cache\Admin\319232a5abf2e2de24370d9c6a1bf7e2.php 第 274 行.
NOTIC: [8] Use of undefined constant pid - assumed 'pid' E:\wamp\www\yeyicms\Application\Runtime\Cache\Admin\319232a5abf2e2de24370d9c6a1bf7e2.php 第 274 行.
NOTIC: [8] Use of undefined constant id - assumed 'id' E:\wamp\www\yeyicms\Application\Runtime\Cache\Admin\319232a5abf2e2de24370d9c6a1bf7e2.php 第 321 行.
NOTIC: [8] Use of undefined constant id - assumed 'id' E:\wamp\www\yeyicms\Application\Runtime\Cache\Admin\319232a5abf2e2de24370d9c6a1bf7e2.php 第 322 行.
NOTIC: [8] Undefined index: last E:\wamp\www\yeyicms\Application\Runtime\Cache\Admin\319232a5abf2e2de24370d9c6a1bf7e2.php 第 325 行.
NOTIC: [8] Use of undefined constant id - assumed 'id' E:\wamp\www\yeyicms\Application\Runtime\Cache\Admin\319232a5abf2e2de24370d9c6a1bf7e2.php 第 321 行.
NOTIC: [8] Use of undefined constant id - assumed 'id' E:\wamp\www\yeyicms\Application\Runtime\Cache\Admin\319232a5abf2e2de24370d9c6a1bf7e2.php 第 322 行.
NOTIC: [8] Undefined index: last E:\wamp\www\yeyicms\Application\Runtime\Cache\Admin\319232a5abf2e2de24370d9c6a1bf7e2.php 第 325 行.
NOTIC: [8] Use of undefined constant id - assumed 'id' E:\wamp\www\yeyicms\Application\Runtime\Cache\Admin\319232a5abf2e2de24370d9c6a1bf7e2.php 第 321 行.
NOTIC: [8] Use of undefined constant id - assumed 'id' E:\wamp\www\yeyicms\Application\Runtime\Cache\Admin\319232a5abf2e2de24370d9c6a1bf7e2.php 第 322 行.
NOTIC: [8] Undefined index: last E:\wamp\www\yeyicms\Application\Runtime\Cache\Admin\319232a5abf2e2de24370d9c6a1bf7e2.php 第 325 行.
INFO: Run Behavior\ParseTemplateBehavior [ RunTime:0.017249s ]
INFO: [ view_parse ] --END-- [ RunTime:0.017350s ]
INFO: [ view_filter ] --START--
INFO: Run Behavior\WriteHtmlCacheBehavior [ RunTime:0.000439s ]
INFO: [ view_filter ] --END-- [ RunTime:0.000533s ]
INFO: [ app_end ] --START--
INFO: Run Behavior\ShowPageTraceBehavior [ RunTime:0.000843s ]
INFO: [ app_end ] --END-- [ RunTime:0.000948s ]

[ 2017-07-10T20:14:21+08:00 ] ::1 /yeyicms/admin.php/group/edit_group/id/1.html
INFO: [ app_init ] --START--
INFO: Run Behavior\BuildLiteBehavior [ RunTime:0.000029s ]
INFO: [ app_init ] --END-- [ RunTime:0.000615s ]
INFO: [ app_begin ] --START--
INFO: Run Behavior\ReadHtmlCacheBehavior [ RunTime:0.000564s ]
INFO: [ app_begin ] --END-- [ RunTime:0.000698s ]
SQL: SHOW COLUMNS FROM `rt_admin` [ RunTime:0.0045s ]
SQL: SELECT * FROM `rt_admin` WHERE `id` = 1 LIMIT 1   [ RunTime:0.0003s ]
SQL: SHOW COLUMNS FROM `rt_admin_group` [ RunTime:0.0027s ]
SQL: SELECT * FROM `rt_admin_group` WHERE `id` = 2 LIMIT 1   [ RunTime:0.0002s ]
SQL: SHOW COLUMNS FROM `rt_admin_rule` [ RunTime:0.0028s ]
SQL: SELECT `id`,`pid`,`title` FROM `rt_admin_rule` WHERE `url` = 'group/edit_group' LIMIT 1   [ RunTime:0.0004s ]
SQL: SELECT * FROM `rt_admin` WHERE `id` = 1 LIMIT 1   [ RunTime:0.0003s ]
SQL: SELECT * FROM `rt_admin_group` WHERE `id` = 2 LIMIT 1   [ RunTime:0.0002s ]
SQL: SELECT * FROM `rt_admin_rule` WHERE ( id in(1,2,3,4,5,6,7,8,9,10,11,12,13,14,15,16,17,18,19,20,36,22,23,24,25,35,26,27,28,29,30,33,34) and status=0 ) ORDER BY sort asc  [ RunTime:0.0003s ]
NOTIC: [8] Use of undefined constant icon - assumed 'icon' E:\wamp\www\yeyicms\Application\Admin\Controller\GlobalController.class.php 第 25 行.
NOTIC: [8] Use of undefined constant intval - assumed 'intval' E:\wamp\www\yeyicms\Application\Admin\Controller\GroupController.class.php 第 65 行.
SQL: SELECT * FROM `rt_admin_rule`  [ RunTime:0.0003s ]
SQL: SELECT * FROM `rt_admin_group` WHERE `id` = 1 LIMIT 1   [ RunTime:0.0002s ]
INFO: [ view_parse ] --START--
INFO: [ template_filter ] --START--
INFO: Run Behavior\ContentReplaceBehavior [ RunTime:0.000154s ]
INFO: [ template_filter ] --END-- [ RunTime:0.000271s ]
NOTIC: [8] Use of undefined constant userid - assumed 'userid' E:\wamp\www\yeyicms\Application\Runtime\Cache\Admin\4372fc4598c346ac2e707a5f9d191e3d.php 第 250 行.
NOTIC: [8] Use of undefined constant pid - assumed 'pid' E:\wamp\www\yeyicms\Application\Runtime\Cache\Admin\4372fc4598c346ac2e707a5f9d191e3d.php 第 274 行.
NOTIC: [8] Use of undefined constant pid - assumed 'pid' E:\wamp\www\yeyicms\Application\Runtime\Cache\Admin\4372fc4598c346ac2e707a5f9d191e3d.php 第 274 行.
NOTIC: [8] Use of undefined constant pid - assumed 'pid' E:\wamp\www\yeyicms\Application\Runtime\Cache\Admin\4372fc4598c346ac2e707a5f9d191e3d.php 第 274 行.
NOTIC: [8] Use of undefined constant pid - assumed 'pid' E:\wamp\www\yeyicms\Application\Runtime\Cache\Admin\4372fc4598c346ac2e707a5f9d191e3d.php 第 274 行.
NOTIC: [8] Use of undefined constant pid - assumed 'pid' E:\wamp\www\yeyicms\Application\Runtime\Cache\Admin\4372fc4598c346ac2e707a5f9d191e3d.php 第 274 行.
NOTIC: [8] Use of undefined constant pid - assumed 'pid' E:\wamp\www\yeyicms\Application\Runtime\Cache\Admin\4372fc4598c346ac2e707a5f9d191e3d.php 第 274 行.
NOTIC: [8] Use of undefined constant pid - assumed 'pid' E:\wamp\www\yeyicms\Application\Runtime\Cache\Admin\4372fc4598c346ac2e707a5f9d191e3d.php 第 274 行.
NOTIC: [8] Use of undefined constant pid - assumed 'pid' E:\wamp\www\yeyicms\Application\Runtime\Cache\Admin\4372fc4598c346ac2e707a5f9d191e3d.php 第 274 行.
NOTIC: [8] Use of undefined constant pid - assumed 'pid' E:\wamp\www\yeyicms\Application\Runtime\Cache\Admin\4372fc4598c346ac2e707a5f9d191e3d.php 第 274 行.
NOTIC: [8] Use of undefined constant pid - assumed 'pid' E:\wamp\www\yeyicms\Application\Runtime\Cache\Admin\4372fc4598c346ac2e707a5f9d191e3d.php 第 274 行.
NOTIC: [8] Undefined variable: c_all E:\wamp\www\yeyicms\Application\Runtime\Cache\Admin\4372fc4598c346ac2e707a5f9d191e3d.php 第 317 行.
INFO: Run Behavior\ParseTemplateBehavior [ RunTime:0.016845s ]
INFO: [ view_parse ] --END-- [ RunTime:0.017015s ]
INFO: [ view_filter ] --START--
INFO: Run Behavior\WriteHtmlCacheBehavior [ RunTime:0.000603s ]
INFO: [ view_filter ] --END-- [ RunTime:0.000721s ]
INFO: [ app_end ] --START--
INFO: Run Behavior\ShowPageTraceBehavior [ RunTime:0.000619s ]
INFO: [ app_end ] --END-- [ RunTime:0.000734s ]

[ 2017-07-10T20:14:24+08:00 ] ::1 /yeyicms/admin.php/menu/m_list
INFO: [ app_init ] --START--
INFO: Run Behavior\BuildLiteBehavior [ RunTime:0.000023s ]
INFO: [ app_init ] --END-- [ RunTime:0.000419s ]
INFO: [ app_begin ] --START--
INFO: Run Behavior\ReadHtmlCacheBehavior [ RunTime:0.000419s ]
INFO: [ app_begin ] --END-- [ RunTime:0.000521s ]
SQL: SHOW COLUMNS FROM `rt_admin` [ RunTime:0.0040s ]
SQL: SELECT * FROM `rt_admin` WHERE `id` = 1 LIMIT 1   [ RunTime:0.0003s ]
SQL: SHOW COLUMNS FROM `rt_admin_group` [ RunTime:0.0029s ]
SQL: SELECT * FROM `rt_admin_group` WHERE `id` = 2 LIMIT 1   [ RunTime:0.0003s ]
SQL: SHOW COLUMNS FROM `rt_admin_rule` [ RunTime:0.0033s ]
SQL: SELECT `id`,`pid`,`title` FROM `rt_admin_rule` WHERE `url` = 'menu/m_list' LIMIT 1   [ RunTime:0.0003s ]
SQL: SELECT * FROM `rt_admin` WHERE `id` = 1 LIMIT 1   [ RunTime:0.0003s ]
SQL: SELECT * FROM `rt_admin_group` WHERE `id` = 2 LIMIT 1   [ RunTime:0.0003s ]
SQL: SELECT * FROM `rt_admin_rule` WHERE ( id in(1,2,3,4,5,6,7,8,9,10,11,12,13,14,15,16,17,18,19,20,36,22,23,24,25,35,26,27,28,29,30,33,34) and status=0 ) ORDER BY sort asc  [ RunTime:0.0004s ]
NOTIC: [8] Use of undefined constant icon - assumed 'icon' E:\wamp\www\yeyicms\Application\Admin\Controller\GlobalController.class.php 第 25 行.
SQL: SELECT COUNT(*) AS tp_count FROM `rt_admin_rule` LIMIT 1   [ RunTime:0.0003s ]
SQL: SELECT * FROM `rt_admin_rule` ORDER BY id LIMIT 0,15   [ RunTime:0.0003s ]
INFO: [ view_parse ] --START--
INFO: [ template_filter ] --START--
INFO: Run Behavior\ContentReplaceBehavior [ RunTime:0.000162s ]
INFO: [ template_filter ] --END-- [ RunTime:0.000271s ]
NOTIC: [8] Use of undefined constant userid - assumed 'userid' E:\wamp\www\yeyicms\Application\Runtime\Cache\Admin\f561a1e29d1c7da26a19b67d3d28fe8a.php 第 250 行.
NOTIC: [8] Use of undefined constant pid - assumed 'pid' E:\wamp\www\yeyicms\Application\Runtime\Cache\Admin\f561a1e29d1c7da26a19b67d3d28fe8a.php 第 274 行.
NOTIC: [8] Use of undefined constant pid - assumed 'pid' E:\wamp\www\yeyicms\Application\Runtime\Cache\Admin\f561a1e29d1c7da26a19b67d3d28fe8a.php 第 274 行.
NOTIC: [8] Use of undefined constant pid - assumed 'pid' E:\wamp\www\yeyicms\Application\Runtime\Cache\Admin\f561a1e29d1c7da26a19b67d3d28fe8a.php 第 274 行.
NOTIC: [8] Use of undefined constant pid - assumed 'pid' E:\wamp\www\yeyicms\Application\Runtime\Cache\Admin\f561a1e29d1c7da26a19b67d3d28fe8a.php 第 274 行.
NOTIC: [8] Use of undefined constant pid - assumed 'pid' E:\wamp\www\yeyicms\Application\Runtime\Cache\Admin\f561a1e29d1c7da26a19b67d3d28fe8a.php 第 274 行.
NOTIC: [8] Use of undefined constant pid - assumed 'pid' E:\wamp\www\yeyicms\Application\Runtime\Cache\Admin\f561a1e29d1c7da26a19b67d3d28fe8a.php 第 274 行.
NOTIC: [8] Use of undefined constant pid - assumed 'pid' E:\wamp\www\yeyicms\Application\Runtime\Cache\Admin\f561a1e29d1c7da26a19b67d3d28fe8a.php 第 274 行.
NOTIC: [8] Use of undefined constant pid - assumed 'pid' E:\wamp\www\yeyicms\Application\Runtime\Cache\Admin\f561a1e29d1c7da26a19b67d3d28fe8a.php 第 274 行.
NOTIC: [8] Use of undefined constant pid - assumed 'pid' E:\wamp\www\yeyicms\Application\Runtime\Cache\Admin\f561a1e29d1c7da26a19b67d3d28fe8a.php 第 274 行.
NOTIC: [8] Use of undefined constant pid - assumed 'pid' E:\wamp\www\yeyicms\Application\Runtime\Cache\Admin\f561a1e29d1c7da26a19b67d3d28fe8a.php 第 274 行.
NOTIC: [8] Use of undefined constant status - assumed 'status' E:\wamp\www\yeyicms\Application\Runtime\Cache\Admin\f561a1e29d1c7da26a19b67d3d28fe8a.php 第 327 行.
NOTIC: [8] Use of undefined constant id - assumed 'id' E:\wamp\www\yeyicms\Application\Runtime\Cache\Admin\f561a1e29d1c7da26a19b67d3d28fe8a.php 第 329 行.
NOTIC: [8] Use of undefined constant id - assumed 'id' E:\wamp\www\yeyicms\Application\Runtime\Cache\Admin\f561a1e29d1c7da26a19b67d3d28fe8a.php 第 330 行.
NOTIC: [8] Undefined index: last E:\wamp\www\yeyicms\Application\Runtime\Cache\Admin\f561a1e29d1c7da26a19b67d3d28fe8a.php 第 333 行.
NOTIC: [8] Use of undefined constant status - assumed 'status' E:\wamp\www\yeyicms\Application\Runtime\Cache\Admin\f561a1e29d1c7da26a19b67d3d28fe8a.php 第 327 行.
NOTIC: [8] Use of undefined constant id - assumed 'id' E:\wamp\www\yeyicms\Application\Runtime\Cache\Admin\f561a1e29d1c7da26a19b67d3d28fe8a.php 第 329 行.
NOTIC: [8] Use of undefined constant id - assumed 'id' E:\wamp\www\yeyicms\Application\Runtime\Cache\Admin\f561a1e29d1c7da26a19b67d3d28fe8a.php 第 330 行.
NOTIC: [8] Undefined index: last E:\wamp\www\yeyicms\Application\Runtime\Cache\Admin\f561a1e29d1c7da26a19b67d3d28fe8a.php 第 333 行.
NOTIC: [8] Use of undefined constant status - assumed 'status' E:\wamp\www\yeyicms\Application\Runtime\Cache\Admin\f561a1e29d1c7da26a19b67d3d28fe8a.php 第 327 行.
NOTIC: [8] Use of undefined constant id - assumed 'id' E:\wamp\www\yeyicms\Application\Runtime\Cache\Admin\f561a1e29d1c7da26a19b67d3d28fe8a.php 第 329 行.
NOTIC: [8] Use of undefined constant id - assumed 'id' E:\wamp\www\yeyicms\Application\Runtime\Cache\Admin\f561a1e29d1c7da26a19b67d3d28fe8a.php 第 330 行.
NOTIC: [8] Undefined index: last E:\wamp\www\yeyicms\Application\Runtime\Cache\Admin\f561a1e29d1c7da26a19b67d3d28fe8a.php 第 333 行.
NOTIC: [8] Use of undefined constant status - assumed 'status' E:\wamp\www\yeyicms\Application\Runtime\Cache\Admin\f561a1e29d1c7da26a19b67d3d28fe8a.php 第 327 行.
NOTIC: [8] Use of undefined constant id - assumed 'id' E:\wamp\www\yeyicms\Application\Runtime\Cache\Admin\f561a1e29d1c7da26a19b67d3d28fe8a.php 第 329 行.
NOTIC: [8] Use of undefined constant id - assumed 'id' E:\wamp\www\yeyicms\Application\Runtime\Cache\Admin\f561a1e29d1c7da26a19b67d3d28fe8a.php 第 330 行.
NOTIC: [8] Undefined index: last E:\wamp\www\yeyicms\Application\Runtime\Cache\Admin\f561a1e29d1c7da26a19b67d3d28fe8a.php 第 333 行.
NOTIC: [8] Use of undefined constant status - assumed 'status' E:\wamp\www\yeyicms\Application\Runtime\Cache\Admin\f561a1e29d1c7da26a19b67d3d28fe8a.php 第 327 行.
NOTIC: [8] Use of undefined constant id - assumed 'id' E:\wamp\www\yeyicms\Application\Runtime\Cache\Admin\f561a1e29d1c7da26a19b67d3d28fe8a.php 第 329 行.
NOTIC: [8] Use of undefined constant id - assumed 'id' E:\wamp\www\yeyicms\Application\Runtime\Cache\Admin\f561a1e29d1c7da26a19b67d3d28fe8a.php 第 330 行.
NOTIC: [8] Undefined index: last E:\wamp\www\yeyicms\Application\Runtime\Cache\Admin\f561a1e29d1c7da26a19b67d3d28fe8a.php 第 333 行.
NOTIC: [8] Use of undefined constant status - assumed 'status' E:\wamp\www\yeyicms\Application\Runtime\Cache\Admin\f561a1e29d1c7da26a19b67d3d28fe8a.php 第 327 行.
NOTIC: [8] Use of undefined constant id - assumed 'id' E:\wamp\www\yeyicms\Application\Runtime\Cache\Admin\f561a1e29d1c7da26a19b67d3d28fe8a.php 第 329 行.
NOTIC: [8] Use of undefined constant id - assumed 'id' E:\wamp\www\yeyicms\Application\Runtime\Cache\Admin\f561a1e29d1c7da26a19b67d3d28fe8a.php 第 330 行.
NOTIC: [8] Undefined index: last E:\wamp\www\yeyicms\Application\Runtime\Cache\Admin\f561a1e29d1c7da26a19b67d3d28fe8a.php 第 333 行.
NOTIC: [8] Use of undefined constant status - assumed 'status' E:\wamp\www\yeyicms\Application\Runtime\Cache\Admin\f561a1e29d1c7da26a19b67d3d28fe8a.php 第 327 行.
NOTIC: [8] Use of undefined constant id - assumed 'id' E:\wamp\www\yeyicms\Application\Runtime\Cache\Admin\f561a1e29d1c7da26a19b67d3d28fe8a.php 第 329 行.
NOTIC: [8] Use of undefined constant id - assumed 'id' E:\wamp\www\yeyicms\Application\Runtime\Cache\Admin\f561a1e29d1c7da26a19b67d3d28fe8a.php 第 330 行.
NOTIC: [8] Undefined index: last E:\wamp\www\yeyicms\Application\Runtime\Cache\Admin\f561a1e29d1c7da26a19b67d3d28fe8a.php 第 333 行.
NOTIC: [8] Use of undefined constant status - assumed 'status' E:\wamp\www\yeyicms\Application\Runtime\Cache\Admin\f561a1e29d1c7da26a19b67d3d28fe8a.php 第 327 行.
NOTIC: [8] Use of undefined constant id - assumed 'id' E:\wamp\www\yeyicms\Application\Runtime\Cache\Admin\f561a1e29d1c7da26a19b67d3d28fe8a.php 第 329 行.
NOTIC: [8] Use of undefined constant id - assumed 'id' E:\wamp\www\yeyicms\Application\Runtime\Cache\Admin\f561a1e29d1c7da26a19b67d3d28fe8a.php 第 330 行.
NOTIC: [8] Undefined index: last E:\wamp\www\yeyicms\Application\Runtime\Cache\Admin\f561a1e29d1c7da26a19b67d3d28fe8a.php 第 333 行.
NOTIC: [8] Use of undefined constant status - assumed 'status' E:\wamp\www\yeyicms\Application\Runtime\Cache\Admin\f561a1e29d1c7da26a19b67d3d28fe8a.php 第 327 行.
NOTIC: [8] Use of undefined constant id - assumed 'id' E:\wamp\www\yeyicms\Application\Runtime\Cache\Admin\f561a1e29d1c7da26a19b67d3d28fe8a.php 第 329 行.
NOTIC: [8] Use of undefined constant id - assumed 'id' E:\wamp\www\yeyicms\Application\Runtime\Cache\Admin\f561a1e29d1c7da26a19b67d3d28fe8a.php 第 330 行.
NOTIC: [8] Undefined index: last E:\wamp\www\yeyicms\Application\Runtime\Cache\Admin\f561a1e29d1c7da26a19b67d3d28fe8a.php 第 333 行.
NOTIC: [8] Use of undefined constant status - assumed 'status' E:\wamp\www\yeyicms\Application\Runtime\Cache\Admin\f561a1e29d1c7da26a19b67d3d28fe8a.php 第 327 行.
NOTIC: [8] Use of undefined constant id - assumed 'id' E:\wamp\www\yeyicms\Application\Runtime\Cache\Admin\f561a1e29d1c7da26a19b67d3d28fe8a.php 第 329 行.
NOTIC: [8] Use of undefined constant id - assumed 'id' E:\wamp\www\yeyicms\Application\Runtime\Cache\Admin\f561a1e29d1c7da26a19b67d3d28fe8a.php 第 330 行.
NOTIC: [8] Undefined index: last E:\wamp\www\yeyicms\Application\Runtime\Cache\Admin\f561a1e29d1c7da26a19b67d3d28fe8a.php 第 333 行.
NOTIC: [8] Use of undefined constant status - assumed 'status' E:\wamp\www\yeyicms\Application\Runtime\Cache\Admin\f561a1e29d1c7da26a19b67d3d28fe8a.php 第 327 行.
NOTIC: [8] Use of undefined constant id - assumed 'id' E:\wamp\www\yeyicms\Application\Runtime\Cache\Admin\f561a1e29d1c7da26a19b67d3d28fe8a.php 第 329 行.
NOTIC: [8] Use of undefined constant id - assumed 'id' E:\wamp\www\yeyicms\Application\Runtime\Cache\Admin\f561a1e29d1c7da26a19b67d3d28fe8a.php 第 330 行.
NOTIC: [8] Undefined index: last E:\wamp\www\yeyicms\Application\Runtime\Cache\Admin\f561a1e29d1c7da26a19b67d3d28fe8a.php 第 333 行.
NOTIC: [8] Use of undefined constant status - assumed 'status' E:\wamp\www\yeyicms\Application\Runtime\Cache\Admin\f561a1e29d1c7da26a19b67d3d28fe8a.php 第 327 行.
NOTIC: [8] Use of undefined constant id - assumed 'id' E:\wamp\www\yeyicms\Application\Runtime\Cache\Admin\f561a1e29d1c7da26a19b67d3d28fe8a.php 第 329 行.
NOTIC: [8] Use of undefined constant id - assumed 'id' E:\wamp\www\yeyicms\Application\Runtime\Cache\Admin\f561a1e29d1c7da26a19b67d3d28fe8a.php 第 330 行.
NOTIC: [8] Undefined index: last E:\wamp\www\yeyicms\Application\Runtime\Cache\Admin\f561a1e29d1c7da26a19b67d3d28fe8a.php 第 333 行.
NOTIC: [8] Use of undefined constant status - assumed 'status' E:\wamp\www\yeyicms\Application\Runtime\Cache\Admin\f561a1e29d1c7da26a19b67d3d28fe8a.php 第 327 行.
NOTIC: [8] Use of undefined constant id - assumed 'id' E:\wamp\www\yeyicms\Application\Runtime\Cache\Admin\f561a1e29d1c7da26a19b67d3d28fe8a.php 第 329 行.
NOTIC: [8] Use of undefined constant id - assumed 'id' E:\wamp\www\yeyicms\Application\Runtime\Cache\Admin\f561a1e29d1c7da26a19b67d3d28fe8a.php 第 330 行.
NOTIC: [8] Undefined index: last E:\wamp\www\yeyicms\Application\Runtime\Cache\Admin\f561a1e29d1c7da26a19b67d3d28fe8a.php 第 333 行.
NOTIC: [8] Use of undefined constant status - assumed 'status' E:\wamp\www\yeyicms\Application\Runtime\Cache\Admin\f561a1e29d1c7da26a19b67d3d28fe8a.php 第 327 行.
NOTIC: [8] Use of undefined constant id - assumed 'id' E:\wamp\www\yeyicms\Application\Runtime\Cache\Admin\f561a1e29d1c7da26a19b67d3d28fe8a.php 第 329 行.
NOTIC: [8] Use of undefined constant id - assumed 'id' E:\wamp\www\yeyicms\Application\Runtime\Cache\Admin\f561a1e29d1c7da26a19b67d3d28fe8a.php 第 330 行.
NOTIC: [8] Undefined index: last E:\wamp\www\yeyicms\Application\Runtime\Cache\Admin\f561a1e29d1c7da26a19b67d3d28fe8a.php 第 333 行.
NOTIC: [8] Use of undefined constant status - assumed 'status' E:\wamp\www\yeyicms\Application\Runtime\Cache\Admin\f561a1e29d1c7da26a19b67d3d28fe8a.php 第 327 行.
NOTIC: [8] Use of undefined constant id - assumed 'id' E:\wamp\www\yeyicms\Application\Runtime\Cache\Admin\f561a1e29d1c7da26a19b67d3d28fe8a.php 第 329 行.
NOTIC: [8] Use of undefined constant id - assumed 'id' E:\wamp\www\yeyicms\Application\Runtime\Cache\Admin\f561a1e29d1c7da26a19b67d3d28fe8a.php 第 330 行.
NOTIC: [8] Undefined index: last E:\wamp\www\yeyicms\Application\Runtime\Cache\Admin\f561a1e29d1c7da26a19b67d3d28fe8a.php 第 333 行.
INFO: Run Behavior\ParseTemplateBehavior [ RunTime:0.023547s ]
INFO: [ view_parse ] --END-- [ RunTime:0.023654s ]
INFO: [ view_filter ] --START--
INFO: Run Behavior\WriteHtmlCacheBehavior [ RunTime:0.000315s ]
INFO: [ view_filter ] --END-- [ RunTime:0.000404s ]
INFO: [ app_end ] --START--
INFO: Run Behavior\ShowPageTraceBehavior [ RunTime:0.000656s ]
INFO: [ app_end ] --END-- [ RunTime:0.000765s ]

[ 2017-07-10T20:14:25+08:00 ] ::1 /yeyicms/admin.php/menu/m_edit/id/1.html
INFO: [ app_init ] --START--
INFO: Run Behavior\BuildLiteBehavior [ RunTime:0.000030s ]
INFO: [ app_init ] --END-- [ RunTime:0.000573s ]
INFO: [ app_begin ] --START--
INFO: Run Behavior\ReadHtmlCacheBehavior [ RunTime:0.000524s ]
INFO: [ app_begin ] --END-- [ RunTime:0.000658s ]
SQL: SHOW COLUMNS FROM `rt_admin` [ RunTime:0.0037s ]
SQL: SELECT * FROM `rt_admin` WHERE `id` = 1 LIMIT 1   [ RunTime:0.0004s ]
SQL: SHOW COLUMNS FROM `rt_admin_group` [ RunTime:0.0034s ]
SQL: SELECT * FROM `rt_admin_group` WHERE `id` = 2 LIMIT 1   [ RunTime:0.0002s ]
SQL: SHOW COLUMNS FROM `rt_admin_rule` [ RunTime:0.0028s ]
SQL: SELECT `id`,`pid`,`title` FROM `rt_admin_rule` WHERE `url` = 'menu/m_edit' LIMIT 1   [ RunTime:0.0003s ]
SQL: SELECT * FROM `rt_admin` WHERE `id` = 1 LIMIT 1   [ RunTime:0.0002s ]
SQL: SELECT * FROM `rt_admin_group` WHERE `id` = 2 LIMIT 1   [ RunTime:0.0002s ]
SQL: SELECT * FROM `rt_admin_rule` WHERE ( id in(1,2,3,4,5,6,7,8,9,10,11,12,13,14,15,16,17,18,19,20,36,22,23,24,25,35,26,27,28,29,30,33,34) and status=0 ) ORDER BY sort asc  [ RunTime:0.0003s ]
NOTIC: [8] Use of undefined constant icon - assumed 'icon' E:\wamp\www\yeyicms\Application\Admin\Controller\GlobalController.class.php 第 25 行.
NOTIC: [8] Use of undefined constant intval - assumed 'intval' E:\wamp\www\yeyicms\Application\Admin\Controller\MenuController.class.php 第 92 行.
SQL: SELECT * FROM `rt_admin_rule`  [ RunTime:0.0004s ]
SQL: SELECT * FROM `rt_admin_rule` WHERE `id` = 1 LIMIT 1   [ RunTime:0.0003s ]
INFO: [ view_parse ] --START--
INFO: [ template_filter ] --START--
INFO: Run Behavior\ContentReplaceBehavior [ RunTime:0.000167s ]
INFO: [ template_filter ] --END-- [ RunTime:0.000274s ]
NOTIC: [8] Use of undefined constant userid - assumed 'userid' E:\wamp\www\yeyicms\Application\Runtime\Cache\Admin\9997c7ad0ff538026303e184b4567d27.php 第 250 行.
NOTIC: [8] Use of undefined constant pid - assumed 'pid' E:\wamp\www\yeyicms\Application\Runtime\Cache\Admin\9997c7ad0ff538026303e184b4567d27.php 第 274 行.
NOTIC: [8] Use of undefined constant pid - assumed 'pid' E:\wamp\www\yeyicms\Application\Runtime\Cache\Admin\9997c7ad0ff538026303e184b4567d27.php 第 274 行.
NOTIC: [8] Use of undefined constant pid - assumed 'pid' E:\wamp\www\yeyicms\Application\Runtime\Cache\Admin\9997c7ad0ff538026303e184b4567d27.php 第 274 行.
NOTIC: [8] Use of undefined constant pid - assumed 'pid' E:\wamp\www\yeyicms\Application\Runtime\Cache\Admin\9997c7ad0ff538026303e184b4567d27.php 第 274 行.
NOTIC: [8] Use of undefined constant pid - assumed 'pid' E:\wamp\www\yeyicms\Application\Runtime\Cache\Admin\9997c7ad0ff538026303e184b4567d27.php 第 274 行.
NOTIC: [8] Use of undefined constant pid - assumed 'pid' E:\wamp\www\yeyicms\Application\Runtime\Cache\Admin\9997c7ad0ff538026303e184b4567d27.php 第 274 行.
NOTIC: [8] Use of undefined constant pid - assumed 'pid' E:\wamp\www\yeyicms\Application\Runtime\Cache\Admin\9997c7ad0ff538026303e184b4567d27.php 第 274 行.
NOTIC: [8] Use of undefined constant pid - assumed 'pid' E:\wamp\www\yeyicms\Application\Runtime\Cache\Admin\9997c7ad0ff538026303e184b4567d27.php 第 274 行.
NOTIC: [8] Use of undefined constant pid - assumed 'pid' E:\wamp\www\yeyicms\Application\Runtime\Cache\Admin\9997c7ad0ff538026303e184b4567d27.php 第 274 行.
NOTIC: [8] Use of undefined constant pid - assumed 'pid' E:\wamp\www\yeyicms\Application\Runtime\Cache\Admin\9997c7ad0ff538026303e184b4567d27.php 第 274 行.
NOTIC: [8] Use of undefined constant pid - assumed 'pid' E:\wamp\www\yeyicms\Application\Runtime\Cache\Admin\9997c7ad0ff538026303e184b4567d27.php 第 321 行.
NOTIC: [8] Use of undefined constant pid - assumed 'pid' E:\wamp\www\yeyicms\Application\Runtime\Cache\Admin\9997c7ad0ff538026303e184b4567d27.php 第 322 行.
NOTIC: [8] Use of undefined constant id - assumed 'id' E:\wamp\www\yeyicms\Application\Runtime\Cache\Admin\9997c7ad0ff538026303e184b4567d27.php 第 322 行.
NOTIC: [8] Use of undefined constant pid - assumed 'pid' E:\wamp\www\yeyicms\Application\Runtime\Cache\Admin\9997c7ad0ff538026303e184b4567d27.php 第 323 行.
NOTIC: [8] Use of undefined constant id - assumed 'id' E:\wamp\www\yeyicms\Application\Runtime\Cache\Admin\9997c7ad0ff538026303e184b4567d27.php 第 323 行.
NOTIC: [8] Use of undefined constant pid - assumed 'pid' E:\wamp\www\yeyicms\Application\Runtime\Cache\Admin\9997c7ad0ff538026303e184b4567d27.php 第 323 行.
NOTIC: [8] Use of undefined constant id - assumed 'id' E:\wamp\www\yeyicms\Application\Runtime\Cache\Admin\9997c7ad0ff538026303e184b4567d27.php 第 323 行.
NOTIC: [8] Use of undefined constant pid - assumed 'pid' E:\wamp\www\yeyicms\Application\Runtime\Cache\Admin\9997c7ad0ff538026303e184b4567d27.php 第 323 行.
NOTIC: [8] Use of undefined constant id - assumed 'id' E:\wamp\www\yeyicms\Application\Runtime\Cache\Admin\9997c7ad0ff538026303e184b4567d27.php 第 323 行.
NOTIC: [8] Use of undefined constant pid - assumed 'pid' E:\wamp\www\yeyicms\Application\Runtime\Cache\Admin\9997c7ad0ff538026303e184b4567d27.php 第 322 行.
NOTIC: [8] Use of undefined constant id - assumed 'id' E:\wamp\www\yeyicms\Application\Runtime\Cache\Admin\9997c7ad0ff538026303e184b4567d27.php 第 322 行.
NOTIC: [8] Use of undefined constant pid - assumed 'pid' E:\wamp\www\yeyicms\Application\Runtime\Cache\Admin\9997c7ad0ff538026303e184b4567d27.php 第 323 行.
NOTIC: [8] Use of undefined constant id - assumed 'id' E:\wamp\www\yeyicms\Application\Runtime\Cache\Admin\9997c7ad0ff538026303e184b4567d27.php 第 323 行.
NOTIC: [8] Use of undefined constant pid - assumed 'pid' E:\wamp\www\yeyicms\Application\Runtime\Cache\Admin\9997c7ad0ff538026303e184b4567d27.php 第 323 行.
NOTIC: [8] Use of undefined constant id - assumed 'id' E:\wamp\www\yeyicms\Application\Runtime\Cache\Admin\9997c7ad0ff538026303e184b4567d27.php 第 323 行.
NOTIC: [8] Use of undefined constant pid - assumed 'pid' E:\wamp\www\yeyicms\Application\Runtime\Cache\Admin\9997c7ad0ff538026303e184b4567d27.php 第 323 行.
NOTIC: [8] Use of undefined constant id - assumed 'id' E:\wamp\www\yeyicms\Application\Runtime\Cache\Admin\9997c7ad0ff538026303e184b4567d27.php 第 323 行.
NOTIC: [8] Use of undefined constant pid - assumed 'pid' E:\wamp\www\yeyicms\Application\Runtime\Cache\Admin\9997c7ad0ff538026303e184b4567d27.php 第 322 行.
NOTIC: [8] Use of undefined constant id - assumed 'id' E:\wamp\www\yeyicms\Application\Runtime\Cache\Admin\9997c7ad0ff538026303e184b4567d27.php 第 322 行.
NOTIC: [8] Use of undefined constant pid - assumed 'pid' E:\wamp\www\yeyicms\Application\Runtime\Cache\Admin\9997c7ad0ff538026303e184b4567d27.php 第 323 行.
NOTIC: [8] Use of undefined constant id - assumed 'id' E:\wamp\www\yeyicms\Application\Runtime\Cache\Admin\9997c7ad0ff538026303e184b4567d27.php 第 323 行.
NOTIC: [8] Use of undefined constant pid - assumed 'pid' E:\wamp\www\yeyicms\Application\Runtime\Cache\Admin\9997c7ad0ff538026303e184b4567d27.php 第 323 行.
NOTIC: [8] Use of undefined constant id - assumed 'id' E:\wamp\www\yeyicms\Application\Runtime\Cache\Admin\9997c7ad0ff538026303e184b4567d27.php 第 323 行.
NOTIC: [8] Use of undefined constant pid - assumed 'pid' E:\wamp\www\yeyicms\Application\Runtime\Cache\Admin\9997c7ad0ff538026303e184b4567d27.php 第 323 行.
NOTIC: [8] Use of undefined constant id - assumed 'id' E:\wamp\www\yeyicms\Application\Runtime\Cache\Admin\9997c7ad0ff538026303e184b4567d27.php 第 323 行.
NOTIC: [8] Use of undefined constant pid - assumed 'pid' E:\wamp\www\yeyicms\Application\Runtime\Cache\Admin\9997c7ad0ff538026303e184b4567d27.php 第 322 行.
NOTIC: [8] Use of undefined constant id - assumed 'id' E:\wamp\www\yeyicms\Application\Runtime\Cache\Admin\9997c7ad0ff538026303e184b4567d27.php 第 322 行.
NOTIC: [8] Use of undefined constant pid - assumed 'pid' E:\wamp\www\yeyicms\Application\Runtime\Cache\Admin\9997c7ad0ff538026303e184b4567d27.php 第 323 行.
NOTIC: [8] Use of undefined constant id - assumed 'id' E:\wamp\www\yeyicms\Application\Runtime\Cache\Admin\9997c7ad0ff538026303e184b4567d27.php 第 323 行.
NOTIC: [8] Use of undefined constant pid - assumed 'pid' E:\wamp\www\yeyicms\Application\Runtime\Cache\Admin\9997c7ad0ff538026303e184b4567d27.php 第 323 行.
NOTIC: [8] Use of undefined constant id - assumed 'id' E:\wamp\www\yeyicms\Application\Runtime\Cache\Admin\9997c7ad0ff538026303e184b4567d27.php 第 323 行.
NOTIC: [8] Use of undefined constant pid - assumed 'pid' E:\wamp\www\yeyicms\Application\Runtime\Cache\Admin\9997c7ad0ff538026303e184b4567d27.php 第 323 行.
NOTIC: [8] Use of undefined constant id - assumed 'id' E:\wamp\www\yeyicms\Application\Runtime\Cache\Admin\9997c7ad0ff538026303e184b4567d27.php 第 323 行.
NOTIC: [8] Use of undefined constant pid - assumed 'pid' E:\wamp\www\yeyicms\Application\Runtime\Cache\Admin\9997c7ad0ff538026303e184b4567d27.php 第 322 行.
NOTIC: [8] Use of undefined constant id - assumed 'id' E:\wamp\www\yeyicms\Application\Runtime\Cache\Admin\9997c7ad0ff538026303e184b4567d27.php 第 322 行.
NOTIC: [8] Use of undefined constant pid - assumed 'pid' E:\wamp\www\yeyicms\Application\Runtime\Cache\Admin\9997c7ad0ff538026303e184b4567d27.php 第 323 行.
NOTIC: [8] Use of undefined constant id - assumed 'id' E:\wamp\www\yeyicms\Application\Runtime\Cache\Admin\9997c7ad0ff538026303e184b4567d27.php 第 323 行.
NOTIC: [8] Use of undefined constant pid - assumed 'pid' E:\wamp\www\yeyicms\Application\Runtime\Cache\Admin\9997c7ad0ff538026303e184b4567d27.php 第 323 行.
NOTIC: [8] Use of undefined constant id - assumed 'id' E:\wamp\www\yeyicms\Application\Runtime\Cache\Admin\9997c7ad0ff538026303e184b4567d27.php 第 323 行.
NOTIC: [8] Use of undefined constant pid - assumed 'pid' E:\wamp\www\yeyicms\Application\Runtime\Cache\Admin\9997c7ad0ff538026303e184b4567d27.php 第 323 行.
NOTIC: [8] Use of undefined constant id - assumed 'id' E:\wamp\www\yeyicms\Application\Runtime\Cache\Admin\9997c7ad0ff538026303e184b4567d27.php 第 323 行.
NOTIC: [8] Use of undefined constant pid - assumed 'pid' E:\wamp\www\yeyicms\Application\Runtime\Cache\Admin\9997c7ad0ff538026303e184b4567d27.php 第 323 行.
NOTIC: [8] Use of undefined constant id - assumed 'id' E:\wamp\www\yeyicms\Application\Runtime\Cache\Admin\9997c7ad0ff538026303e184b4567d27.php 第 323 行.
NOTIC: [8] Use of undefined constant pid - assumed 'pid' E:\wamp\www\yeyicms\Application\Runtime\Cache\Admin\9997c7ad0ff538026303e184b4567d27.php 第 322 行.
NOTIC: [8] Use of undefined constant id - assumed 'id' E:\wamp\www\yeyicms\Application\Runtime\Cache\Admin\9997c7ad0ff538026303e184b4567d27.php 第 322 行.
NOTIC: [8] Use of undefined constant pid - assumed 'pid' E:\wamp\www\yeyicms\Application\Runtime\Cache\Admin\9997c7ad0ff538026303e184b4567d27.php 第 323 行.
NOTIC: [8] Use of undefined constant id - assumed 'id' E:\wamp\www\yeyicms\Application\Runtime\Cache\Admin\9997c7ad0ff538026303e184b4567d27.php 第 323 行.
NOTIC: [8] Use of undefined constant pid - assumed 'pid' E:\wamp\www\yeyicms\Application\Runtime\Cache\Admin\9997c7ad0ff538026303e184b4567d27.php 第 323 行.
NOTIC: [8] Use of undefined constant id - assumed 'id' E:\wamp\www\yeyicms\Application\Runtime\Cache\Admin\9997c7ad0ff538026303e184b4567d27.php 第 323 行.
NOTIC: [8] Use of undefined constant pid - assumed 'pid' E:\wamp\www\yeyicms\Application\Runtime\Cache\Admin\9997c7ad0ff538026303e184b4567d27.php 第 323 行.
NOTIC: [8] Use of undefined constant id - assumed 'id' E:\wamp\www\yeyicms\Application\Runtime\Cache\Admin\9997c7ad0ff538026303e184b4567d27.php 第 323 行.
NOTIC: [8] Use of undefined constant pid - assumed 'pid' E:\wamp\www\yeyicms\Application\Runtime\Cache\Admin\9997c7ad0ff538026303e184b4567d27.php 第 323 行.
NOTIC: [8] Use of undefined constant id - assumed 'id' E:\wamp\www\yeyicms\Application\Runtime\Cache\Admin\9997c7ad0ff538026303e184b4567d27.php 第 323 行.
NOTIC: [8] Use of undefined constant pid - assumed 'pid' E:\wamp\www\yeyicms\Application\Runtime\Cache\Admin\9997c7ad0ff538026303e184b4567d27.php 第 322 行.
NOTIC: [8] Use of undefined constant id - assumed 'id' E:\wamp\www\yeyicms\Application\Runtime\Cache\Admin\9997c7ad0ff538026303e184b4567d27.php 第 322 行.
NOTIC: [8] Use of undefined constant pid - assumed 'pid' E:\wamp\www\yeyicms\Application\Runtime\Cache\Admin\9997c7ad0ff538026303e184b4567d27.php 第 323 行.
NOTIC: [8] Use of undefined constant id - assumed 'id' E:\wamp\www\yeyicms\Application\Runtime\Cache\Admin\9997c7ad0ff538026303e184b4567d27.php 第 323 行.
NOTIC: [8] Use of undefined constant pid - assumed 'pid' E:\wamp\www\yeyicms\Application\Runtime\Cache\Admin\9997c7ad0ff538026303e184b4567d27.php 第 322 行.
NOTIC: [8] Use of undefined constant id - assumed 'id' E:\wamp\www\yeyicms\Application\Runtime\Cache\Admin\9997c7ad0ff538026303e184b4567d27.php 第 322 行.
NOTIC: [8] Use of undefined constant pid - assumed 'pid' E:\wamp\www\yeyicms\Application\Runtime\Cache\Admin\9997c7ad0ff538026303e184b4567d27.php 第 323 行.
NOTIC: [8] Use of undefined constant id - assumed 'id' E:\wamp\www\yeyicms\Application\Runtime\Cache\Admin\9997c7ad0ff538026303e184b4567d27.php 第 323 行.
NOTIC: [8] Use of undefined constant pid - assumed 'pid' E:\wamp\www\yeyicms\Application\Runtime\Cache\Admin\9997c7ad0ff538026303e184b4567d27.php 第 323 行.
NOTIC: [8] Use of undefined constant id - assumed 'id' E:\wamp\www\yeyicms\Application\Runtime\Cache\Admin\9997c7ad0ff538026303e184b4567d27.php 第 323 行.
NOTIC: [8] Use of undefined constant pid - assumed 'pid' E:\wamp\www\yeyicms\Application\Runtime\Cache\Admin\9997c7ad0ff538026303e184b4567d27.php 第 323 行.
NOTIC: [8] Use of undefined constant id - assumed 'id' E:\wamp\www\yeyicms\Application\Runtime\Cache\Admin\9997c7ad0ff538026303e184b4567d27.php 第 323 行.
NOTIC: [8] Use of undefined constant pid - assumed 'pid' E:\wamp\www\yeyicms\Application\Runtime\Cache\Admin\9997c7ad0ff538026303e184b4567d27.php 第 323 行.
NOTIC: [8] Use of undefined constant id - assumed 'id' E:\wamp\www\yeyicms\Application\Runtime\Cache\Admin\9997c7ad0ff538026303e184b4567d27.php 第 323 行.
NOTIC: [8] Use of undefined constant level - assumed 'level' E:\wamp\www\yeyicms\Application\Runtime\Cache\Admin\9997c7ad0ff538026303e184b4567d27.php 第 330 行.
NOTIC: [8] Use of undefined constant level - assumed 'level' E:\wamp\www\yeyicms\Application\Runtime\Cache\Admin\9997c7ad0ff538026303e184b4567d27.php 第 331 行.
NOTIC: [8] Use of undefined constant status - assumed 'status' E:\wamp\www\yeyicms\Application\Runtime\Cache\Admin\9997c7ad0ff538026303e184b4567d27.php 第 342 行.
NOTIC: [8] Use of undefined constant status - assumed 'status' E:\wamp\www\yeyicms\Application\Runtime\Cache\Admin\9997c7ad0ff538026303e184b4567d27.php 第 345 行.
INFO: Run Behavior\ParseTemplateBehavior [ RunTime:0.020021s ]
INFO: [ view_parse ] --END-- [ RunTime:0.020131s ]
INFO: [ view_filter ] --START--
INFO: Run Behavior\WriteHtmlCacheBehavior [ RunTime:0.000367s ]
INFO: [ view_filter ] --END-- [ RunTime:0.000461s ]
INFO: [ app_end ] --START--
INFO: Run Behavior\ShowPageTraceBehavior [ RunTime:0.000877s ]
INFO: [ app_end ] --END-- [ RunTime:0.000982s ]

[ 2017-07-10T20:14:28+08:00 ] ::1 /yeyicms/admin.php/user/u_list
INFO: [ app_init ] --START--
INFO: Run Behavior\BuildLiteBehavior [ RunTime:0.000025s ]
INFO: [ app_init ] --END-- [ RunTime:0.000439s ]
INFO: [ app_begin ] --START--
INFO: Run Behavior\ReadHtmlCacheBehavior [ RunTime:0.000467s ]
INFO: [ app_begin ] --END-- [ RunTime:0.000573s ]
SQL: SHOW COLUMNS FROM `rt_admin` [ RunTime:0.0049s ]
SQL: SELECT * FROM `rt_admin` WHERE `id` = 1 LIMIT 1   [ RunTime:0.0004s ]
SQL: SHOW COLUMNS FROM `rt_admin_group` [ RunTime:0.0028s ]
SQL: SELECT * FROM `rt_admin_group` WHERE `id` = 2 LIMIT 1   [ RunTime:0.0003s ]
SQL: SHOW COLUMNS FROM `rt_admin_rule` [ RunTime:0.0034s ]
SQL: SELECT `id`,`pid`,`title` FROM `rt_admin_rule` WHERE `url` = 'user/u_list' LIMIT 1   [ RunTime:0.0003s ]
SQL: SELECT * FROM `rt_admin` WHERE `id` = 1 LIMIT 1   [ RunTime:0.0003s ]
SQL: SELECT * FROM `rt_admin_group` WHERE `id` = 2 LIMIT 1   [ RunTime:0.0002s ]
SQL: SELECT * FROM `rt_admin_rule` WHERE ( id in(1,2,3,4,5,6,7,8,9,10,11,12,13,14,15,16,17,18,19,20,36,22,23,24,25,35,26,27,28,29,30,33,34) and status=0 ) ORDER BY sort asc  [ RunTime:0.0004s ]
NOTIC: [8] Use of undefined constant icon - assumed 'icon' E:\wamp\www\yeyicms\Application\Admin\Controller\GlobalController.class.php 第 25 行.
SQL: SELECT COUNT(*) AS tp_count FROM `rt_admin` LIMIT 1   [ RunTime:0.0002s ]
SQL: SELECT * FROM `rt_admin` ORDER BY id LIMIT 0,15   [ RunTime:0.0004s ]
SQL: SELECT * FROM `rt_admin_group`  [ RunTime:0.0002s ]
INFO: [ view_parse ] --START--
INFO: [ template_filter ] --START--
INFO: Run Behavior\ContentReplaceBehavior [ RunTime:0.000192s ]
INFO: [ template_filter ] --END-- [ RunTime:0.000324s ]
NOTIC: [8] Use of undefined constant userid - assumed 'userid' E:\wamp\www\yeyicms\Application\Runtime\Cache\Admin\31606c951241bf72fd38eb69c047051e.php 第 250 行.
NOTIC: [8] Use of undefined constant pid - assumed 'pid' E:\wamp\www\yeyicms\Application\Runtime\Cache\Admin\31606c951241bf72fd38eb69c047051e.php 第 274 行.
NOTIC: [8] Use of undefined constant pid - assumed 'pid' E:\wamp\www\yeyicms\Application\Runtime\Cache\Admin\31606c951241bf72fd38eb69c047051e.php 第 274 行.
NOTIC: [8] Use of undefined constant pid - assumed 'pid' E:\wamp\www\yeyicms\Application\Runtime\Cache\Admin\31606c951241bf72fd38eb69c047051e.php 第 274 行.
NOTIC: [8] Use of undefined constant pid - assumed 'pid' E:\wamp\www\yeyicms\Application\Runtime\Cache\Admin\31606c951241bf72fd38eb69c047051e.php 第 274 行.
NOTIC: [8] Use of undefined constant pid - assumed 'pid' E:\wamp\www\yeyicms\Application\Runtime\Cache\Admin\31606c951241bf72fd38eb69c047051e.php 第 274 行.
NOTIC: [8] Use of undefined constant pid - assumed 'pid' E:\wamp\www\yeyicms\Application\Runtime\Cache\Admin\31606c951241bf72fd38eb69c047051e.php 第 274 行.
NOTIC: [8] Use of undefined constant pid - assumed 'pid' E:\wamp\www\yeyicms\Application\Runtime\Cache\Admin\31606c951241bf72fd38eb69c047051e.php 第 274 行.
NOTIC: [8] Use of undefined constant pid - assumed 'pid' E:\wamp\www\yeyicms\Application\Runtime\Cache\Admin\31606c951241bf72fd38eb69c047051e.php 第 274 行.
NOTIC: [8] Use of undefined constant pid - assumed 'pid' E:\wamp\www\yeyicms\Application\Runtime\Cache\Admin\31606c951241bf72fd38eb69c047051e.php 第 274 行.
NOTIC: [8] Use of undefined constant pid - assumed 'pid' E:\wamp\www\yeyicms\Application\Runtime\Cache\Admin\31606c951241bf72fd38eb69c047051e.php 第 274 行.
NOTIC: [8] Use of undefined constant id - assumed 'id' E:\wamp\www\yeyicms\Application\Runtime\Cache\Admin\31606c951241bf72fd38eb69c047051e.php 第 329 行.
NOTIC: [8] Use of undefined constant id - assumed 'id' E:\wamp\www\yeyicms\Application\Runtime\Cache\Admin\31606c951241bf72fd38eb69c047051e.php 第 329 行.
NOTIC: [8] Use of undefined constant id - assumed 'id' E:\wamp\www\yeyicms\Application\Runtime\Cache\Admin\31606c951241bf72fd38eb69c047051e.php 第 330 行.
NOTIC: [8] Use of undefined constant id - assumed 'id' E:\wamp\www\yeyicms\Application\Runtime\Cache\Admin\31606c951241bf72fd38eb69c047051e.php 第 329 行.
NOTIC: [8] Use of undefined constant id - assumed 'id' E:\wamp\www\yeyicms\Application\Runtime\Cache\Admin\31606c951241bf72fd38eb69c047051e.php 第 330 行.
INFO: Run Behavior\ParseTemplateBehavior [ RunTime:0.016219s ]
INFO: [ view_parse ] --END-- [ RunTime:0.016393s ]
INFO: [ view_filter ] --START--
INFO: Run Behavior\WriteHtmlCacheBehavior [ RunTime:0.000542s ]
INFO: [ view_filter ] --END-- [ RunTime:0.000668s ]
INFO: [ app_end ] --START--
INFO: Run Behavior\ShowPageTraceBehavior [ RunTime:0.000613s ]
INFO: [ app_end ] --END-- [ RunTime:0.000717s ]

[ 2017-07-10T20:14:29+08:00 ] ::1 /yeyicms/admin.php/user/edit_user/id/1.html
INFO: [ app_init ] --START--
INFO: Run Behavior\BuildLiteBehavior [ RunTime:0.000049s ]
INFO: [ app_init ] --END-- [ RunTime:0.000711s ]
INFO: [ app_begin ] --START--
INFO: Run Behavior\ReadHtmlCacheBehavior [ RunTime:0.000536s ]
INFO: [ app_begin ] --END-- [ RunTime:0.000668s ]
SQL: SHOW COLUMNS FROM `rt_admin` [ RunTime:0.0035s ]
SQL: SELECT * FROM `rt_admin` WHERE `id` = 1 LIMIT 1   [ RunTime:0.0003s ]
SQL: SHOW COLUMNS FROM `rt_admin_group` [ RunTime:0.0029s ]
SQL: SELECT * FROM `rt_admin_group` WHERE `id` = 2 LIMIT 1   [ RunTime:0.0003s ]
SQL: SHOW COLUMNS FROM `rt_admin_rule` [ RunTime:0.0029s ]
SQL: SELECT `id`,`pid`,`title` FROM `rt_admin_rule` WHERE `url` = 'user/edit_user' LIMIT 1   [ RunTime:0.0003s ]
SQL: SELECT * FROM `rt_admin` WHERE `id` = 1 LIMIT 1   [ RunTime:0.0004s ]
SQL: SELECT * FROM `rt_admin_group` WHERE `id` = 2 LIMIT 1   [ RunTime:0.0002s ]
SQL: SELECT * FROM `rt_admin_rule` WHERE ( id in(1,2,3,4,5,6,7,8,9,10,11,12,13,14,15,16,17,18,19,20,36,22,23,24,25,35,26,27,28,29,30,33,34) and status=0 ) ORDER BY sort asc  [ RunTime:0.0004s ]
NOTIC: [8] Use of undefined constant icon - assumed 'icon' E:\wamp\www\yeyicms\Application\Admin\Controller\GlobalController.class.php 第 25 行.
NOTIC: [8] Use of undefined constant intval - assumed 'intval' E:\wamp\www\yeyicms\Application\Admin\Controller\UserController.class.php 第 42 行.
SQL: SELECT * FROM `rt_admin` WHERE `id` = 1 LIMIT 1   [ RunTime:0.0002s ]
SQL: SELECT * FROM `rt_admin_group`  [ RunTime:0.0003s ]
INFO: [ view_parse ] --START--
INFO: [ template_filter ] --START--
INFO: Run Behavior\ContentReplaceBehavior [ RunTime:0.000160s ]
INFO: [ template_filter ] --END-- [ RunTime:0.000266s ]
NOTIC: [8] Use of undefined constant userid - assumed 'userid' E:\wamp\www\yeyicms\Application\Runtime\Cache\Admin\f96be2c4d51ebc3060a05d0f8d8df7b1.php 第 250 行.
NOTIC: [8] Use of undefined constant pid - assumed 'pid' E:\wamp\www\yeyicms\Application\Runtime\Cache\Admin\f96be2c4d51ebc3060a05d0f8d8df7b1.php 第 274 行.
NOTIC: [8] Use of undefined constant pid - assumed 'pid' E:\wamp\www\yeyicms\Application\Runtime\Cache\Admin\f96be2c4d51ebc3060a05d0f8d8df7b1.php 第 274 行.
NOTIC: [8] Use of undefined constant pid - assumed 'pid' E:\wamp\www\yeyicms\Application\Runtime\Cache\Admin\f96be2c4d51ebc3060a05d0f8d8df7b1.php 第 274 行.
NOTIC: [8] Use of undefined constant pid - assumed 'pid' E:\wamp\www\yeyicms\Application\Runtime\Cache\Admin\f96be2c4d51ebc3060a05d0f8d8df7b1.php 第 274 行.
NOTIC: [8] Use of undefined constant pid - assumed 'pid' E:\wamp\www\yeyicms\Application\Runtime\Cache\Admin\f96be2c4d51ebc3060a05d0f8d8df7b1.php 第 274 行.
NOTIC: [8] Use of undefined constant pid - assumed 'pid' E:\wamp\www\yeyicms\Application\Runtime\Cache\Admin\f96be2c4d51ebc3060a05d0f8d8df7b1.php 第 274 行.
NOTIC: [8] Use of undefined constant pid - assumed 'pid' E:\wamp\www\yeyicms\Application\Runtime\Cache\Admin\f96be2c4d51ebc3060a05d0f8d8df7b1.php 第 274 行.
NOTIC: [8] Use of undefined constant pid - assumed 'pid' E:\wamp\www\yeyicms\Application\Runtime\Cache\Admin\f96be2c4d51ebc3060a05d0f8d8df7b1.php 第 274 行.
NOTIC: [8] Use of undefined constant pid - assumed 'pid' E:\wamp\www\yeyicms\Application\Runtime\Cache\Admin\f96be2c4d51ebc3060a05d0f8d8df7b1.php 第 274 行.
NOTIC: [8] Use of undefined constant pid - assumed 'pid' E:\wamp\www\yeyicms\Application\Runtime\Cache\Admin\f96be2c4d51ebc3060a05d0f8d8df7b1.php 第 274 行.
NOTIC: [8] Use of undefined constant group_id - assumed 'group_id' E:\wamp\www\yeyicms\Application\Runtime\Cache\Admin\f96be2c4d51ebc3060a05d0f8d8df7b1.php 第 335 行.
NOTIC: [8] Use of undefined constant id - assumed 'id' E:\wamp\www\yeyicms\Application\Runtime\Cache\Admin\f96be2c4d51ebc3060a05d0f8d8df7b1.php 第 335 行.
NOTIC: [8] Use of undefined constant group_id - assumed 'group_id' E:\wamp\www\yeyicms\Application\Runtime\Cache\Admin\f96be2c4d51ebc3060a05d0f8d8df7b1.php 第 335 行.
NOTIC: [8] Use of undefined constant id - assumed 'id' E:\wamp\www\yeyicms\Application\Runtime\Cache\Admin\f96be2c4d51ebc3060a05d0f8d8df7b1.php 第 335 行.
NOTIC: [8] Use of undefined constant group_id - assumed 'group_id' E:\wamp\www\yeyicms\Application\Runtime\Cache\Admin\f96be2c4d51ebc3060a05d0f8d8df7b1.php 第 335 行.
NOTIC: [8] Use of undefined constant id - assumed 'id' E:\wamp\www\yeyicms\Application\Runtime\Cache\Admin\f96be2c4d51ebc3060a05d0f8d8df7b1.php 第 335 行.
INFO: Run Behavior\ParseTemplateBehavior [ RunTime:0.014703s ]
INFO: [ view_parse ] --END-- [ RunTime:0.014820s ]
INFO: [ view_filter ] --START--
INFO: Run Behavior\WriteHtmlCacheBehavior [ RunTime:0.000357s ]
INFO: [ view_filter ] --END-- [ RunTime:0.000465s ]
INFO: [ app_end ] --START--
INFO: Run Behavior\ShowPageTraceBehavior [ RunTime:0.000724s ]
INFO: [ app_end ] --END-- [ RunTime:0.000843s ]

[ 2017-07-10T20:14:30+08:00 ] ::1 /yeyicms/admin.php/user/add_user
INFO: [ app_init ] --START--
INFO: Run Behavior\BuildLiteBehavior [ RunTime:0.000030s ]
INFO: [ app_init ] --END-- [ RunTime:0.000597s ]
INFO: [ app_begin ] --START--
INFO: Run Behavior\ReadHtmlCacheBehavior [ RunTime:0.000626s ]
INFO: [ app_begin ] --END-- [ RunTime:0.000761s ]
SQL: SHOW COLUMNS FROM `rt_admin` [ RunTime:0.0046s ]
SQL: SELECT * FROM `rt_admin` WHERE `id` = 1 LIMIT 1   [ RunTime:0.0004s ]
SQL: SHOW COLUMNS FROM `rt_admin_group` [ RunTime:0.0034s ]
SQL: SELECT * FROM `rt_admin_group` WHERE `id` = 2 LIMIT 1   [ RunTime:0.0003s ]
SQL: SHOW COLUMNS FROM `rt_admin_rule` [ RunTime:0.0035s ]
SQL: SELECT `id`,`pid`,`title` FROM `rt_admin_rule` WHERE `url` = 'user/add_user' LIMIT 1   [ RunTime:0.0003s ]
SQL: SELECT * FROM `rt_admin` WHERE `id` = 1 LIMIT 1   [ RunTime:0.0003s ]
SQL: SELECT * FROM `rt_admin_group` WHERE `id` = 2 LIMIT 1   [ RunTime:0.0002s ]
SQL: SELECT * FROM `rt_admin_rule` WHERE ( id in(1,2,3,4,5,6,7,8,9,10,11,12,13,14,15,16,17,18,19,20,36,22,23,24,25,35,26,27,28,29,30,33,34) and status=0 ) ORDER BY sort asc  [ RunTime:0.0004s ]
NOTIC: [8] Use of undefined constant icon - assumed 'icon' E:\wamp\www\yeyicms\Application\Admin\Controller\GlobalController.class.php 第 25 行.
SQL: SELECT * FROM `rt_admin_group`  [ RunTime:0.0002s ]
INFO: [ view_parse ] --START--
INFO: [ template_filter ] --START--
INFO: Run Behavior\ContentReplaceBehavior [ RunTime:0.000159s ]
INFO: [ template_filter ] --END-- [ RunTime:0.000265s ]
NOTIC: [8] Use of undefined constant userid - assumed 'userid' E:\wamp\www\yeyicms\Application\Runtime\Cache\Admin\74eb0c80d8257f477f44271acc20e9db.php 第 250 行.
NOTIC: [8] Use of undefined constant pid - assumed 'pid' E:\wamp\www\yeyicms\Application\Runtime\Cache\Admin\74eb0c80d8257f477f44271acc20e9db.php 第 274 行.
NOTIC: [8] Use of undefined constant pid - assumed 'pid' E:\wamp\www\yeyicms\Application\Runtime\Cache\Admin\74eb0c80d8257f477f44271acc20e9db.php 第 274 行.
NOTIC: [8] Use of undefined constant pid - assumed 'pid' E:\wamp\www\yeyicms\Application\Runtime\Cache\Admin\74eb0c80d8257f477f44271acc20e9db.php 第 274 行.
NOTIC: [8] Use of undefined constant pid - assumed 'pid' E:\wamp\www\yeyicms\Application\Runtime\Cache\Admin\74eb0c80d8257f477f44271acc20e9db.php 第 274 行.
NOTIC: [8] Use of undefined constant pid - assumed 'pid' E:\wamp\www\yeyicms\Application\Runtime\Cache\Admin\74eb0c80d8257f477f44271acc20e9db.php 第 274 行.
NOTIC: [8] Use of undefined constant pid - assumed 'pid' E:\wamp\www\yeyicms\Application\Runtime\Cache\Admin\74eb0c80d8257f477f44271acc20e9db.php 第 274 行.
NOTIC: [8] Use of undefined constant pid - assumed 'pid' E:\wamp\www\yeyicms\Application\Runtime\Cache\Admin\74eb0c80d8257f477f44271acc20e9db.php 第 274 行.
NOTIC: [8] Use of undefined constant pid - assumed 'pid' E:\wamp\www\yeyicms\Application\Runtime\Cache\Admin\74eb0c80d8257f477f44271acc20e9db.php 第 274 行.
NOTIC: [8] Use of undefined constant pid - assumed 'pid' E:\wamp\www\yeyicms\Application\Runtime\Cache\Admin\74eb0c80d8257f477f44271acc20e9db.php 第 274 行.
NOTIC: [8] Use of undefined constant pid - assumed 'pid' E:\wamp\www\yeyicms\Application\Runtime\Cache\Admin\74eb0c80d8257f477f44271acc20e9db.php 第 274 行.
INFO: Run Behavior\ParseTemplateBehavior [ RunTime:0.013563s ]
INFO: [ view_parse ] --END-- [ RunTime:0.013669s ]
INFO: [ view_filter ] --START--
INFO: Run Behavior\WriteHtmlCacheBehavior [ RunTime:0.000270s ]
INFO: [ view_filter ] --END-- [ RunTime:0.000360s ]
INFO: [ app_end ] --START--
INFO: Run Behavior\ShowPageTraceBehavior [ RunTime:0.000651s ]
INFO: [ app_end ] --END-- [ RunTime:0.000771s ]

[ 2017-07-10T20:14:31+08:00 ] ::1 /yeyicms/admin.php/user/u_list
INFO: [ app_init ] --START--
INFO: Run Behavior\BuildLiteBehavior [ RunTime:0.000031s ]
INFO: [ app_init ] --END-- [ RunTime:0.000620s ]
INFO: [ app_begin ] --START--
INFO: Run Behavior\ReadHtmlCacheBehavior [ RunTime:0.000621s ]
INFO: [ app_begin ] --END-- [ RunTime:0.000755s ]
SQL: SHOW COLUMNS FROM `rt_admin` [ RunTime:0.0035s ]
SQL: SELECT * FROM `rt_admin` WHERE `id` = 1 LIMIT 1   [ RunTime:0.0003s ]
SQL: SHOW COLUMNS FROM `rt_admin_group` [ RunTime:0.0031s ]
SQL: SELECT * FROM `rt_admin_group` WHERE `id` = 2 LIMIT 1   [ RunTime:0.0002s ]
SQL: SHOW COLUMNS FROM `rt_admin_rule` [ RunTime:0.0028s ]
SQL: SELECT `id`,`pid`,`title` FROM `rt_admin_rule` WHERE `url` = 'user/u_list' LIMIT 1   [ RunTime:0.0002s ]
SQL: SELECT * FROM `rt_admin` WHERE `id` = 1 LIMIT 1   [ RunTime:0.0002s ]
SQL: SELECT * FROM `rt_admin_group` WHERE `id` = 2 LIMIT 1   [ RunTime:0.0002s ]
SQL: SELECT * FROM `rt_admin_rule` WHERE ( id in(1,2,3,4,5,6,7,8,9,10,11,12,13,14,15,16,17,18,19,20,36,22,23,24,25,35,26,27,28,29,30,33,34) and status=0 ) ORDER BY sort asc  [ RunTime:0.0005s ]
NOTIC: [8] Use of undefined constant icon - assumed 'icon' E:\wamp\www\yeyicms\Application\Admin\Controller\GlobalController.class.php 第 25 行.
SQL: SELECT COUNT(*) AS tp_count FROM `rt_admin` LIMIT 1   [ RunTime:0.0002s ]
SQL: SELECT * FROM `rt_admin` ORDER BY id LIMIT 0,15   [ RunTime:0.0003s ]
SQL: SELECT * FROM `rt_admin_group`  [ RunTime:0.0002s ]
INFO: [ view_parse ] --START--
INFO: [ template_filter ] --START--
INFO: Run Behavior\ContentReplaceBehavior [ RunTime:0.000158s ]
INFO: [ template_filter ] --END-- [ RunTime:0.000263s ]
NOTIC: [8] Use of undefined constant userid - assumed 'userid' E:\wamp\www\yeyicms\Application\Runtime\Cache\Admin\31606c951241bf72fd38eb69c047051e.php 第 250 行.
NOTIC: [8] Use of undefined constant pid - assumed 'pid' E:\wamp\www\yeyicms\Application\Runtime\Cache\Admin\31606c951241bf72fd38eb69c047051e.php 第 274 行.
NOTIC: [8] Use of undefined constant pid - assumed 'pid' E:\wamp\www\yeyicms\Application\Runtime\Cache\Admin\31606c951241bf72fd38eb69c047051e.php 第 274 行.
NOTIC: [8] Use of undefined constant pid - assumed 'pid' E:\wamp\www\yeyicms\Application\Runtime\Cache\Admin\31606c951241bf72fd38eb69c047051e.php 第 274 行.
NOTIC: [8] Use of undefined constant pid - assumed 'pid' E:\wamp\www\yeyicms\Application\Runtime\Cache\Admin\31606c951241bf72fd38eb69c047051e.php 第 274 行.
NOTIC: [8] Use of undefined constant pid - assumed 'pid' E:\wamp\www\yeyicms\Application\Runtime\Cache\Admin\31606c951241bf72fd38eb69c047051e.php 第 274 行.
NOTIC: [8] Use of undefined constant pid - assumed 'pid' E:\wamp\www\yeyicms\Application\Runtime\Cache\Admin\31606c951241bf72fd38eb69c047051e.php 第 274 行.
NOTIC: [8] Use of undefined constant pid - assumed 'pid' E:\wamp\www\yeyicms\Application\Runtime\Cache\Admin\31606c951241bf72fd38eb69c047051e.php 第 274 行.
NOTIC: [8] Use of undefined constant pid - assumed 'pid' E:\wamp\www\yeyicms\Application\Runtime\Cache\Admin\31606c951241bf72fd38eb69c047051e.php 第 274 行.
NOTIC: [8] Use of undefined constant pid - assumed 'pid' E:\wamp\www\yeyicms\Application\Runtime\Cache\Admin\31606c951241bf72fd38eb69c047051e.php 第 274 行.
NOTIC: [8] Use of undefined constant pid - assumed 'pid' E:\wamp\www\yeyicms\Application\Runtime\Cache\Admin\31606c951241bf72fd38eb69c047051e.php 第 274 行.
NOTIC: [8] Use of undefined constant id - assumed 'id' E:\wamp\www\yeyicms\Application\Runtime\Cache\Admin\31606c951241bf72fd38eb69c047051e.php 第 329 行.
NOTIC: [8] Use of undefined constant id - assumed 'id' E:\wamp\www\yeyicms\Application\Runtime\Cache\Admin\31606c951241bf72fd38eb69c047051e.php 第 329 行.
NOTIC: [8] Use of undefined constant id - assumed 'id' E:\wamp\www\yeyicms\Application\Runtime\Cache\Admin\31606c951241bf72fd38eb69c047051e.php 第 330 行.
NOTIC: [8] Use of undefined constant id - assumed 'id' E:\wamp\www\yeyicms\Application\Runtime\Cache\Admin\31606c951241bf72fd38eb69c047051e.php 第 329 行.
NOTIC: [8] Use of undefined constant id - assumed 'id' E:\wamp\www\yeyicms\Application\Runtime\Cache\Admin\31606c951241bf72fd38eb69c047051e.php 第 330 行.
INFO: Run Behavior\ParseTemplateBehavior [ RunTime:0.016528s ]
INFO: [ view_parse ] --END-- [ RunTime:0.016624s ]
INFO: [ view_filter ] --START--
INFO: Run Behavior\WriteHtmlCacheBehavior [ RunTime:0.000357s ]
INFO: [ view_filter ] --END-- [ RunTime:0.000449s ]
INFO: [ app_end ] --START--
INFO: Run Behavior\ShowPageTraceBehavior [ RunTime:0.000685s ]
INFO: [ app_end ] --END-- [ RunTime:0.000801s ]

[ 2017-07-10T20:15:19+08:00 ] ::1 /yeyicms/admin.php/user/edit_user/id/2.html
INFO: [ app_init ] --START--
INFO: Run Behavior\BuildLiteBehavior [ RunTime:0.000029s ]
INFO: [ app_init ] --END-- [ RunTime:0.000609s ]
INFO: [ app_begin ] --START--
INFO: Run Behavior\ReadHtmlCacheBehavior [ RunTime:0.000607s ]
INFO: [ app_begin ] --END-- [ RunTime:0.000741s ]
SQL: SHOW COLUMNS FROM `rt_admin` [ RunTime:0.0127s ]
SQL: SELECT * FROM `rt_admin` WHERE `id` = 1 LIMIT 1   [ RunTime:0.0003s ]
SQL: SHOW COLUMNS FROM `rt_admin_group` [ RunTime:0.0026s ]
SQL: SELECT * FROM `rt_admin_group` WHERE `id` = 2 LIMIT 1   [ RunTime:0.0002s ]
SQL: SHOW COLUMNS FROM `rt_admin_rule` [ RunTime:0.0031s ]
SQL: SELECT `id`,`pid`,`title` FROM `rt_admin_rule` WHERE `url` = 'user/edit_user' LIMIT 1   [ RunTime:0.0002s ]
SQL: SELECT * FROM `rt_admin` WHERE `id` = 1 LIMIT 1   [ RunTime:0.0003s ]
SQL: SELECT * FROM `rt_admin_group` WHERE `id` = 2 LIMIT 1   [ RunTime:0.0002s ]
SQL: SELECT * FROM `rt_admin_rule` WHERE ( id in(1,2,3,4,5,6,7,8,9,10,11,12,13,14,15,16,17,18,19,20,36,22,23,24,25,35,26,27,28,29,30,33,34) and status=0 ) ORDER BY sort asc  [ RunTime:0.0004s ]
NOTIC: [8] Use of undefined constant icon - assumed 'icon' E:\wamp\www\yeyicms\Application\Admin\Controller\GlobalController.class.php 第 25 行.
NOTIC: [8] Use of undefined constant intval - assumed 'intval' E:\wamp\www\yeyicms\Application\Admin\Controller\UserController.class.php 第 42 行.
SQL: SELECT * FROM `rt_admin` WHERE `id` = 2 LIMIT 1   [ RunTime:0.0003s ]
SQL: SELECT * FROM `rt_admin_group`  [ RunTime:0.0002s ]
INFO: [ view_parse ] --START--
INFO: [ template_filter ] --START--
INFO: Run Behavior\ContentReplaceBehavior [ RunTime:0.000205s ]
INFO: [ template_filter ] --END-- [ RunTime:0.000322s ]
NOTIC: [8] Use of undefined constant userid - assumed 'userid' E:\wamp\www\yeyicms\Application\Runtime\Cache\Admin\f96be2c4d51ebc3060a05d0f8d8df7b1.php 第 250 行.
NOTIC: [8] Use of undefined constant pid - assumed 'pid' E:\wamp\www\yeyicms\Application\Runtime\Cache\Admin\f96be2c4d51ebc3060a05d0f8d8df7b1.php 第 274 行.
NOTIC: [8] Use of undefined constant pid - assumed 'pid' E:\wamp\www\yeyicms\Application\Runtime\Cache\Admin\f96be2c4d51ebc3060a05d0f8d8df7b1.php 第 274 行.
NOTIC: [8] Use of undefined constant pid - assumed 'pid' E:\wamp\www\yeyicms\Application\Runtime\Cache\Admin\f96be2c4d51ebc3060a05d0f8d8df7b1.php 第 274 行.
NOTIC: [8] Use of undefined constant pid - assumed 'pid' E:\wamp\www\yeyicms\Application\Runtime\Cache\Admin\f96be2c4d51ebc3060a05d0f8d8df7b1.php 第 274 行.
NOTIC: [8] Use of undefined constant pid - assumed 'pid' E:\wamp\www\yeyicms\Application\Runtime\Cache\Admin\f96be2c4d51ebc3060a05d0f8d8df7b1.php 第 274 行.
NOTIC: [8] Use of undefined constant pid - assumed 'pid' E:\wamp\www\yeyicms\Application\Runtime\Cache\Admin\f96be2c4d51ebc3060a05d0f8d8df7b1.php 第 274 行.
NOTIC: [8] Use of undefined constant pid - assumed 'pid' E:\wamp\www\yeyicms\Application\Runtime\Cache\Admin\f96be2c4d51ebc3060a05d0f8d8df7b1.php 第 274 行.
NOTIC: [8] Use of undefined constant pid - assumed 'pid' E:\wamp\www\yeyicms\Application\Runtime\Cache\Admin\f96be2c4d51ebc3060a05d0f8d8df7b1.php 第 274 行.
NOTIC: [8] Use of undefined constant pid - assumed 'pid' E:\wamp\www\yeyicms\Application\Runtime\Cache\Admin\f96be2c4d51ebc3060a05d0f8d8df7b1.php 第 274 行.
NOTIC: [8] Use of undefined constant pid - assumed 'pid' E:\wamp\www\yeyicms\Application\Runtime\Cache\Admin\f96be2c4d51ebc3060a05d0f8d8df7b1.php 第 274 行.
NOTIC: [8] Use of undefined constant group_id - assumed 'group_id' E:\wamp\www\yeyicms\Application\Runtime\Cache\Admin\f96be2c4d51ebc3060a05d0f8d8df7b1.php 第 335 行.
NOTIC: [8] Use of undefined constant id - assumed 'id' E:\wamp\www\yeyicms\Application\Runtime\Cache\Admin\f96be2c4d51ebc3060a05d0f8d8df7b1.php 第 335 行.
NOTIC: [8] Use of undefined constant group_id - assumed 'group_id' E:\wamp\www\yeyicms\Application\Runtime\Cache\Admin\f96be2c4d51ebc3060a05d0f8d8df7b1.php 第 335 行.
NOTIC: [8] Use of undefined constant id - assumed 'id' E:\wamp\www\yeyicms\Application\Runtime\Cache\Admin\f96be2c4d51ebc3060a05d0f8d8df7b1.php 第 335 行.
NOTIC: [8] Use of undefined constant group_id - assumed 'group_id' E:\wamp\www\yeyicms\Application\Runtime\Cache\Admin\f96be2c4d51ebc3060a05d0f8d8df7b1.php 第 335 行.
NOTIC: [8] Use of undefined constant id - assumed 'id' E:\wamp\www\yeyicms\Application\Runtime\Cache\Admin\f96be2c4d51ebc3060a05d0f8d8df7b1.php 第 335 行.
INFO: Run Behavior\ParseTemplateBehavior [ RunTime:0.014494s ]
INFO: [ view_parse ] --END-- [ RunTime:0.014597s ]
INFO: [ view_filter ] --START--
INFO: Run Behavior\WriteHtmlCacheBehavior [ RunTime:0.000345s ]
INFO: [ view_filter ] --END-- [ RunTime:0.000437s ]
INFO: [ app_end ] --START--
INFO: Run Behavior\ShowPageTraceBehavior [ RunTime:0.000596s ]
INFO: [ app_end ] --END-- [ RunTime:0.000821s ]

[ 2017-07-10T20:15:22+08:00 ] ::1 /yeyicms/admin.php/user/edit_user.html
INFO: [ app_init ] --START--
INFO: Run Behavior\BuildLiteBehavior [ RunTime:0.000031s ]
INFO: [ app_init ] --END-- [ RunTime:0.000578s ]
INFO: [ app_begin ] --START--
INFO: Run Behavior\ReadHtmlCacheBehavior [ RunTime:0.000557s ]
INFO: [ app_begin ] --END-- [ RunTime:0.000694s ]
SQL: SHOW COLUMNS FROM `rt_admin` [ RunTime:0.0034s ]
SQL: SELECT * FROM `rt_admin` WHERE `id` = 1 LIMIT 1   [ RunTime:0.0003s ]
SQL: SHOW COLUMNS FROM `rt_admin_group` [ RunTime:0.0027s ]
SQL: SELECT * FROM `rt_admin_group` WHERE `id` = 2 LIMIT 1   [ RunTime:0.0003s ]
SQL: SHOW COLUMNS FROM `rt_admin_rule` [ RunTime:0.0030s ]
SQL: SELECT `id`,`pid`,`title` FROM `rt_admin_rule` WHERE `url` = 'user/edit_user' LIMIT 1   [ RunTime:0.0003s ]
SQL: SELECT * FROM `rt_admin` WHERE `id` = 1 LIMIT 1   [ RunTime:0.0003s ]
SQL: SELECT * FROM `rt_admin_group` WHERE `id` = 2 LIMIT 1   [ RunTime:0.0002s ]
SQL: SELECT * FROM `rt_admin_rule` WHERE ( id in(1,2,3,4,5,6,7,8,9,10,11,12,13,14,15,16,17,18,19,20,36,22,23,24,25,35,26,27,28,29,30,33,34) and status=0 ) ORDER BY sort asc  [ RunTime:0.0005s ]
NOTIC: [8] Use of undefined constant icon - assumed 'icon' E:\wamp\www\yeyicms\Application\Admin\Controller\GlobalController.class.php 第 25 行.
NOTIC: [8] Use of undefined constant intval - assumed 'intval' E:\wamp\www\yeyicms\Application\Admin\Controller\UserController.class.php 第 42 行.
NOTIC: [8] Use of undefined constant trim - assumed 'trim' E:\wamp\www\yeyicms\Application\Admin\Controller\UserController.class.php 第 47 行.
NOTIC: [8] Use of undefined constant trim - assumed 'trim' E:\wamp\www\yeyicms\Application\Admin\Controller\UserController.class.php 第 48 行.
NOTIC: [8] Use of undefined constant intval - assumed 'intval' E:\wamp\www\yeyicms\Application\Admin\Controller\UserController.class.php 第 49 行.
SQL: UPDATE `rt_admin` SET `email`='123@qq.com',`phone`='12313123213',`group_id`='4' WHERE `id` = 2 [ RunTime:0.0014s ]
INFO: [ view_parse ] --START--
INFO: [ template_filter ] --START--
INFO: Run Behavior\ContentReplaceBehavior [ RunTime:0.000073s ]
INFO: [ template_filter ] --END-- [ RunTime:0.000172s ]
INFO: Run Behavior\ParseTemplateBehavior [ RunTime:0.005463s ]
INFO: [ view_parse ] --END-- [ RunTime:0.005580s ]
INFO: [ view_filter ] --START--
INFO: Run Behavior\WriteHtmlCacheBehavior [ RunTime:0.000334s ]
INFO: [ view_filter ] --END-- [ RunTime:0.000426s ]

[ 2017-07-10T20:15:29+08:00 ] ::1 /yeyicms/admin.php/user/add_user
INFO: [ app_init ] --START--
INFO: Run Behavior\BuildLiteBehavior [ RunTime:0.000026s ]
INFO: [ app_init ] --END-- [ RunTime:0.000577s ]
INFO: [ app_begin ] --START--
INFO: Run Behavior\ReadHtmlCacheBehavior [ RunTime:0.000560s ]
INFO: [ app_begin ] --END-- [ RunTime:0.000660s ]
SQL: SHOW COLUMNS FROM `rt_admin` [ RunTime:0.0126s ]
SQL: SELECT * FROM `rt_admin` WHERE `id` = 1 LIMIT 1   [ RunTime:0.0003s ]
SQL: SHOW COLUMNS FROM `rt_admin_group` [ RunTime:0.0027s ]
SQL: SELECT * FROM `rt_admin_group` WHERE `id` = 2 LIMIT 1   [ RunTime:0.0002s ]
SQL: SHOW COLUMNS FROM `rt_admin_rule` [ RunTime:0.0031s ]
SQL: SELECT `id`,`pid`,`title` FROM `rt_admin_rule` WHERE `url` = 'user/add_user' LIMIT 1   [ RunTime:0.0003s ]
SQL: SELECT * FROM `rt_admin` WHERE `id` = 1 LIMIT 1   [ RunTime:0.0003s ]
SQL: SELECT * FROM `rt_admin_group` WHERE `id` = 2 LIMIT 1   [ RunTime:0.0003s ]
SQL: SELECT * FROM `rt_admin_rule` WHERE ( id in(1,2,3,4,5,6,7,8,9,10,11,12,13,14,15,16,17,18,19,20,36,22,23,24,25,35,26,27,28,29,30,33,34) and status=0 ) ORDER BY sort asc  [ RunTime:0.0004s ]
NOTIC: [8] Use of undefined constant icon - assumed 'icon' E:\wamp\www\yeyicms\Application\Admin\Controller\GlobalController.class.php 第 25 行.
SQL: SELECT * FROM `rt_admin_group`  [ RunTime:0.0002s ]
INFO: [ view_parse ] --START--
INFO: [ template_filter ] --START--
INFO: Run Behavior\ContentReplaceBehavior [ RunTime:0.000161s ]
INFO: [ template_filter ] --END-- [ RunTime:0.000268s ]
NOTIC: [8] Use of undefined constant userid - assumed 'userid' E:\wamp\www\yeyicms\Application\Runtime\Cache\Admin\74eb0c80d8257f477f44271acc20e9db.php 第 250 行.
NOTIC: [8] Use of undefined constant pid - assumed 'pid' E:\wamp\www\yeyicms\Application\Runtime\Cache\Admin\74eb0c80d8257f477f44271acc20e9db.php 第 274 行.
NOTIC: [8] Use of undefined constant pid - assumed 'pid' E:\wamp\www\yeyicms\Application\Runtime\Cache\Admin\74eb0c80d8257f477f44271acc20e9db.php 第 274 行.
NOTIC: [8] Use of undefined constant pid - assumed 'pid' E:\wamp\www\yeyicms\Application\Runtime\Cache\Admin\74eb0c80d8257f477f44271acc20e9db.php 第 274 行.
NOTIC: [8] Use of undefined constant pid - assumed 'pid' E:\wamp\www\yeyicms\Application\Runtime\Cache\Admin\74eb0c80d8257f477f44271acc20e9db.php 第 274 行.
NOTIC: [8] Use of undefined constant pid - assumed 'pid' E:\wamp\www\yeyicms\Application\Runtime\Cache\Admin\74eb0c80d8257f477f44271acc20e9db.php 第 274 行.
NOTIC: [8] Use of undefined constant pid - assumed 'pid' E:\wamp\www\yeyicms\Application\Runtime\Cache\Admin\74eb0c80d8257f477f44271acc20e9db.php 第 274 行.
NOTIC: [8] Use of undefined constant pid - assumed 'pid' E:\wamp\www\yeyicms\Application\Runtime\Cache\Admin\74eb0c80d8257f477f44271acc20e9db.php 第 274 行.
NOTIC: [8] Use of undefined constant pid - assumed 'pid' E:\wamp\www\yeyicms\Application\Runtime\Cache\Admin\74eb0c80d8257f477f44271acc20e9db.php 第 274 行.
NOTIC: [8] Use of undefined constant pid - assumed 'pid' E:\wamp\www\yeyicms\Application\Runtime\Cache\Admin\74eb0c80d8257f477f44271acc20e9db.php 第 274 行.
NOTIC: [8] Use of undefined constant pid - assumed 'pid' E:\wamp\www\yeyicms\Application\Runtime\Cache\Admin\74eb0c80d8257f477f44271acc20e9db.php 第 274 行.
INFO: Run Behavior\ParseTemplateBehavior [ RunTime:0.014076s ]
INFO: [ view_parse ] --END-- [ RunTime:0.014246s ]
INFO: [ view_filter ] --START--
INFO: Run Behavior\WriteHtmlCacheBehavior [ RunTime:0.000545s ]
INFO: [ view_filter ] --END-- [ RunTime:0.000693s ]
INFO: [ app_end ] --START--
INFO: Run Behavior\ShowPageTraceBehavior [ RunTime:0.000528s ]
INFO: [ app_end ] --END-- [ RunTime:0.000649s ]

[ 2017-07-10T20:15:31+08:00 ] ::1 /yeyicms/admin.php/article/add_article
INFO: [ app_init ] --START--
INFO: Run Behavior\BuildLiteBehavior [ RunTime:0.000030s ]
INFO: [ app_init ] --END-- [ RunTime:0.000612s ]
INFO: [ app_begin ] --START--
INFO: Run Behavior\ReadHtmlCacheBehavior [ RunTime:0.000623s ]
INFO: [ app_begin ] --END-- [ RunTime:0.000757s ]
SQL: SHOW COLUMNS FROM `rt_admin` [ RunTime:0.0127s ]
SQL: SELECT * FROM `rt_admin` WHERE `id` = 1 LIMIT 1   [ RunTime:0.0003s ]
SQL: SHOW COLUMNS FROM `rt_admin_group` [ RunTime:0.0032s ]
SQL: SELECT * FROM `rt_admin_group` WHERE `id` = 2 LIMIT 1   [ RunTime:0.0002s ]
SQL: SHOW COLUMNS FROM `rt_admin_rule` [ RunTime:0.0026s ]
SQL: SELECT `id`,`pid`,`title` FROM `rt_admin_rule` WHERE `url` = 'article/add_article' LIMIT 1   [ RunTime:0.0002s ]
SQL: SELECT * FROM `rt_admin` WHERE `id` = 1 LIMIT 1   [ RunTime:0.0003s ]
SQL: SELECT * FROM `rt_admin_group` WHERE `id` = 2 LIMIT 1   [ RunTime:0.0002s ]
SQL: SELECT * FROM `rt_admin_rule` WHERE ( id in(1,2,3,4,5,6,7,8,9,10,11,12,13,14,15,16,17,18,19,20,36,22,23,24,25,35,26,27,28,29,30,33,34) and status=0 ) ORDER BY sort asc  [ RunTime:0.0004s ]
NOTIC: [8] Use of undefined constant icon - assumed 'icon' E:\wamp\www\yeyicms\Application\Admin\Controller\GlobalController.class.php 第 25 行.
SQL: SHOW COLUMNS FROM `rt_menu` [ RunTime:0.0066s ]
SQL: SELECT * FROM `rt_menu` WHERE `pid` = 0 AND `single_page` = 2  [ RunTime:0.0003s ]
SQL: SELECT * FROM `rt_menu` WHERE ( pid>0 and single_page=2 )  [ RunTime:0.0003s ]
INFO: [ view_parse ] --START--
INFO: [ template_filter ] --START--
INFO: Run Behavior\ContentReplaceBehavior [ RunTime:0.000106s ]
INFO: [ template_filter ] --END-- [ RunTime:0.000212s ]
NOTIC: [8] Undefined variable: info E:\wamp\www\yeyicms\Application\Runtime\Cache\Admin\8263f5c139401f3e7bf81fda6e018162.php 第 48 行.
NOTIC: [8] Undefined variable: info E:\wamp\www\yeyicms\Application\Runtime\Cache\Admin\8263f5c139401f3e7bf81fda6e018162.php 第 56 行.
NOTIC: [8] Undefined variable: info E:\wamp\www\yeyicms\Application\Runtime\Cache\Admin\8263f5c139401f3e7bf81fda6e018162.php 第 90 行.
INFO: Run Behavior\ParseTemplateBehavior [ RunTime:0.008440s ]
INFO: [ view_parse ] --END-- [ RunTime:0.008559s ]
INFO: [ view_filter ] --START--
INFO: Run Behavior\WriteHtmlCacheBehavior [ RunTime:0.000306s ]
INFO: [ view_filter ] --END-- [ RunTime:0.000402s ]
INFO: [ app_end ] --START--
INFO: Run Behavior\ShowPageTraceBehavior [ RunTime:0.000485s ]
INFO: [ app_end ] --END-- [ RunTime:0.000588s ]

