[ 2017-07-14T11:15:55+08:00 ] ::1 /yeyicms/admin.php
INFO: [ app_init ] --START--
INFO: Run Behavior\BuildLiteBehavior [ RunTime:0.000000s ]
INFO: [ app_init ] --END-- [ RunTime:0.006001s ]
INFO: [ app_begin ] --START--
INFO: Run Behavior\ReadHtmlCacheBehavior [ RunTime:0.030001s ]
INFO: [ app_begin ] --END-- [ RunTime:0.030001s ]
SQL: SHOW COLUMNS FROM `rt_admin` [ RunTime:0.0500s ]
NOTIC: [8] Undefined index: userid D:\phpstudy\WWW\yeyicms\Application\Admin\Controller\GlobalController.class.php 第 67 行.
SQL: SELECT * FROM `rt_admin` WHERE `id` = null LIMIT 1   [ RunTime:0.0010s ]
SQL: SHOW COLUMNS FROM `rt_admin_group` [ RunTime:0.0650s ]
SQL: SELECT * FROM `rt_admin_group` WHERE `id` = null LIMIT 1   [ RunTime:0.0010s ]
NOTIC: [8] Undefined index: userid D:\phpstudy\WWW\yeyicms\Application\Admin\Controller\GlobalController.class.php 第 67 行.
SQL: SELECT * FROM `rt_admin` WHERE `id` = null LIMIT 1   [ RunTime:0.0000s ]
SQL: SELECT * FROM `rt_admin_group` WHERE `id` = null LIMIT 1   [ RunTime:0.0010s ]
SQL: SHOW COLUMNS FROM `rt_admin_rule` [ RunTime:0.0630s ]
ERR: 1064:You have an error in your SQL syntax; check the manual that corresponds to your MySQL server version for the right syntax to use near ') and status=0 ) ORDER BY sort asc' at line 1
 [ SQL语句 ] : SELECT * FROM `rt_admin_rule` WHERE ( id in() and status=0 ) ORDER BY sort asc 
ERR: 1064:You have an error in your SQL syntax; check the manual that corresponds to your MySQL server version for the right syntax to use near ') and status=0 ) ORDER BY sort asc' at line 1
 [ SQL语句 ] : SELECT * FROM `rt_admin_rule` WHERE ( id in() and status=0 ) ORDER BY sort asc 

[ 2017-07-14T11:17:11+08:00 ] ::1 /yeyicms/admin.php
INFO: [ app_init ] --START--
INFO: Run Behavior\BuildLiteBehavior [ RunTime:0.001000s ]
INFO: [ app_init ] --END-- [ RunTime:0.001000s ]
INFO: [ app_begin ] --START--
INFO: Run Behavior\ReadHtmlCacheBehavior [ RunTime:0.000000s ]
INFO: [ app_begin ] --END-- [ RunTime:0.001000s ]
SQL: SHOW COLUMNS FROM `rt_admin` [ RunTime:0.0120s ]
SQL: SELECT * FROM `rt_admin` WHERE `id` = 1 LIMIT 1   [ RunTime:0.0000s ]
SQL: SHOW COLUMNS FROM `rt_admin_group` [ RunTime:0.0140s ]
SQL: SELECT * FROM `rt_admin_group` WHERE `id` = 2 LIMIT 1   [ RunTime:0.0010s ]
SQL: SHOW COLUMNS FROM `rt_admin_rule` [ RunTime:0.0140s ]
SQL: SELECT * FROM `rt_admin_rule` WHERE ( id in(1,2,3,4,5,6,7,8,9,10,11,12,13,14,15,16,17,18,19,20,36,22,23,24,25,35,26,27,28,29,30,33,34) and status=0 ) ORDER BY sort asc  [ RunTime:0.0010s ]
NOTIC: [8] Use of undefined constant icon - assumed 'icon' D:\phpstudy\WWW\yeyicms\Application\Admin\Controller\GlobalController.class.php 第 25 行.
SQL: SELECT * FROM `rt_admin` WHERE `id` = 1 LIMIT 1   [ RunTime:0.0000s ]
SQL: SELECT * FROM `rt_admin_group` WHERE `id` = 2 LIMIT 1   [ RunTime:0.0000s ]
INFO: [ view_parse ] --START--
INFO: [ template_filter ] --START--
INFO: Run Behavior\ContentReplaceBehavior [ RunTime:0.000000s ]
INFO: [ template_filter ] --END-- [ RunTime:0.000000s ]
NOTIC: [8] Use of undefined constant userid - assumed 'userid' D:\phpstudy\WWW\yeyicms\Application\Runtime\Cache\Admin\b595b808c2ebeeeb0478ffc30bb4e87a.php 第 250 行.
NOTIC: [8] Undefined index: userid D:\phpstudy\WWW\yeyicms\Application\Runtime\Cache\Admin\b595b808c2ebeeeb0478ffc30bb4e87a.php 第 250 行.
NOTIC: [8] Use of undefined constant pid - assumed 'pid' D:\phpstudy\WWW\yeyicms\Application\Runtime\Cache\Admin\b595b808c2ebeeeb0478ffc30bb4e87a.php 第 274 行.
NOTIC: [8] Undefined variable: pid D:\phpstudy\WWW\yeyicms\Application\Runtime\Cache\Admin\b595b808c2ebeeeb0478ffc30bb4e87a.php 第 274 行.
NOTIC: [8] Use of undefined constant pid - assumed 'pid' D:\phpstudy\WWW\yeyicms\Application\Runtime\Cache\Admin\b595b808c2ebeeeb0478ffc30bb4e87a.php 第 274 行.
NOTIC: [8] Undefined variable: pid D:\phpstudy\WWW\yeyicms\Application\Runtime\Cache\Admin\b595b808c2ebeeeb0478ffc30bb4e87a.php 第 274 行.
NOTIC: [8] Use of undefined constant pid - assumed 'pid' D:\phpstudy\WWW\yeyicms\Application\Runtime\Cache\Admin\b595b808c2ebeeeb0478ffc30bb4e87a.php 第 274 行.
NOTIC: [8] Undefined variable: pid D:\phpstudy\WWW\yeyicms\Application\Runtime\Cache\Admin\b595b808c2ebeeeb0478ffc30bb4e87a.php 第 274 行.
NOTIC: [8] Use of undefined constant pid - assumed 'pid' D:\phpstudy\WWW\yeyicms\Application\Runtime\Cache\Admin\b595b808c2ebeeeb0478ffc30bb4e87a.php 第 274 行.
NOTIC: [8] Undefined variable: pid D:\phpstudy\WWW\yeyicms\Application\Runtime\Cache\Admin\b595b808c2ebeeeb0478ffc30bb4e87a.php 第 274 行.
NOTIC: [8] Use of undefined constant pid - assumed 'pid' D:\phpstudy\WWW\yeyicms\Application\Runtime\Cache\Admin\b595b808c2ebeeeb0478ffc30bb4e87a.php 第 274 行.
NOTIC: [8] Undefined variable: pid D:\phpstudy\WWW\yeyicms\Application\Runtime\Cache\Admin\b595b808c2ebeeeb0478ffc30bb4e87a.php 第 274 行.
NOTIC: [8] Use of undefined constant pid - assumed 'pid' D:\phpstudy\WWW\yeyicms\Application\Runtime\Cache\Admin\b595b808c2ebeeeb0478ffc30bb4e87a.php 第 274 行.
NOTIC: [8] Undefined variable: pid D:\phpstudy\WWW\yeyicms\Application\Runtime\Cache\Admin\b595b808c2ebeeeb0478ffc30bb4e87a.php 第 274 行.
NOTIC: [8] Use of undefined constant pid - assumed 'pid' D:\phpstudy\WWW\yeyicms\Application\Runtime\Cache\Admin\b595b808c2ebeeeb0478ffc30bb4e87a.php 第 274 行.
NOTIC: [8] Undefined variable: pid D:\phpstudy\WWW\yeyicms\Application\Runtime\Cache\Admin\b595b808c2ebeeeb0478ffc30bb4e87a.php 第 274 行.
NOTIC: [8] Use of undefined constant pid - assumed 'pid' D:\phpstudy\WWW\yeyicms\Application\Runtime\Cache\Admin\b595b808c2ebeeeb0478ffc30bb4e87a.php 第 274 行.
NOTIC: [8] Undefined variable: pid D:\phpstudy\WWW\yeyicms\Application\Runtime\Cache\Admin\b595b808c2ebeeeb0478ffc30bb4e87a.php 第 274 行.
NOTIC: [8] Use of undefined constant pid - assumed 'pid' D:\phpstudy\WWW\yeyicms\Application\Runtime\Cache\Admin\b595b808c2ebeeeb0478ffc30bb4e87a.php 第 274 行.
NOTIC: [8] Undefined variable: pid D:\phpstudy\WWW\yeyicms\Application\Runtime\Cache\Admin\b595b808c2ebeeeb0478ffc30bb4e87a.php 第 274 行.
NOTIC: [8] Use of undefined constant pid - assumed 'pid' D:\phpstudy\WWW\yeyicms\Application\Runtime\Cache\Admin\b595b808c2ebeeeb0478ffc30bb4e87a.php 第 274 行.
NOTIC: [8] Undefined variable: pid D:\phpstudy\WWW\yeyicms\Application\Runtime\Cache\Admin\b595b808c2ebeeeb0478ffc30bb4e87a.php 第 274 行.
INFO: Run Behavior\ParseTemplateBehavior [ RunTime:0.124007s ]
INFO: [ view_parse ] --END-- [ RunTime:0.124007s ]
INFO: [ view_filter ] --START--
INFO: Run Behavior\WriteHtmlCacheBehavior [ RunTime:0.011000s ]
INFO: [ view_filter ] --END-- [ RunTime:0.012001s ]
INFO: [ app_end ] --START--
INFO: Run Behavior\ShowPageTraceBehavior [ RunTime:0.030001s ]
INFO: [ app_end ] --END-- [ RunTime:0.030001s ]

[ 2017-07-14T11:17:17+08:00 ] ::1 /yeyicms/admin.php/group/g_list
INFO: [ app_init ] --START--
INFO: Run Behavior\BuildLiteBehavior [ RunTime:0.000000s ]
INFO: [ app_init ] --END-- [ RunTime:0.001000s ]
INFO: [ app_begin ] --START--
INFO: Run Behavior\ReadHtmlCacheBehavior [ RunTime:0.001000s ]
INFO: [ app_begin ] --END-- [ RunTime:0.001000s ]
SQL: SHOW COLUMNS FROM `rt_admin` [ RunTime:0.0140s ]
SQL: SELECT * FROM `rt_admin` WHERE `id` = 1 LIMIT 1   [ RunTime:0.0010s ]
SQL: SHOW COLUMNS FROM `rt_admin_group` [ RunTime:0.0140s ]
SQL: SELECT * FROM `rt_admin_group` WHERE `id` = 2 LIMIT 1   [ RunTime:0.0000s ]
SQL: SHOW COLUMNS FROM `rt_admin_rule` [ RunTime:0.0150s ]
SQL: SELECT * FROM `rt_admin_rule` WHERE ( id in(1,2,3,4,5,6,7,8,9,10,11,12,13,14,15,16,17,18,19,20,36,22,23,24,25,35,26,27,28,29,30,33,34) and status=0 ) ORDER BY sort asc  [ RunTime:0.0000s ]
NOTIC: [8] Use of undefined constant icon - assumed 'icon' D:\phpstudy\WWW\yeyicms\Application\Admin\Controller\GlobalController.class.php 第 25 行.
SQL: SELECT * FROM `rt_admin` WHERE `id` = 1 LIMIT 1   [ RunTime:0.0000s ]
SQL: SELECT * FROM `rt_admin_group` WHERE `id` = 2 LIMIT 1   [ RunTime:0.0000s ]
SQL: SELECT `id`,`pid`,`title` FROM `rt_admin_rule` WHERE `url` = 'group/g_list' LIMIT 1   [ RunTime:0.0000s ]
SQL: SELECT COUNT(*) AS tp_count FROM `rt_admin_group` LIMIT 1   [ RunTime:0.0000s ]
SQL: SELECT * FROM `rt_admin_group` ORDER BY id LIMIT 0,15   [ RunTime:0.0000s ]
INFO: [ view_parse ] --START--
INFO: [ template_filter ] --START--
INFO: Run Behavior\ContentReplaceBehavior [ RunTime:0.000000s ]
INFO: [ template_filter ] --END-- [ RunTime:0.000000s ]
NOTIC: [8] Use of undefined constant userid - assumed 'userid' D:\phpstudy\WWW\yeyicms\Application\Runtime\Cache\Admin\319232a5abf2e2de24370d9c6a1bf7e2.php 第 250 行.
NOTIC: [8] Undefined index: userid D:\phpstudy\WWW\yeyicms\Application\Runtime\Cache\Admin\319232a5abf2e2de24370d9c6a1bf7e2.php 第 250 行.
NOTIC: [8] Use of undefined constant pid - assumed 'pid' D:\phpstudy\WWW\yeyicms\Application\Runtime\Cache\Admin\319232a5abf2e2de24370d9c6a1bf7e2.php 第 274 行.
NOTIC: [8] Use of undefined constant pid - assumed 'pid' D:\phpstudy\WWW\yeyicms\Application\Runtime\Cache\Admin\319232a5abf2e2de24370d9c6a1bf7e2.php 第 274 行.
NOTIC: [8] Use of undefined constant pid - assumed 'pid' D:\phpstudy\WWW\yeyicms\Application\Runtime\Cache\Admin\319232a5abf2e2de24370d9c6a1bf7e2.php 第 274 行.
NOTIC: [8] Use of undefined constant pid - assumed 'pid' D:\phpstudy\WWW\yeyicms\Application\Runtime\Cache\Admin\319232a5abf2e2de24370d9c6a1bf7e2.php 第 274 行.
NOTIC: [8] Use of undefined constant pid - assumed 'pid' D:\phpstudy\WWW\yeyicms\Application\Runtime\Cache\Admin\319232a5abf2e2de24370d9c6a1bf7e2.php 第 274 行.
NOTIC: [8] Use of undefined constant pid - assumed 'pid' D:\phpstudy\WWW\yeyicms\Application\Runtime\Cache\Admin\319232a5abf2e2de24370d9c6a1bf7e2.php 第 274 行.
NOTIC: [8] Use of undefined constant pid - assumed 'pid' D:\phpstudy\WWW\yeyicms\Application\Runtime\Cache\Admin\319232a5abf2e2de24370d9c6a1bf7e2.php 第 274 行.
NOTIC: [8] Use of undefined constant pid - assumed 'pid' D:\phpstudy\WWW\yeyicms\Application\Runtime\Cache\Admin\319232a5abf2e2de24370d9c6a1bf7e2.php 第 274 行.
NOTIC: [8] Use of undefined constant pid - assumed 'pid' D:\phpstudy\WWW\yeyicms\Application\Runtime\Cache\Admin\319232a5abf2e2de24370d9c6a1bf7e2.php 第 274 行.
NOTIC: [8] Use of undefined constant pid - assumed 'pid' D:\phpstudy\WWW\yeyicms\Application\Runtime\Cache\Admin\319232a5abf2e2de24370d9c6a1bf7e2.php 第 274 行.
NOTIC: [8] Use of undefined constant id - assumed 'id' D:\phpstudy\WWW\yeyicms\Application\Runtime\Cache\Admin\319232a5abf2e2de24370d9c6a1bf7e2.php 第 321 行.
NOTIC: [8] Use of undefined constant id - assumed 'id' D:\phpstudy\WWW\yeyicms\Application\Runtime\Cache\Admin\319232a5abf2e2de24370d9c6a1bf7e2.php 第 322 行.
NOTIC: [8] Undefined index: last D:\phpstudy\WWW\yeyicms\Application\Runtime\Cache\Admin\319232a5abf2e2de24370d9c6a1bf7e2.php 第 325 行.
NOTIC: [8] Use of undefined constant id - assumed 'id' D:\phpstudy\WWW\yeyicms\Application\Runtime\Cache\Admin\319232a5abf2e2de24370d9c6a1bf7e2.php 第 321 行.
NOTIC: [8] Use of undefined constant id - assumed 'id' D:\phpstudy\WWW\yeyicms\Application\Runtime\Cache\Admin\319232a5abf2e2de24370d9c6a1bf7e2.php 第 322 行.
NOTIC: [8] Undefined index: last D:\phpstudy\WWW\yeyicms\Application\Runtime\Cache\Admin\319232a5abf2e2de24370d9c6a1bf7e2.php 第 325 行.
NOTIC: [8] Use of undefined constant id - assumed 'id' D:\phpstudy\WWW\yeyicms\Application\Runtime\Cache\Admin\319232a5abf2e2de24370d9c6a1bf7e2.php 第 321 行.
NOTIC: [8] Use of undefined constant id - assumed 'id' D:\phpstudy\WWW\yeyicms\Application\Runtime\Cache\Admin\319232a5abf2e2de24370d9c6a1bf7e2.php 第 322 行.
NOTIC: [8] Undefined index: last D:\phpstudy\WWW\yeyicms\Application\Runtime\Cache\Admin\319232a5abf2e2de24370d9c6a1bf7e2.php 第 325 行.
INFO: Run Behavior\ParseTemplateBehavior [ RunTime:0.037002s ]
INFO: [ view_parse ] --END-- [ RunTime:0.037002s ]
INFO: [ view_filter ] --START--
INFO: Run Behavior\WriteHtmlCacheBehavior [ RunTime:0.001000s ]
INFO: [ view_filter ] --END-- [ RunTime:0.001000s ]
INFO: [ app_end ] --START--
INFO: Run Behavior\ShowPageTraceBehavior [ RunTime:0.001000s ]
INFO: [ app_end ] --END-- [ RunTime:0.001000s ]

[ 2017-07-14T11:17:20+08:00 ] ::1 /yeyicms/admin.php/user/u_list
INFO: [ app_init ] --START--
INFO: Run Behavior\BuildLiteBehavior [ RunTime:0.000000s ]
INFO: [ app_init ] --END-- [ RunTime:0.001000s ]
INFO: [ app_begin ] --START--
INFO: Run Behavior\ReadHtmlCacheBehavior [ RunTime:0.000000s ]
INFO: [ app_begin ] --END-- [ RunTime:0.001000s ]
SQL: SHOW COLUMNS FROM `rt_admin` [ RunTime:0.0110s ]
SQL: SELECT * FROM `rt_admin` WHERE `id` = 1 LIMIT 1   [ RunTime:0.0010s ]
SQL: SHOW COLUMNS FROM `rt_admin_group` [ RunTime:0.0150s ]
SQL: SELECT * FROM `rt_admin_group` WHERE `id` = 2 LIMIT 1   [ RunTime:0.0000s ]
SQL: SHOW COLUMNS FROM `rt_admin_rule` [ RunTime:0.0140s ]
SQL: SELECT * FROM `rt_admin_rule` WHERE ( id in(1,2,3,4,5,6,7,8,9,10,11,12,13,14,15,16,17,18,19,20,36,22,23,24,25,35,26,27,28,29,30,33,34) and status=0 ) ORDER BY sort asc  [ RunTime:0.0010s ]
NOTIC: [8] Use of undefined constant icon - assumed 'icon' D:\phpstudy\WWW\yeyicms\Application\Admin\Controller\GlobalController.class.php 第 25 行.
SQL: SELECT * FROM `rt_admin` WHERE `id` = 1 LIMIT 1   [ RunTime:0.0000s ]
SQL: SELECT * FROM `rt_admin_group` WHERE `id` = 2 LIMIT 1   [ RunTime:0.0000s ]
SQL: SELECT `id`,`pid`,`title` FROM `rt_admin_rule` WHERE `url` = 'user/u_list' LIMIT 1   [ RunTime:0.0000s ]
SQL: SELECT COUNT(*) AS tp_count FROM `rt_admin` LIMIT 1   [ RunTime:0.0000s ]
SQL: SELECT * FROM `rt_admin` ORDER BY id LIMIT 0,15   [ RunTime:0.0010s ]
SQL: SELECT * FROM `rt_admin_group`  [ RunTime:0.0000s ]
INFO: [ view_parse ] --START--
INFO: [ template_filter ] --START--
INFO: Run Behavior\ContentReplaceBehavior [ RunTime:0.001000s ]
INFO: [ template_filter ] --END-- [ RunTime:0.001000s ]
NOTIC: [8] Use of undefined constant userid - assumed 'userid' D:\phpstudy\WWW\yeyicms\Application\Runtime\Cache\Admin\31606c951241bf72fd38eb69c047051e.php 第 250 行.
NOTIC: [8] Undefined index: userid D:\phpstudy\WWW\yeyicms\Application\Runtime\Cache\Admin\31606c951241bf72fd38eb69c047051e.php 第 250 行.
NOTIC: [8] Use of undefined constant pid - assumed 'pid' D:\phpstudy\WWW\yeyicms\Application\Runtime\Cache\Admin\31606c951241bf72fd38eb69c047051e.php 第 274 行.
NOTIC: [8] Use of undefined constant pid - assumed 'pid' D:\phpstudy\WWW\yeyicms\Application\Runtime\Cache\Admin\31606c951241bf72fd38eb69c047051e.php 第 274 行.
NOTIC: [8] Use of undefined constant pid - assumed 'pid' D:\phpstudy\WWW\yeyicms\Application\Runtime\Cache\Admin\31606c951241bf72fd38eb69c047051e.php 第 274 行.
NOTIC: [8] Use of undefined constant pid - assumed 'pid' D:\phpstudy\WWW\yeyicms\Application\Runtime\Cache\Admin\31606c951241bf72fd38eb69c047051e.php 第 274 行.
NOTIC: [8] Use of undefined constant pid - assumed 'pid' D:\phpstudy\WWW\yeyicms\Application\Runtime\Cache\Admin\31606c951241bf72fd38eb69c047051e.php 第 274 行.
NOTIC: [8] Use of undefined constant pid - assumed 'pid' D:\phpstudy\WWW\yeyicms\Application\Runtime\Cache\Admin\31606c951241bf72fd38eb69c047051e.php 第 274 行.
NOTIC: [8] Use of undefined constant pid - assumed 'pid' D:\phpstudy\WWW\yeyicms\Application\Runtime\Cache\Admin\31606c951241bf72fd38eb69c047051e.php 第 274 行.
NOTIC: [8] Use of undefined constant pid - assumed 'pid' D:\phpstudy\WWW\yeyicms\Application\Runtime\Cache\Admin\31606c951241bf72fd38eb69c047051e.php 第 274 行.
NOTIC: [8] Use of undefined constant pid - assumed 'pid' D:\phpstudy\WWW\yeyicms\Application\Runtime\Cache\Admin\31606c951241bf72fd38eb69c047051e.php 第 274 行.
NOTIC: [8] Use of undefined constant pid - assumed 'pid' D:\phpstudy\WWW\yeyicms\Application\Runtime\Cache\Admin\31606c951241bf72fd38eb69c047051e.php 第 274 行.
NOTIC: [8] Use of undefined constant id - assumed 'id' D:\phpstudy\WWW\yeyicms\Application\Runtime\Cache\Admin\31606c951241bf72fd38eb69c047051e.php 第 329 行.
NOTIC: [8] Use of undefined constant id - assumed 'id' D:\phpstudy\WWW\yeyicms\Application\Runtime\Cache\Admin\31606c951241bf72fd38eb69c047051e.php 第 329 行.
NOTIC: [8] Use of undefined constant id - assumed 'id' D:\phpstudy\WWW\yeyicms\Application\Runtime\Cache\Admin\31606c951241bf72fd38eb69c047051e.php 第 330 行.
NOTIC: [8] Use of undefined constant id - assumed 'id' D:\phpstudy\WWW\yeyicms\Application\Runtime\Cache\Admin\31606c951241bf72fd38eb69c047051e.php 第 329 行.
NOTIC: [8] Use of undefined constant id - assumed 'id' D:\phpstudy\WWW\yeyicms\Application\Runtime\Cache\Admin\31606c951241bf72fd38eb69c047051e.php 第 330 行.
INFO: Run Behavior\ParseTemplateBehavior [ RunTime:0.071004s ]
INFO: [ view_parse ] --END-- [ RunTime:0.071004s ]
INFO: [ view_filter ] --START--
INFO: Run Behavior\WriteHtmlCacheBehavior [ RunTime:0.000000s ]
INFO: [ view_filter ] --END-- [ RunTime:0.000000s ]
INFO: [ app_end ] --START--
INFO: Run Behavior\ShowPageTraceBehavior [ RunTime:0.000000s ]
INFO: [ app_end ] --END-- [ RunTime:0.001000s ]

[ 2017-07-14T11:17:26+08:00 ] ::1 /yeyicms/admin.php
INFO: [ app_init ] --START--
INFO: Run Behavior\BuildLiteBehavior [ RunTime:0.000000s ]
INFO: [ app_init ] --END-- [ RunTime:0.000000s ]
INFO: [ app_begin ] --START--
INFO: Run Behavior\ReadHtmlCacheBehavior [ RunTime:0.001000s ]
INFO: [ app_begin ] --END-- [ RunTime:0.001000s ]
SQL: SHOW COLUMNS FROM `rt_admin` [ RunTime:0.0150s ]
SQL: SELECT * FROM `rt_admin` WHERE `id` = 1 LIMIT 1   [ RunTime:0.0000s ]
SQL: SHOW COLUMNS FROM `rt_admin_group` [ RunTime:0.0150s ]
SQL: SELECT * FROM `rt_admin_group` WHERE `id` = 2 LIMIT 1   [ RunTime:0.0000s ]
SQL: SHOW COLUMNS FROM `rt_admin_rule` [ RunTime:0.0150s ]
SQL: SELECT * FROM `rt_admin_rule` WHERE ( id in(1,2,3,4,5,6,7,8,9,10,11,12,13,14,15,16,17,18,19,20,36,22,23,24,25,35,26,27,28,29,30,33,34) and status=0 ) ORDER BY sort asc  [ RunTime:0.0000s ]
NOTIC: [8] Use of undefined constant icon - assumed 'icon' D:\phpstudy\WWW\yeyicms\Application\Admin\Controller\GlobalController.class.php 第 25 行.
SQL: SELECT * FROM `rt_admin` WHERE `id` = 1 LIMIT 1   [ RunTime:0.0000s ]
SQL: SELECT * FROM `rt_admin_group` WHERE `id` = 2 LIMIT 1   [ RunTime:0.0000s ]
INFO: [ view_parse ] --START--
INFO: [ template_filter ] --START--
INFO: Run Behavior\ContentReplaceBehavior [ RunTime:0.000000s ]
INFO: [ template_filter ] --END-- [ RunTime:0.000000s ]
NOTIC: [8] Use of undefined constant userid - assumed 'userid' D:\phpstudy\WWW\yeyicms\Application\Runtime\Cache\Admin\b595b808c2ebeeeb0478ffc30bb4e87a.php 第 250 行.
NOTIC: [8] Undefined index: userid D:\phpstudy\WWW\yeyicms\Application\Runtime\Cache\Admin\b595b808c2ebeeeb0478ffc30bb4e87a.php 第 250 行.
NOTIC: [8] Use of undefined constant pid - assumed 'pid' D:\phpstudy\WWW\yeyicms\Application\Runtime\Cache\Admin\b595b808c2ebeeeb0478ffc30bb4e87a.php 第 274 行.
NOTIC: [8] Undefined variable: pid D:\phpstudy\WWW\yeyicms\Application\Runtime\Cache\Admin\b595b808c2ebeeeb0478ffc30bb4e87a.php 第 274 行.
NOTIC: [8] Use of undefined constant pid - assumed 'pid' D:\phpstudy\WWW\yeyicms\Application\Runtime\Cache\Admin\b595b808c2ebeeeb0478ffc30bb4e87a.php 第 274 行.
NOTIC: [8] Undefined variable: pid D:\phpstudy\WWW\yeyicms\Application\Runtime\Cache\Admin\b595b808c2ebeeeb0478ffc30bb4e87a.php 第 274 行.
NOTIC: [8] Use of undefined constant pid - assumed 'pid' D:\phpstudy\WWW\yeyicms\Application\Runtime\Cache\Admin\b595b808c2ebeeeb0478ffc30bb4e87a.php 第 274 行.
NOTIC: [8] Undefined variable: pid D:\phpstudy\WWW\yeyicms\Application\Runtime\Cache\Admin\b595b808c2ebeeeb0478ffc30bb4e87a.php 第 274 行.
NOTIC: [8] Use of undefined constant pid - assumed 'pid' D:\phpstudy\WWW\yeyicms\Application\Runtime\Cache\Admin\b595b808c2ebeeeb0478ffc30bb4e87a.php 第 274 行.
NOTIC: [8] Undefined variable: pid D:\phpstudy\WWW\yeyicms\Application\Runtime\Cache\Admin\b595b808c2ebeeeb0478ffc30bb4e87a.php 第 274 行.
NOTIC: [8] Use of undefined constant pid - assumed 'pid' D:\phpstudy\WWW\yeyicms\Application\Runtime\Cache\Admin\b595b808c2ebeeeb0478ffc30bb4e87a.php 第 274 行.
NOTIC: [8] Undefined variable: pid D:\phpstudy\WWW\yeyicms\Application\Runtime\Cache\Admin\b595b808c2ebeeeb0478ffc30bb4e87a.php 第 274 行.
NOTIC: [8] Use of undefined constant pid - assumed 'pid' D:\phpstudy\WWW\yeyicms\Application\Runtime\Cache\Admin\b595b808c2ebeeeb0478ffc30bb4e87a.php 第 274 行.
NOTIC: [8] Undefined variable: pid D:\phpstudy\WWW\yeyicms\Application\Runtime\Cache\Admin\b595b808c2ebeeeb0478ffc30bb4e87a.php 第 274 行.
NOTIC: [8] Use of undefined constant pid - assumed 'pid' D:\phpstudy\WWW\yeyicms\Application\Runtime\Cache\Admin\b595b808c2ebeeeb0478ffc30bb4e87a.php 第 274 行.
NOTIC: [8] Undefined variable: pid D:\phpstudy\WWW\yeyicms\Application\Runtime\Cache\Admin\b595b808c2ebeeeb0478ffc30bb4e87a.php 第 274 行.
NOTIC: [8] Use of undefined constant pid - assumed 'pid' D:\phpstudy\WWW\yeyicms\Application\Runtime\Cache\Admin\b595b808c2ebeeeb0478ffc30bb4e87a.php 第 274 行.
NOTIC: [8] Undefined variable: pid D:\phpstudy\WWW\yeyicms\Application\Runtime\Cache\Admin\b595b808c2ebeeeb0478ffc30bb4e87a.php 第 274 行.
NOTIC: [8] Use of undefined constant pid - assumed 'pid' D:\phpstudy\WWW\yeyicms\Application\Runtime\Cache\Admin\b595b808c2ebeeeb0478ffc30bb4e87a.php 第 274 行.
NOTIC: [8] Undefined variable: pid D:\phpstudy\WWW\yeyicms\Application\Runtime\Cache\Admin\b595b808c2ebeeeb0478ffc30bb4e87a.php 第 274 行.
NOTIC: [8] Use of undefined constant pid - assumed 'pid' D:\phpstudy\WWW\yeyicms\Application\Runtime\Cache\Admin\b595b808c2ebeeeb0478ffc30bb4e87a.php 第 274 行.
NOTIC: [8] Undefined variable: pid D:\phpstudy\WWW\yeyicms\Application\Runtime\Cache\Admin\b595b808c2ebeeeb0478ffc30bb4e87a.php 第 274 行.
INFO: Run Behavior\ParseTemplateBehavior [ RunTime:0.026001s ]
INFO: [ view_parse ] --END-- [ RunTime:0.026001s ]
INFO: [ view_filter ] --START--
INFO: Run Behavior\WriteHtmlCacheBehavior [ RunTime:0.001000s ]
INFO: [ view_filter ] --END-- [ RunTime:0.001000s ]
INFO: [ app_end ] --START--
INFO: Run Behavior\ShowPageTraceBehavior [ RunTime:0.001000s ]
INFO: [ app_end ] --END-- [ RunTime:0.001000s ]

[ 2017-07-14T11:17:35+08:00 ] ::1 /yeyicms/admin.php/Login/index.html
INFO: [ app_init ] --START--
INFO: Run Behavior\BuildLiteBehavior [ RunTime:0.000000s ]
INFO: [ app_init ] --END-- [ RunTime:0.000000s ]
INFO: [ app_begin ] --START--
INFO: Run Behavior\ReadHtmlCacheBehavior [ RunTime:0.001000s ]
INFO: [ app_begin ] --END-- [ RunTime:0.001000s ]
INFO: [ view_parse ] --START--
INFO: [ template_filter ] --START--
INFO: Run Behavior\ContentReplaceBehavior [ RunTime:0.001000s ]
INFO: [ template_filter ] --END-- [ RunTime:0.001000s ]
INFO: Run Behavior\ParseTemplateBehavior [ RunTime:0.022001s ]
INFO: [ view_parse ] --END-- [ RunTime:0.022001s ]
INFO: [ view_filter ] --START--
INFO: Run Behavior\WriteHtmlCacheBehavior [ RunTime:0.000000s ]
INFO: [ view_filter ] --END-- [ RunTime:0.000000s ]
INFO: [ app_end ] --START--
INFO: Run Behavior\ShowPageTraceBehavior [ RunTime:0.000000s ]
INFO: [ app_end ] --END-- [ RunTime:0.000000s ]

