[ 2017-07-09T14:27:01+08:00 ] ::1 /yeyicms/admin.php
INFO: [ app_init ] --START--
INFO: Run Behavior\BuildLiteBehavior [ RunTime:0.000035s ]
INFO: [ app_init ] --END-- [ RunTime:0.001198s ]
INFO: [ app_begin ] --START--
INFO: Run Behavior\ReadHtmlCacheBehavior [ RunTime:0.000668s ]
INFO: [ app_begin ] --END-- [ RunTime:0.000821s ]
NOTIC: [8] Undefined index: user_id E:\wamp\www\yeyicms\Application\Admin\Controller\GlobalController.class.php 第 35 行.

[ 2017-07-09T14:27:01+08:00 ] ::1 /yeyicms/admin.php/Login/index.html
INFO: [ app_init ] --START--
INFO: Run Behavior\BuildLiteBehavior [ RunTime:0.000026s ]
INFO: [ app_init ] --END-- [ RunTime:0.000575s ]
INFO: [ app_begin ] --START--
INFO: Run Behavior\ReadHtmlCacheBehavior [ RunTime:0.000507s ]
INFO: [ app_begin ] --END-- [ RunTime:0.000602s ]
INFO: [ view_parse ] --START--
INFO: [ template_filter ] --START--
INFO: Run Behavior\ContentReplaceBehavior [ RunTime:0.001599s ]
INFO: [ template_filter ] --END-- [ RunTime:0.001707s ]
INFO: Run Behavior\ParseTemplateBehavior [ RunTime:0.007964s ]
INFO: [ view_parse ] --END-- [ RunTime:0.008081s ]
INFO: [ view_filter ] --START--
INFO: Run Behavior\WriteHtmlCacheBehavior [ RunTime:0.000425s ]
INFO: [ view_filter ] --END-- [ RunTime:0.000532s ]
INFO: [ app_end ] --START--
INFO: Run Behavior\ShowPageTraceBehavior [ RunTime:0.000589s ]
INFO: [ app_end ] --END-- [ RunTime:0.000687s ]

[ 2017-07-09T14:27:06+08:00 ] ::1 /yeyicms/admin.php/login/login
INFO: [ app_init ] --START--
INFO: Run Behavior\BuildLiteBehavior [ RunTime:0.000028s ]
INFO: [ app_init ] --END-- [ RunTime:0.000621s ]
INFO: [ app_begin ] --START--
INFO: Run Behavior\ReadHtmlCacheBehavior [ RunTime:0.000678s ]
INFO: [ app_begin ] --END-- [ RunTime:0.000785s ]
SQL: SHOW COLUMNS FROM `rt_admin` [ RunTime:0.0253s ]
NOTIC: [8] Use of undefined constant trim - assumed 'trim' E:\wamp\www\yeyicms\Application\Admin\Controller\LoginController.class.php 第 21 行.
SQL: SELECT * FROM `rt_admin` WHERE `username` = 'admin' LIMIT 1   [ RunTime:0.0041s ]
NOTIC: [8] Use of undefined constant md5 - assumed 'md5' E:\wamp\www\yeyicms\Application\Admin\Controller\LoginController.class.php 第 24 行.
SQL: UPDATE `rt_admin` SET `login_ip`='0.0.0.0',`login_time`='1499581626' WHERE `id` = 1 [ RunTime:0.0040s ]

[ 2017-07-09T14:27:06+08:00 ] ::1 /yeyicms/admin.php/index/index
INFO: [ app_init ] --START--
INFO: Run Behavior\BuildLiteBehavior [ RunTime:0.000023s ]
INFO: [ app_init ] --END-- [ RunTime:0.000412s ]
INFO: [ app_begin ] --START--
INFO: Run Behavior\ReadHtmlCacheBehavior [ RunTime:0.000455s ]
INFO: [ app_begin ] --END-- [ RunTime:0.000554s ]
SQL: SHOW COLUMNS FROM `rt_admin` [ RunTime:0.0038s ]
SQL: SELECT * FROM `rt_admin` WHERE `id` = 1 LIMIT 1   [ RunTime:0.0003s ]
SQL: SHOW COLUMNS FROM `rt_admin_group` [ RunTime:0.0061s ]
SQL: SELECT * FROM `rt_admin_group` WHERE `id` = 2 LIMIT 1   [ RunTime:0.0002s ]
SQL: SELECT * FROM `rt_admin` WHERE `id` = 1 LIMIT 1   [ RunTime:0.0002s ]
SQL: SELECT * FROM `rt_admin_group` WHERE `id` = 2 LIMIT 1   [ RunTime:0.0002s ]
SQL: SHOW COLUMNS FROM `rt_admin_rule` [ RunTime:0.0065s ]
SQL: SELECT * FROM `rt_admin_rule` WHERE ( id in(1,2,3,4,5,6,7,8,9,10,11,12,13,14,15,16,17,18,19,20,36,22,23,24,25,35,26,27,28,29,30,33,34) and status=0 ) ORDER BY sort asc  [ RunTime:0.0025s ]
NOTIC: [8] Use of undefined constant icon - assumed 'icon' E:\wamp\www\yeyicms\Application\Admin\Controller\GlobalController.class.php 第 25 行.
INFO: [ view_parse ] --START--
INFO: [ template_filter ] --START--
INFO: Run Behavior\ContentReplaceBehavior [ RunTime:0.000266s ]
INFO: [ template_filter ] --END-- [ RunTime:0.000368s ]
NOTIC: [8] Use of undefined constant userid - assumed 'userid' E:\wamp\www\yeyicms\Application\Runtime\Cache\Admin\b595b808c2ebeeeb0478ffc30bb4e87a.php 第 250 行.
NOTIC: [8] Use of undefined constant pid - assumed 'pid' E:\wamp\www\yeyicms\Application\Runtime\Cache\Admin\b595b808c2ebeeeb0478ffc30bb4e87a.php 第 274 行.
NOTIC: [8] Undefined variable: pid E:\wamp\www\yeyicms\Application\Runtime\Cache\Admin\b595b808c2ebeeeb0478ffc30bb4e87a.php 第 274 行.
NOTIC: [8] Use of undefined constant pid - assumed 'pid' E:\wamp\www\yeyicms\Application\Runtime\Cache\Admin\b595b808c2ebeeeb0478ffc30bb4e87a.php 第 274 行.
NOTIC: [8] Undefined variable: pid E:\wamp\www\yeyicms\Application\Runtime\Cache\Admin\b595b808c2ebeeeb0478ffc30bb4e87a.php 第 274 行.
NOTIC: [8] Use of undefined constant pid - assumed 'pid' E:\wamp\www\yeyicms\Application\Runtime\Cache\Admin\b595b808c2ebeeeb0478ffc30bb4e87a.php 第 274 行.
NOTIC: [8] Undefined variable: pid E:\wamp\www\yeyicms\Application\Runtime\Cache\Admin\b595b808c2ebeeeb0478ffc30bb4e87a.php 第 274 行.
NOTIC: [8] Use of undefined constant pid - assumed 'pid' E:\wamp\www\yeyicms\Application\Runtime\Cache\Admin\b595b808c2ebeeeb0478ffc30bb4e87a.php 第 274 行.
NOTIC: [8] Undefined variable: pid E:\wamp\www\yeyicms\Application\Runtime\Cache\Admin\b595b808c2ebeeeb0478ffc30bb4e87a.php 第 274 行.
NOTIC: [8] Use of undefined constant pid - assumed 'pid' E:\wamp\www\yeyicms\Application\Runtime\Cache\Admin\b595b808c2ebeeeb0478ffc30bb4e87a.php 第 274 行.
NOTIC: [8] Undefined variable: pid E:\wamp\www\yeyicms\Application\Runtime\Cache\Admin\b595b808c2ebeeeb0478ffc30bb4e87a.php 第 274 行.
NOTIC: [8] Use of undefined constant pid - assumed 'pid' E:\wamp\www\yeyicms\Application\Runtime\Cache\Admin\b595b808c2ebeeeb0478ffc30bb4e87a.php 第 274 行.
NOTIC: [8] Undefined variable: pid E:\wamp\www\yeyicms\Application\Runtime\Cache\Admin\b595b808c2ebeeeb0478ffc30bb4e87a.php 第 274 行.
NOTIC: [8] Use of undefined constant pid - assumed 'pid' E:\wamp\www\yeyicms\Application\Runtime\Cache\Admin\b595b808c2ebeeeb0478ffc30bb4e87a.php 第 274 行.
NOTIC: [8] Undefined variable: pid E:\wamp\www\yeyicms\Application\Runtime\Cache\Admin\b595b808c2ebeeeb0478ffc30bb4e87a.php 第 274 行.
NOTIC: [8] Use of undefined constant pid - assumed 'pid' E:\wamp\www\yeyicms\Application\Runtime\Cache\Admin\b595b808c2ebeeeb0478ffc30bb4e87a.php 第 274 行.
NOTIC: [8] Undefined variable: pid E:\wamp\www\yeyicms\Application\Runtime\Cache\Admin\b595b808c2ebeeeb0478ffc30bb4e87a.php 第 274 行.
NOTIC: [8] Use of undefined constant pid - assumed 'pid' E:\wamp\www\yeyicms\Application\Runtime\Cache\Admin\b595b808c2ebeeeb0478ffc30bb4e87a.php 第 274 行.
NOTIC: [8] Undefined variable: pid E:\wamp\www\yeyicms\Application\Runtime\Cache\Admin\b595b808c2ebeeeb0478ffc30bb4e87a.php 第 274 行.
NOTIC: [8] Use of undefined constant pid - assumed 'pid' E:\wamp\www\yeyicms\Application\Runtime\Cache\Admin\b595b808c2ebeeeb0478ffc30bb4e87a.php 第 274 行.
NOTIC: [8] Undefined variable: pid E:\wamp\www\yeyicms\Application\Runtime\Cache\Admin\b595b808c2ebeeeb0478ffc30bb4e87a.php 第 274 行.
INFO: Run Behavior\ParseTemplateBehavior [ RunTime:0.023187s ]
INFO: [ view_parse ] --END-- [ RunTime:0.023317s ]
INFO: [ view_filter ] --START--
INFO: Run Behavior\WriteHtmlCacheBehavior [ RunTime:0.000461s ]
INFO: [ view_filter ] --END-- [ RunTime:0.000549s ]
INFO: [ app_end ] --START--
INFO: Run Behavior\ShowPageTraceBehavior [ RunTime:0.000646s ]
INFO: [ app_end ] --END-- [ RunTime:0.000743s ]

[ 2017-07-09T14:27:09+08:00 ] ::1 /yeyicms/admin.php/menu/m_list
INFO: [ app_init ] --START--
INFO: Run Behavior\BuildLiteBehavior [ RunTime:0.000020s ]
INFO: [ app_init ] --END-- [ RunTime:0.000374s ]
INFO: [ app_begin ] --START--
INFO: Run Behavior\ReadHtmlCacheBehavior [ RunTime:0.000404s ]
INFO: [ app_begin ] --END-- [ RunTime:0.000494s ]
SQL: SHOW COLUMNS FROM `rt_admin` [ RunTime:0.0038s ]
SQL: SELECT * FROM `rt_admin` WHERE `id` = 1 LIMIT 1   [ RunTime:0.0003s ]
SQL: SHOW COLUMNS FROM `rt_admin_group` [ RunTime:0.0026s ]
SQL: SELECT * FROM `rt_admin_group` WHERE `id` = 2 LIMIT 1   [ RunTime:0.0003s ]
SQL: SHOW COLUMNS FROM `rt_admin_rule` [ RunTime:0.0035s ]
SQL: SELECT `id`,`pid` FROM `rt_admin_rule` WHERE `url` = 'menu/m_list' LIMIT 1   [ RunTime:0.0003s ]
SQL: SELECT * FROM `rt_admin` WHERE `id` = 1 LIMIT 1   [ RunTime:0.0004s ]
SQL: SELECT * FROM `rt_admin_group` WHERE `id` = 2 LIMIT 1   [ RunTime:0.0003s ]
SQL: SELECT * FROM `rt_admin_rule` WHERE ( id in(1,2,3,4,5,6,7,8,9,10,11,12,13,14,15,16,17,18,19,20,36,22,23,24,25,35,26,27,28,29,30,33,34) and status=0 ) ORDER BY sort asc  [ RunTime:0.0005s ]
NOTIC: [8] Use of undefined constant icon - assumed 'icon' E:\wamp\www\yeyicms\Application\Admin\Controller\GlobalController.class.php 第 25 行.
SQL: SELECT COUNT(*) AS tp_count FROM `rt_admin_rule` LIMIT 1   [ RunTime:0.0026s ]
SQL: SELECT * FROM `rt_admin_rule` ORDER BY id LIMIT 0,15   [ RunTime:0.0003s ]
INFO: [ view_parse ] --START--
INFO: [ template_filter ] --START--
INFO: Run Behavior\ContentReplaceBehavior [ RunTime:0.000207s ]
INFO: [ template_filter ] --END-- [ RunTime:0.000337s ]
NOTIC: [8] Use of undefined constant userid - assumed 'userid' E:\wamp\www\yeyicms\Application\Runtime\Cache\Admin\f561a1e29d1c7da26a19b67d3d28fe8a.php 第 250 行.
NOTIC: [8] Use of undefined constant pid - assumed 'pid' E:\wamp\www\yeyicms\Application\Runtime\Cache\Admin\f561a1e29d1c7da26a19b67d3d28fe8a.php 第 274 行.
NOTIC: [8] Use of undefined constant pid - assumed 'pid' E:\wamp\www\yeyicms\Application\Runtime\Cache\Admin\f561a1e29d1c7da26a19b67d3d28fe8a.php 第 274 行.
NOTIC: [8] Use of undefined constant pid - assumed 'pid' E:\wamp\www\yeyicms\Application\Runtime\Cache\Admin\f561a1e29d1c7da26a19b67d3d28fe8a.php 第 274 行.
NOTIC: [8] Use of undefined constant pid - assumed 'pid' E:\wamp\www\yeyicms\Application\Runtime\Cache\Admin\f561a1e29d1c7da26a19b67d3d28fe8a.php 第 274 行.
NOTIC: [8] Use of undefined constant pid - assumed 'pid' E:\wamp\www\yeyicms\Application\Runtime\Cache\Admin\f561a1e29d1c7da26a19b67d3d28fe8a.php 第 274 行.
NOTIC: [8] Use of undefined constant pid - assumed 'pid' E:\wamp\www\yeyicms\Application\Runtime\Cache\Admin\f561a1e29d1c7da26a19b67d3d28fe8a.php 第 274 行.
NOTIC: [8] Use of undefined constant pid - assumed 'pid' E:\wamp\www\yeyicms\Application\Runtime\Cache\Admin\f561a1e29d1c7da26a19b67d3d28fe8a.php 第 274 行.
NOTIC: [8] Use of undefined constant pid - assumed 'pid' E:\wamp\www\yeyicms\Application\Runtime\Cache\Admin\f561a1e29d1c7da26a19b67d3d28fe8a.php 第 274 行.
NOTIC: [8] Use of undefined constant pid - assumed 'pid' E:\wamp\www\yeyicms\Application\Runtime\Cache\Admin\f561a1e29d1c7da26a19b67d3d28fe8a.php 第 274 行.
NOTIC: [8] Use of undefined constant pid - assumed 'pid' E:\wamp\www\yeyicms\Application\Runtime\Cache\Admin\f561a1e29d1c7da26a19b67d3d28fe8a.php 第 274 行.
NOTIC: [8] Use of undefined constant status - assumed 'status' E:\wamp\www\yeyicms\Application\Runtime\Cache\Admin\f561a1e29d1c7da26a19b67d3d28fe8a.php 第 327 行.
NOTIC: [8] Use of undefined constant id - assumed 'id' E:\wamp\www\yeyicms\Application\Runtime\Cache\Admin\f561a1e29d1c7da26a19b67d3d28fe8a.php 第 329 行.
NOTIC: [8] Use of undefined constant id - assumed 'id' E:\wamp\www\yeyicms\Application\Runtime\Cache\Admin\f561a1e29d1c7da26a19b67d3d28fe8a.php 第 330 行.
NOTIC: [8] Undefined index: last E:\wamp\www\yeyicms\Application\Runtime\Cache\Admin\f561a1e29d1c7da26a19b67d3d28fe8a.php 第 333 行.
NOTIC: [8] Use of undefined constant status - assumed 'status' E:\wamp\www\yeyicms\Application\Runtime\Cache\Admin\f561a1e29d1c7da26a19b67d3d28fe8a.php 第 327 行.
NOTIC: [8] Use of undefined constant id - assumed 'id' E:\wamp\www\yeyicms\Application\Runtime\Cache\Admin\f561a1e29d1c7da26a19b67d3d28fe8a.php 第 329 行.
NOTIC: [8] Use of undefined constant id - assumed 'id' E:\wamp\www\yeyicms\Application\Runtime\Cache\Admin\f561a1e29d1c7da26a19b67d3d28fe8a.php 第 330 行.
NOTIC: [8] Undefined index: last E:\wamp\www\yeyicms\Application\Runtime\Cache\Admin\f561a1e29d1c7da26a19b67d3d28fe8a.php 第 333 行.
NOTIC: [8] Use of undefined constant status - assumed 'status' E:\wamp\www\yeyicms\Application\Runtime\Cache\Admin\f561a1e29d1c7da26a19b67d3d28fe8a.php 第 327 行.
NOTIC: [8] Use of undefined constant id - assumed 'id' E:\wamp\www\yeyicms\Application\Runtime\Cache\Admin\f561a1e29d1c7da26a19b67d3d28fe8a.php 第 329 行.
NOTIC: [8] Use of undefined constant id - assumed 'id' E:\wamp\www\yeyicms\Application\Runtime\Cache\Admin\f561a1e29d1c7da26a19b67d3d28fe8a.php 第 330 行.
NOTIC: [8] Undefined index: last E:\wamp\www\yeyicms\Application\Runtime\Cache\Admin\f561a1e29d1c7da26a19b67d3d28fe8a.php 第 333 行.
NOTIC: [8] Use of undefined constant status - assumed 'status' E:\wamp\www\yeyicms\Application\Runtime\Cache\Admin\f561a1e29d1c7da26a19b67d3d28fe8a.php 第 327 行.
NOTIC: [8] Use of undefined constant id - assumed 'id' E:\wamp\www\yeyicms\Application\Runtime\Cache\Admin\f561a1e29d1c7da26a19b67d3d28fe8a.php 第 329 行.
NOTIC: [8] Use of undefined constant id - assumed 'id' E:\wamp\www\yeyicms\Application\Runtime\Cache\Admin\f561a1e29d1c7da26a19b67d3d28fe8a.php 第 330 行.
NOTIC: [8] Undefined index: last E:\wamp\www\yeyicms\Application\Runtime\Cache\Admin\f561a1e29d1c7da26a19b67d3d28fe8a.php 第 333 行.
NOTIC: [8] Use of undefined constant status - assumed 'status' E:\wamp\www\yeyicms\Application\Runtime\Cache\Admin\f561a1e29d1c7da26a19b67d3d28fe8a.php 第 327 行.
NOTIC: [8] Use of undefined constant id - assumed 'id' E:\wamp\www\yeyicms\Application\Runtime\Cache\Admin\f561a1e29d1c7da26a19b67d3d28fe8a.php 第 329 行.
NOTIC: [8] Use of undefined constant id - assumed 'id' E:\wamp\www\yeyicms\Application\Runtime\Cache\Admin\f561a1e29d1c7da26a19b67d3d28fe8a.php 第 330 行.
NOTIC: [8] Undefined index: last E:\wamp\www\yeyicms\Application\Runtime\Cache\Admin\f561a1e29d1c7da26a19b67d3d28fe8a.php 第 333 行.
NOTIC: [8] Use of undefined constant status - assumed 'status' E:\wamp\www\yeyicms\Application\Runtime\Cache\Admin\f561a1e29d1c7da26a19b67d3d28fe8a.php 第 327 行.
NOTIC: [8] Use of undefined constant id - assumed 'id' E:\wamp\www\yeyicms\Application\Runtime\Cache\Admin\f561a1e29d1c7da26a19b67d3d28fe8a.php 第 329 行.
NOTIC: [8] Use of undefined constant id - assumed 'id' E:\wamp\www\yeyicms\Application\Runtime\Cache\Admin\f561a1e29d1c7da26a19b67d3d28fe8a.php 第 330 行.
NOTIC: [8] Undefined index: last E:\wamp\www\yeyicms\Application\Runtime\Cache\Admin\f561a1e29d1c7da26a19b67d3d28fe8a.php 第 333 行.
NOTIC: [8] Use of undefined constant status - assumed 'status' E:\wamp\www\yeyicms\Application\Runtime\Cache\Admin\f561a1e29d1c7da26a19b67d3d28fe8a.php 第 327 行.
NOTIC: [8] Use of undefined constant id - assumed 'id' E:\wamp\www\yeyicms\Application\Runtime\Cache\Admin\f561a1e29d1c7da26a19b67d3d28fe8a.php 第 329 行.
NOTIC: [8] Use of undefined constant id - assumed 'id' E:\wamp\www\yeyicms\Application\Runtime\Cache\Admin\f561a1e29d1c7da26a19b67d3d28fe8a.php 第 330 行.
NOTIC: [8] Undefined index: last E:\wamp\www\yeyicms\Application\Runtime\Cache\Admin\f561a1e29d1c7da26a19b67d3d28fe8a.php 第 333 行.
NOTIC: [8] Use of undefined constant status - assumed 'status' E:\wamp\www\yeyicms\Application\Runtime\Cache\Admin\f561a1e29d1c7da26a19b67d3d28fe8a.php 第 327 行.
NOTIC: [8] Use of undefined constant id - assumed 'id' E:\wamp\www\yeyicms\Application\Runtime\Cache\Admin\f561a1e29d1c7da26a19b67d3d28fe8a.php 第 329 行.
NOTIC: [8] Use of undefined constant id - assumed 'id' E:\wamp\www\yeyicms\Application\Runtime\Cache\Admin\f561a1e29d1c7da26a19b67d3d28fe8a.php 第 330 行.
NOTIC: [8] Undefined index: last E:\wamp\www\yeyicms\Application\Runtime\Cache\Admin\f561a1e29d1c7da26a19b67d3d28fe8a.php 第 333 行.
NOTIC: [8] Use of undefined constant status - assumed 'status' E:\wamp\www\yeyicms\Application\Runtime\Cache\Admin\f561a1e29d1c7da26a19b67d3d28fe8a.php 第 327 行.
NOTIC: [8] Use of undefined constant id - assumed 'id' E:\wamp\www\yeyicms\Application\Runtime\Cache\Admin\f561a1e29d1c7da26a19b67d3d28fe8a.php 第 329 行.
NOTIC: [8] Use of undefined constant id - assumed 'id' E:\wamp\www\yeyicms\Application\Runtime\Cache\Admin\f561a1e29d1c7da26a19b67d3d28fe8a.php 第 330 行.
NOTIC: [8] Undefined index: last E:\wamp\www\yeyicms\Application\Runtime\Cache\Admin\f561a1e29d1c7da26a19b67d3d28fe8a.php 第 333 行.
NOTIC: [8] Use of undefined constant status - assumed 'status' E:\wamp\www\yeyicms\Application\Runtime\Cache\Admin\f561a1e29d1c7da26a19b67d3d28fe8a.php 第 327 行.
NOTIC: [8] Use of undefined constant id - assumed 'id' E:\wamp\www\yeyicms\Application\Runtime\Cache\Admin\f561a1e29d1c7da26a19b67d3d28fe8a.php 第 329 行.
NOTIC: [8] Use of undefined constant id - assumed 'id' E:\wamp\www\yeyicms\Application\Runtime\Cache\Admin\f561a1e29d1c7da26a19b67d3d28fe8a.php 第 330 行.
NOTIC: [8] Undefined index: last E:\wamp\www\yeyicms\Application\Runtime\Cache\Admin\f561a1e29d1c7da26a19b67d3d28fe8a.php 第 333 行.
NOTIC: [8] Use of undefined constant status - assumed 'status' E:\wamp\www\yeyicms\Application\Runtime\Cache\Admin\f561a1e29d1c7da26a19b67d3d28fe8a.php 第 327 行.
NOTIC: [8] Use of undefined constant id - assumed 'id' E:\wamp\www\yeyicms\Application\Runtime\Cache\Admin\f561a1e29d1c7da26a19b67d3d28fe8a.php 第 329 行.
NOTIC: [8] Use of undefined constant id - assumed 'id' E:\wamp\www\yeyicms\Application\Runtime\Cache\Admin\f561a1e29d1c7da26a19b67d3d28fe8a.php 第 330 行.
NOTIC: [8] Undefined index: last E:\wamp\www\yeyicms\Application\Runtime\Cache\Admin\f561a1e29d1c7da26a19b67d3d28fe8a.php 第 333 行.
NOTIC: [8] Use of undefined constant status - assumed 'status' E:\wamp\www\yeyicms\Application\Runtime\Cache\Admin\f561a1e29d1c7da26a19b67d3d28fe8a.php 第 327 行.
NOTIC: [8] Use of undefined constant id - assumed 'id' E:\wamp\www\yeyicms\Application\Runtime\Cache\Admin\f561a1e29d1c7da26a19b67d3d28fe8a.php 第 329 行.
NOTIC: [8] Use of undefined constant id - assumed 'id' E:\wamp\www\yeyicms\Application\Runtime\Cache\Admin\f561a1e29d1c7da26a19b67d3d28fe8a.php 第 330 行.
NOTIC: [8] Undefined index: last E:\wamp\www\yeyicms\Application\Runtime\Cache\Admin\f561a1e29d1c7da26a19b67d3d28fe8a.php 第 333 行.
NOTIC: [8] Use of undefined constant status - assumed 'status' E:\wamp\www\yeyicms\Application\Runtime\Cache\Admin\f561a1e29d1c7da26a19b67d3d28fe8a.php 第 327 行.
NOTIC: [8] Use of undefined constant id - assumed 'id' E:\wamp\www\yeyicms\Application\Runtime\Cache\Admin\f561a1e29d1c7da26a19b67d3d28fe8a.php 第 329 行.
NOTIC: [8] Use of undefined constant id - assumed 'id' E:\wamp\www\yeyicms\Application\Runtime\Cache\Admin\f561a1e29d1c7da26a19b67d3d28fe8a.php 第 330 行.
NOTIC: [8] Undefined index: last E:\wamp\www\yeyicms\Application\Runtime\Cache\Admin\f561a1e29d1c7da26a19b67d3d28fe8a.php 第 333 行.
NOTIC: [8] Use of undefined constant status - assumed 'status' E:\wamp\www\yeyicms\Application\Runtime\Cache\Admin\f561a1e29d1c7da26a19b67d3d28fe8a.php 第 327 行.
NOTIC: [8] Use of undefined constant id - assumed 'id' E:\wamp\www\yeyicms\Application\Runtime\Cache\Admin\f561a1e29d1c7da26a19b67d3d28fe8a.php 第 329 行.
NOTIC: [8] Use of undefined constant id - assumed 'id' E:\wamp\www\yeyicms\Application\Runtime\Cache\Admin\f561a1e29d1c7da26a19b67d3d28fe8a.php 第 330 行.
NOTIC: [8] Undefined index: last E:\wamp\www\yeyicms\Application\Runtime\Cache\Admin\f561a1e29d1c7da26a19b67d3d28fe8a.php 第 333 行.
NOTIC: [8] Use of undefined constant status - assumed 'status' E:\wamp\www\yeyicms\Application\Runtime\Cache\Admin\f561a1e29d1c7da26a19b67d3d28fe8a.php 第 327 行.
NOTIC: [8] Use of undefined constant id - assumed 'id' E:\wamp\www\yeyicms\Application\Runtime\Cache\Admin\f561a1e29d1c7da26a19b67d3d28fe8a.php 第 329 行.
NOTIC: [8] Use of undefined constant id - assumed 'id' E:\wamp\www\yeyicms\Application\Runtime\Cache\Admin\f561a1e29d1c7da26a19b67d3d28fe8a.php 第 330 行.
NOTIC: [8] Undefined index: last E:\wamp\www\yeyicms\Application\Runtime\Cache\Admin\f561a1e29d1c7da26a19b67d3d28fe8a.php 第 333 行.
INFO: Run Behavior\ParseTemplateBehavior [ RunTime:0.024927s ]
INFO: [ view_parse ] --END-- [ RunTime:0.025063s ]
INFO: [ view_filter ] --START--
INFO: Run Behavior\WriteHtmlCacheBehavior [ RunTime:0.000436s ]
INFO: [ view_filter ] --END-- [ RunTime:0.000523s ]
INFO: [ app_end ] --START--
INFO: Run Behavior\ShowPageTraceBehavior [ RunTime:0.000689s ]
INFO: [ app_end ] --END-- [ RunTime:0.000801s ]

[ 2017-07-09T14:27:10+08:00 ] ::1 /yeyicms/admin.php/group/g_list
INFO: [ app_init ] --START--
INFO: Run Behavior\BuildLiteBehavior [ RunTime:0.000029s ]
INFO: [ app_init ] --END-- [ RunTime:0.000521s ]
INFO: [ app_begin ] --START--
INFO: Run Behavior\ReadHtmlCacheBehavior [ RunTime:0.000622s ]
INFO: [ app_begin ] --END-- [ RunTime:0.000746s ]
SQL: SHOW COLUMNS FROM `rt_admin` [ RunTime:0.0286s ]
SQL: SELECT * FROM `rt_admin` WHERE `id` = 1 LIMIT 1   [ RunTime:0.0003s ]
SQL: SHOW COLUMNS FROM `rt_admin_group` [ RunTime:0.0032s ]
SQL: SELECT * FROM `rt_admin_group` WHERE `id` = 2 LIMIT 1   [ RunTime:0.0003s ]
SQL: SHOW COLUMNS FROM `rt_admin_rule` [ RunTime:0.0034s ]
SQL: SELECT `id`,`pid` FROM `rt_admin_rule` WHERE `url` = 'group/g_list' LIMIT 1   [ RunTime:0.0003s ]
SQL: SELECT * FROM `rt_admin` WHERE `id` = 1 LIMIT 1   [ RunTime:0.0003s ]
SQL: SELECT * FROM `rt_admin_group` WHERE `id` = 2 LIMIT 1   [ RunTime:0.0003s ]
SQL: SELECT * FROM `rt_admin_rule` WHERE ( id in(1,2,3,4,5,6,7,8,9,10,11,12,13,14,15,16,17,18,19,20,36,22,23,24,25,35,26,27,28,29,30,33,34) and status=0 ) ORDER BY sort asc  [ RunTime:0.0006s ]
NOTIC: [8] Use of undefined constant icon - assumed 'icon' E:\wamp\www\yeyicms\Application\Admin\Controller\GlobalController.class.php 第 25 行.
SQL: SELECT COUNT(*) AS tp_count FROM `rt_admin_group` LIMIT 1   [ RunTime:0.0009s ]
SQL: SELECT * FROM `rt_admin_group` ORDER BY id LIMIT 0,15   [ RunTime:0.0009s ]
INFO: [ view_parse ] --START--
INFO: [ template_filter ] --START--
INFO: Run Behavior\ContentReplaceBehavior [ RunTime:0.000328s ]
INFO: [ template_filter ] --END-- [ RunTime:0.000531s ]
NOTIC: [8] Use of undefined constant userid - assumed 'userid' E:\wamp\www\yeyicms\Application\Runtime\Cache\Admin\319232a5abf2e2de24370d9c6a1bf7e2.php 第 250 行.
NOTIC: [8] Use of undefined constant pid - assumed 'pid' E:\wamp\www\yeyicms\Application\Runtime\Cache\Admin\319232a5abf2e2de24370d9c6a1bf7e2.php 第 274 行.
NOTIC: [8] Use of undefined constant pid - assumed 'pid' E:\wamp\www\yeyicms\Application\Runtime\Cache\Admin\319232a5abf2e2de24370d9c6a1bf7e2.php 第 274 行.
NOTIC: [8] Use of undefined constant pid - assumed 'pid' E:\wamp\www\yeyicms\Application\Runtime\Cache\Admin\319232a5abf2e2de24370d9c6a1bf7e2.php 第 274 行.
NOTIC: [8] Use of undefined constant pid - assumed 'pid' E:\wamp\www\yeyicms\Application\Runtime\Cache\Admin\319232a5abf2e2de24370d9c6a1bf7e2.php 第 274 行.
NOTIC: [8] Use of undefined constant pid - assumed 'pid' E:\wamp\www\yeyicms\Application\Runtime\Cache\Admin\319232a5abf2e2de24370d9c6a1bf7e2.php 第 274 行.
NOTIC: [8] Use of undefined constant pid - assumed 'pid' E:\wamp\www\yeyicms\Application\Runtime\Cache\Admin\319232a5abf2e2de24370d9c6a1bf7e2.php 第 274 行.
NOTIC: [8] Use of undefined constant pid - assumed 'pid' E:\wamp\www\yeyicms\Application\Runtime\Cache\Admin\319232a5abf2e2de24370d9c6a1bf7e2.php 第 274 行.
NOTIC: [8] Use of undefined constant pid - assumed 'pid' E:\wamp\www\yeyicms\Application\Runtime\Cache\Admin\319232a5abf2e2de24370d9c6a1bf7e2.php 第 274 行.
NOTIC: [8] Use of undefined constant pid - assumed 'pid' E:\wamp\www\yeyicms\Application\Runtime\Cache\Admin\319232a5abf2e2de24370d9c6a1bf7e2.php 第 274 行.
NOTIC: [8] Use of undefined constant pid - assumed 'pid' E:\wamp\www\yeyicms\Application\Runtime\Cache\Admin\319232a5abf2e2de24370d9c6a1bf7e2.php 第 274 行.
NOTIC: [8] Use of undefined constant id - assumed 'id' E:\wamp\www\yeyicms\Application\Runtime\Cache\Admin\319232a5abf2e2de24370d9c6a1bf7e2.php 第 321 行.
NOTIC: [8] Use of undefined constant id - assumed 'id' E:\wamp\www\yeyicms\Application\Runtime\Cache\Admin\319232a5abf2e2de24370d9c6a1bf7e2.php 第 322 行.
NOTIC: [8] Undefined index: last E:\wamp\www\yeyicms\Application\Runtime\Cache\Admin\319232a5abf2e2de24370d9c6a1bf7e2.php 第 325 行.
NOTIC: [8] Use of undefined constant id - assumed 'id' E:\wamp\www\yeyicms\Application\Runtime\Cache\Admin\319232a5abf2e2de24370d9c6a1bf7e2.php 第 321 行.
NOTIC: [8] Use of undefined constant id - assumed 'id' E:\wamp\www\yeyicms\Application\Runtime\Cache\Admin\319232a5abf2e2de24370d9c6a1bf7e2.php 第 322 行.
NOTIC: [8] Undefined index: last E:\wamp\www\yeyicms\Application\Runtime\Cache\Admin\319232a5abf2e2de24370d9c6a1bf7e2.php 第 325 行.
NOTIC: [8] Use of undefined constant id - assumed 'id' E:\wamp\www\yeyicms\Application\Runtime\Cache\Admin\319232a5abf2e2de24370d9c6a1bf7e2.php 第 321 行.
NOTIC: [8] Use of undefined constant id - assumed 'id' E:\wamp\www\yeyicms\Application\Runtime\Cache\Admin\319232a5abf2e2de24370d9c6a1bf7e2.php 第 322 行.
NOTIC: [8] Undefined index: last E:\wamp\www\yeyicms\Application\Runtime\Cache\Admin\319232a5abf2e2de24370d9c6a1bf7e2.php 第 325 行.
INFO: Run Behavior\ParseTemplateBehavior [ RunTime:0.044441s ]
INFO: [ view_parse ] --END-- [ RunTime:0.044722s ]
INFO: [ view_filter ] --START--
INFO: Run Behavior\WriteHtmlCacheBehavior [ RunTime:0.000872s ]
INFO: [ view_filter ] --END-- [ RunTime:0.001063s ]
INFO: [ app_end ] --START--
INFO: Run Behavior\ShowPageTraceBehavior [ RunTime:0.001152s ]
INFO: [ app_end ] --END-- [ RunTime:0.001353s ]

[ 2017-07-09T14:27:11+08:00 ] ::1 /yeyicms/admin.php/group/add_group
INFO: [ app_init ] --START--
INFO: Run Behavior\BuildLiteBehavior [ RunTime:0.000028s ]
INFO: [ app_init ] --END-- [ RunTime:0.000543s ]
INFO: [ app_begin ] --START--
INFO: Run Behavior\ReadHtmlCacheBehavior [ RunTime:0.000558s ]
INFO: [ app_begin ] --END-- [ RunTime:0.000682s ]
SQL: SHOW COLUMNS FROM `rt_admin` [ RunTime:0.0041s ]
SQL: SELECT * FROM `rt_admin` WHERE `id` = 1 LIMIT 1   [ RunTime:0.0004s ]
SQL: SHOW COLUMNS FROM `rt_admin_group` [ RunTime:0.0030s ]
SQL: SELECT * FROM `rt_admin_group` WHERE `id` = 2 LIMIT 1   [ RunTime:0.0003s ]
SQL: SHOW COLUMNS FROM `rt_admin_rule` [ RunTime:0.0032s ]
SQL: SELECT `id`,`pid` FROM `rt_admin_rule` WHERE `url` = 'group/add_group' LIMIT 1   [ RunTime:0.0003s ]
SQL: SELECT * FROM `rt_admin` WHERE `id` = 1 LIMIT 1   [ RunTime:0.0003s ]
SQL: SELECT * FROM `rt_admin_group` WHERE `id` = 2 LIMIT 1   [ RunTime:0.0003s ]
SQL: SELECT * FROM `rt_admin_rule` WHERE ( id in(1,2,3,4,5,6,7,8,9,10,11,12,13,14,15,16,17,18,19,20,36,22,23,24,25,35,26,27,28,29,30,33,34) and status=0 ) ORDER BY sort asc  [ RunTime:0.0004s ]
NOTIC: [8] Use of undefined constant icon - assumed 'icon' E:\wamp\www\yeyicms\Application\Admin\Controller\GlobalController.class.php 第 25 行.
SQL: SELECT * FROM `rt_admin_rule` WHERE `pid` = 0  [ RunTime:0.0004s ]
SQL: SELECT * FROM `rt_admin_rule` WHERE ( pid>0 )  [ RunTime:0.0004s ]
INFO: [ view_parse ] --START--
INFO: [ template_filter ] --START--
INFO: Run Behavior\ContentReplaceBehavior [ RunTime:0.000154s ]
INFO: [ template_filter ] --END-- [ RunTime:0.000245s ]
NOTIC: [8] Use of undefined constant userid - assumed 'userid' E:\wamp\www\yeyicms\Application\Runtime\Cache\Admin\4070263a0c557f0016afb69cac807be0.php 第 250 行.
NOTIC: [8] Use of undefined constant pid - assumed 'pid' E:\wamp\www\yeyicms\Application\Runtime\Cache\Admin\4070263a0c557f0016afb69cac807be0.php 第 274 行.
NOTIC: [8] Use of undefined constant pid - assumed 'pid' E:\wamp\www\yeyicms\Application\Runtime\Cache\Admin\4070263a0c557f0016afb69cac807be0.php 第 274 行.
NOTIC: [8] Use of undefined constant pid - assumed 'pid' E:\wamp\www\yeyicms\Application\Runtime\Cache\Admin\4070263a0c557f0016afb69cac807be0.php 第 274 行.
NOTIC: [8] Use of undefined constant pid - assumed 'pid' E:\wamp\www\yeyicms\Application\Runtime\Cache\Admin\4070263a0c557f0016afb69cac807be0.php 第 274 行.
NOTIC: [8] Use of undefined constant pid - assumed 'pid' E:\wamp\www\yeyicms\Application\Runtime\Cache\Admin\4070263a0c557f0016afb69cac807be0.php 第 274 行.
NOTIC: [8] Use of undefined constant pid - assumed 'pid' E:\wamp\www\yeyicms\Application\Runtime\Cache\Admin\4070263a0c557f0016afb69cac807be0.php 第 274 行.
NOTIC: [8] Use of undefined constant pid - assumed 'pid' E:\wamp\www\yeyicms\Application\Runtime\Cache\Admin\4070263a0c557f0016afb69cac807be0.php 第 274 行.
NOTIC: [8] Use of undefined constant pid - assumed 'pid' E:\wamp\www\yeyicms\Application\Runtime\Cache\Admin\4070263a0c557f0016afb69cac807be0.php 第 274 行.
NOTIC: [8] Use of undefined constant pid - assumed 'pid' E:\wamp\www\yeyicms\Application\Runtime\Cache\Admin\4070263a0c557f0016afb69cac807be0.php 第 274 行.
NOTIC: [8] Use of undefined constant pid - assumed 'pid' E:\wamp\www\yeyicms\Application\Runtime\Cache\Admin\4070263a0c557f0016afb69cac807be0.php 第 274 行.
NOTIC: [8] Undefined variable: info E:\wamp\www\yeyicms\Application\Runtime\Cache\Admin\4070263a0c557f0016afb69cac807be0.php 第 310 行.
NOTIC: [8] Undefined variable: info E:\wamp\www\yeyicms\Application\Runtime\Cache\Admin\4070263a0c557f0016afb69cac807be0.php 第 330 行.
INFO: Run Behavior\ParseTemplateBehavior [ RunTime:0.014569s ]
INFO: [ view_parse ] --END-- [ RunTime:0.014673s ]
INFO: [ view_filter ] --START--
INFO: Run Behavior\WriteHtmlCacheBehavior [ RunTime:0.000452s ]
INFO: [ view_filter ] --END-- [ RunTime:0.000560s ]
INFO: [ app_end ] --START--
INFO: Run Behavior\ShowPageTraceBehavior [ RunTime:0.000596s ]
INFO: [ app_end ] --END-- [ RunTime:0.000725s ]

[ 2017-07-09T14:27:13+08:00 ] ::1 /yeyicms/admin.php/menu/m_list
INFO: [ app_init ] --START--
INFO: Run Behavior\BuildLiteBehavior [ RunTime:0.000030s ]
INFO: [ app_init ] --END-- [ RunTime:0.000625s ]
INFO: [ app_begin ] --START--
INFO: Run Behavior\ReadHtmlCacheBehavior [ RunTime:0.000613s ]
INFO: [ app_begin ] --END-- [ RunTime:0.000743s ]
SQL: SHOW COLUMNS FROM `rt_admin` [ RunTime:0.0040s ]
SQL: SELECT * FROM `rt_admin` WHERE `id` = 1 LIMIT 1   [ RunTime:0.0003s ]
SQL: SHOW COLUMNS FROM `rt_admin_group` [ RunTime:0.0026s ]
SQL: SELECT * FROM `rt_admin_group` WHERE `id` = 2 LIMIT 1   [ RunTime:0.0003s ]
SQL: SHOW COLUMNS FROM `rt_admin_rule` [ RunTime:0.0032s ]
SQL: SELECT `id`,`pid` FROM `rt_admin_rule` WHERE `url` = 'menu/m_list' LIMIT 1   [ RunTime:0.0002s ]
SQL: SELECT * FROM `rt_admin` WHERE `id` = 1 LIMIT 1   [ RunTime:0.0003s ]
SQL: SELECT * FROM `rt_admin_group` WHERE `id` = 2 LIMIT 1   [ RunTime:0.0003s ]
SQL: SELECT * FROM `rt_admin_rule` WHERE ( id in(1,2,3,4,5,6,7,8,9,10,11,12,13,14,15,16,17,18,19,20,36,22,23,24,25,35,26,27,28,29,30,33,34) and status=0 ) ORDER BY sort asc  [ RunTime:0.0004s ]
NOTIC: [8] Use of undefined constant icon - assumed 'icon' E:\wamp\www\yeyicms\Application\Admin\Controller\GlobalController.class.php 第 25 行.
SQL: SELECT COUNT(*) AS tp_count FROM `rt_admin_rule` LIMIT 1   [ RunTime:0.0003s ]
SQL: SELECT * FROM `rt_admin_rule` ORDER BY id LIMIT 0,15   [ RunTime:0.0003s ]
INFO: [ view_parse ] --START--
INFO: [ template_filter ] --START--
INFO: Run Behavior\ContentReplaceBehavior [ RunTime:0.000165s ]
INFO: [ template_filter ] --END-- [ RunTime:0.000270s ]
NOTIC: [8] Use of undefined constant userid - assumed 'userid' E:\wamp\www\yeyicms\Application\Runtime\Cache\Admin\f561a1e29d1c7da26a19b67d3d28fe8a.php 第 250 行.
NOTIC: [8] Use of undefined constant pid - assumed 'pid' E:\wamp\www\yeyicms\Application\Runtime\Cache\Admin\f561a1e29d1c7da26a19b67d3d28fe8a.php 第 274 行.
NOTIC: [8] Use of undefined constant pid - assumed 'pid' E:\wamp\www\yeyicms\Application\Runtime\Cache\Admin\f561a1e29d1c7da26a19b67d3d28fe8a.php 第 274 行.
NOTIC: [8] Use of undefined constant pid - assumed 'pid' E:\wamp\www\yeyicms\Application\Runtime\Cache\Admin\f561a1e29d1c7da26a19b67d3d28fe8a.php 第 274 行.
NOTIC: [8] Use of undefined constant pid - assumed 'pid' E:\wamp\www\yeyicms\Application\Runtime\Cache\Admin\f561a1e29d1c7da26a19b67d3d28fe8a.php 第 274 行.
NOTIC: [8] Use of undefined constant pid - assumed 'pid' E:\wamp\www\yeyicms\Application\Runtime\Cache\Admin\f561a1e29d1c7da26a19b67d3d28fe8a.php 第 274 行.
NOTIC: [8] Use of undefined constant pid - assumed 'pid' E:\wamp\www\yeyicms\Application\Runtime\Cache\Admin\f561a1e29d1c7da26a19b67d3d28fe8a.php 第 274 行.
NOTIC: [8] Use of undefined constant pid - assumed 'pid' E:\wamp\www\yeyicms\Application\Runtime\Cache\Admin\f561a1e29d1c7da26a19b67d3d28fe8a.php 第 274 行.
NOTIC: [8] Use of undefined constant pid - assumed 'pid' E:\wamp\www\yeyicms\Application\Runtime\Cache\Admin\f561a1e29d1c7da26a19b67d3d28fe8a.php 第 274 行.
NOTIC: [8] Use of undefined constant pid - assumed 'pid' E:\wamp\www\yeyicms\Application\Runtime\Cache\Admin\f561a1e29d1c7da26a19b67d3d28fe8a.php 第 274 行.
NOTIC: [8] Use of undefined constant pid - assumed 'pid' E:\wamp\www\yeyicms\Application\Runtime\Cache\Admin\f561a1e29d1c7da26a19b67d3d28fe8a.php 第 274 行.
NOTIC: [8] Use of undefined constant status - assumed 'status' E:\wamp\www\yeyicms\Application\Runtime\Cache\Admin\f561a1e29d1c7da26a19b67d3d28fe8a.php 第 327 行.
NOTIC: [8] Use of undefined constant id - assumed 'id' E:\wamp\www\yeyicms\Application\Runtime\Cache\Admin\f561a1e29d1c7da26a19b67d3d28fe8a.php 第 329 行.
NOTIC: [8] Use of undefined constant id - assumed 'id' E:\wamp\www\yeyicms\Application\Runtime\Cache\Admin\f561a1e29d1c7da26a19b67d3d28fe8a.php 第 330 行.
NOTIC: [8] Undefined index: last E:\wamp\www\yeyicms\Application\Runtime\Cache\Admin\f561a1e29d1c7da26a19b67d3d28fe8a.php 第 333 行.
NOTIC: [8] Use of undefined constant status - assumed 'status' E:\wamp\www\yeyicms\Application\Runtime\Cache\Admin\f561a1e29d1c7da26a19b67d3d28fe8a.php 第 327 行.
NOTIC: [8] Use of undefined constant id - assumed 'id' E:\wamp\www\yeyicms\Application\Runtime\Cache\Admin\f561a1e29d1c7da26a19b67d3d28fe8a.php 第 329 行.
NOTIC: [8] Use of undefined constant id - assumed 'id' E:\wamp\www\yeyicms\Application\Runtime\Cache\Admin\f561a1e29d1c7da26a19b67d3d28fe8a.php 第 330 行.
NOTIC: [8] Undefined index: last E:\wamp\www\yeyicms\Application\Runtime\Cache\Admin\f561a1e29d1c7da26a19b67d3d28fe8a.php 第 333 行.
NOTIC: [8] Use of undefined constant status - assumed 'status' E:\wamp\www\yeyicms\Application\Runtime\Cache\Admin\f561a1e29d1c7da26a19b67d3d28fe8a.php 第 327 行.
NOTIC: [8] Use of undefined constant id - assumed 'id' E:\wamp\www\yeyicms\Application\Runtime\Cache\Admin\f561a1e29d1c7da26a19b67d3d28fe8a.php 第 329 行.
NOTIC: [8] Use of undefined constant id - assumed 'id' E:\wamp\www\yeyicms\Application\Runtime\Cache\Admin\f561a1e29d1c7da26a19b67d3d28fe8a.php 第 330 行.
NOTIC: [8] Undefined index: last E:\wamp\www\yeyicms\Application\Runtime\Cache\Admin\f561a1e29d1c7da26a19b67d3d28fe8a.php 第 333 行.
NOTIC: [8] Use of undefined constant status - assumed 'status' E:\wamp\www\yeyicms\Application\Runtime\Cache\Admin\f561a1e29d1c7da26a19b67d3d28fe8a.php 第 327 行.
NOTIC: [8] Use of undefined constant id - assumed 'id' E:\wamp\www\yeyicms\Application\Runtime\Cache\Admin\f561a1e29d1c7da26a19b67d3d28fe8a.php 第 329 行.
NOTIC: [8] Use of undefined constant id - assumed 'id' E:\wamp\www\yeyicms\Application\Runtime\Cache\Admin\f561a1e29d1c7da26a19b67d3d28fe8a.php 第 330 行.
NOTIC: [8] Undefined index: last E:\wamp\www\yeyicms\Application\Runtime\Cache\Admin\f561a1e29d1c7da26a19b67d3d28fe8a.php 第 333 行.
NOTIC: [8] Use of undefined constant status - assumed 'status' E:\wamp\www\yeyicms\Application\Runtime\Cache\Admin\f561a1e29d1c7da26a19b67d3d28fe8a.php 第 327 行.
NOTIC: [8] Use of undefined constant id - assumed 'id' E:\wamp\www\yeyicms\Application\Runtime\Cache\Admin\f561a1e29d1c7da26a19b67d3d28fe8a.php 第 329 行.
NOTIC: [8] Use of undefined constant id - assumed 'id' E:\wamp\www\yeyicms\Application\Runtime\Cache\Admin\f561a1e29d1c7da26a19b67d3d28fe8a.php 第 330 行.
NOTIC: [8] Undefined index: last E:\wamp\www\yeyicms\Application\Runtime\Cache\Admin\f561a1e29d1c7da26a19b67d3d28fe8a.php 第 333 行.
NOTIC: [8] Use of undefined constant status - assumed 'status' E:\wamp\www\yeyicms\Application\Runtime\Cache\Admin\f561a1e29d1c7da26a19b67d3d28fe8a.php 第 327 行.
NOTIC: [8] Use of undefined constant id - assumed 'id' E:\wamp\www\yeyicms\Application\Runtime\Cache\Admin\f561a1e29d1c7da26a19b67d3d28fe8a.php 第 329 行.
NOTIC: [8] Use of undefined constant id - assumed 'id' E:\wamp\www\yeyicms\Application\Runtime\Cache\Admin\f561a1e29d1c7da26a19b67d3d28fe8a.php 第 330 行.
NOTIC: [8] Undefined index: last E:\wamp\www\yeyicms\Application\Runtime\Cache\Admin\f561a1e29d1c7da26a19b67d3d28fe8a.php 第 333 行.
NOTIC: [8] Use of undefined constant status - assumed 'status' E:\wamp\www\yeyicms\Application\Runtime\Cache\Admin\f561a1e29d1c7da26a19b67d3d28fe8a.php 第 327 行.
NOTIC: [8] Use of undefined constant id - assumed 'id' E:\wamp\www\yeyicms\Application\Runtime\Cache\Admin\f561a1e29d1c7da26a19b67d3d28fe8a.php 第 329 行.
NOTIC: [8] Use of undefined constant id - assumed 'id' E:\wamp\www\yeyicms\Application\Runtime\Cache\Admin\f561a1e29d1c7da26a19b67d3d28fe8a.php 第 330 行.
NOTIC: [8] Undefined index: last E:\wamp\www\yeyicms\Application\Runtime\Cache\Admin\f561a1e29d1c7da26a19b67d3d28fe8a.php 第 333 行.
NOTIC: [8] Use of undefined constant status - assumed 'status' E:\wamp\www\yeyicms\Application\Runtime\Cache\Admin\f561a1e29d1c7da26a19b67d3d28fe8a.php 第 327 行.
NOTIC: [8] Use of undefined constant id - assumed 'id' E:\wamp\www\yeyicms\Application\Runtime\Cache\Admin\f561a1e29d1c7da26a19b67d3d28fe8a.php 第 329 行.
NOTIC: [8] Use of undefined constant id - assumed 'id' E:\wamp\www\yeyicms\Application\Runtime\Cache\Admin\f561a1e29d1c7da26a19b67d3d28fe8a.php 第 330 行.
NOTIC: [8] Undefined index: last E:\wamp\www\yeyicms\Application\Runtime\Cache\Admin\f561a1e29d1c7da26a19b67d3d28fe8a.php 第 333 行.
NOTIC: [8] Use of undefined constant status - assumed 'status' E:\wamp\www\yeyicms\Application\Runtime\Cache\Admin\f561a1e29d1c7da26a19b67d3d28fe8a.php 第 327 行.
NOTIC: [8] Use of undefined constant id - assumed 'id' E:\wamp\www\yeyicms\Application\Runtime\Cache\Admin\f561a1e29d1c7da26a19b67d3d28fe8a.php 第 329 行.
NOTIC: [8] Use of undefined constant id - assumed 'id' E:\wamp\www\yeyicms\Application\Runtime\Cache\Admin\f561a1e29d1c7da26a19b67d3d28fe8a.php 第 330 行.
NOTIC: [8] Undefined index: last E:\wamp\www\yeyicms\Application\Runtime\Cache\Admin\f561a1e29d1c7da26a19b67d3d28fe8a.php 第 333 行.
NOTIC: [8] Use of undefined constant status - assumed 'status' E:\wamp\www\yeyicms\Application\Runtime\Cache\Admin\f561a1e29d1c7da26a19b67d3d28fe8a.php 第 327 行.
NOTIC: [8] Use of undefined constant id - assumed 'id' E:\wamp\www\yeyicms\Application\Runtime\Cache\Admin\f561a1e29d1c7da26a19b67d3d28fe8a.php 第 329 行.
NOTIC: [8] Use of undefined constant id - assumed 'id' E:\wamp\www\yeyicms\Application\Runtime\Cache\Admin\f561a1e29d1c7da26a19b67d3d28fe8a.php 第 330 行.
NOTIC: [8] Undefined index: last E:\wamp\www\yeyicms\Application\Runtime\Cache\Admin\f561a1e29d1c7da26a19b67d3d28fe8a.php 第 333 行.
NOTIC: [8] Use of undefined constant status - assumed 'status' E:\wamp\www\yeyicms\Application\Runtime\Cache\Admin\f561a1e29d1c7da26a19b67d3d28fe8a.php 第 327 行.
NOTIC: [8] Use of undefined constant id - assumed 'id' E:\wamp\www\yeyicms\Application\Runtime\Cache\Admin\f561a1e29d1c7da26a19b67d3d28fe8a.php 第 329 行.
NOTIC: [8] Use of undefined constant id - assumed 'id' E:\wamp\www\yeyicms\Application\Runtime\Cache\Admin\f561a1e29d1c7da26a19b67d3d28fe8a.php 第 330 行.
NOTIC: [8] Undefined index: last E:\wamp\www\yeyicms\Application\Runtime\Cache\Admin\f561a1e29d1c7da26a19b67d3d28fe8a.php 第 333 行.
NOTIC: [8] Use of undefined constant status - assumed 'status' E:\wamp\www\yeyicms\Application\Runtime\Cache\Admin\f561a1e29d1c7da26a19b67d3d28fe8a.php 第 327 行.
NOTIC: [8] Use of undefined constant id - assumed 'id' E:\wamp\www\yeyicms\Application\Runtime\Cache\Admin\f561a1e29d1c7da26a19b67d3d28fe8a.php 第 329 行.
NOTIC: [8] Use of undefined constant id - assumed 'id' E:\wamp\www\yeyicms\Application\Runtime\Cache\Admin\f561a1e29d1c7da26a19b67d3d28fe8a.php 第 330 行.
NOTIC: [8] Undefined index: last E:\wamp\www\yeyicms\Application\Runtime\Cache\Admin\f561a1e29d1c7da26a19b67d3d28fe8a.php 第 333 行.
NOTIC: [8] Use of undefined constant status - assumed 'status' E:\wamp\www\yeyicms\Application\Runtime\Cache\Admin\f561a1e29d1c7da26a19b67d3d28fe8a.php 第 327 行.
NOTIC: [8] Use of undefined constant id - assumed 'id' E:\wamp\www\yeyicms\Application\Runtime\Cache\Admin\f561a1e29d1c7da26a19b67d3d28fe8a.php 第 329 行.
NOTIC: [8] Use of undefined constant id - assumed 'id' E:\wamp\www\yeyicms\Application\Runtime\Cache\Admin\f561a1e29d1c7da26a19b67d3d28fe8a.php 第 330 行.
NOTIC: [8] Undefined index: last E:\wamp\www\yeyicms\Application\Runtime\Cache\Admin\f561a1e29d1c7da26a19b67d3d28fe8a.php 第 333 行.
NOTIC: [8] Use of undefined constant status - assumed 'status' E:\wamp\www\yeyicms\Application\Runtime\Cache\Admin\f561a1e29d1c7da26a19b67d3d28fe8a.php 第 327 行.
NOTIC: [8] Use of undefined constant id - assumed 'id' E:\wamp\www\yeyicms\Application\Runtime\Cache\Admin\f561a1e29d1c7da26a19b67d3d28fe8a.php 第 329 行.
NOTIC: [8] Use of undefined constant id - assumed 'id' E:\wamp\www\yeyicms\Application\Runtime\Cache\Admin\f561a1e29d1c7da26a19b67d3d28fe8a.php 第 330 行.
NOTIC: [8] Undefined index: last E:\wamp\www\yeyicms\Application\Runtime\Cache\Admin\f561a1e29d1c7da26a19b67d3d28fe8a.php 第 333 行.
NOTIC: [8] Use of undefined constant status - assumed 'status' E:\wamp\www\yeyicms\Application\Runtime\Cache\Admin\f561a1e29d1c7da26a19b67d3d28fe8a.php 第 327 行.
NOTIC: [8] Use of undefined constant id - assumed 'id' E:\wamp\www\yeyicms\Application\Runtime\Cache\Admin\f561a1e29d1c7da26a19b67d3d28fe8a.php 第 329 行.
NOTIC: [8] Use of undefined constant id - assumed 'id' E:\wamp\www\yeyicms\Application\Runtime\Cache\Admin\f561a1e29d1c7da26a19b67d3d28fe8a.php 第 330 行.
NOTIC: [8] Undefined index: last E:\wamp\www\yeyicms\Application\Runtime\Cache\Admin\f561a1e29d1c7da26a19b67d3d28fe8a.php 第 333 行.
INFO: Run Behavior\ParseTemplateBehavior [ RunTime:0.021455s ]
INFO: [ view_parse ] --END-- [ RunTime:0.021547s ]
INFO: [ view_filter ] --START--
INFO: Run Behavior\WriteHtmlCacheBehavior [ RunTime:0.000444s ]
INFO: [ view_filter ] --END-- [ RunTime:0.000529s ]
INFO: [ app_end ] --START--
INFO: Run Behavior\ShowPageTraceBehavior [ RunTime:0.000667s ]
INFO: [ app_end ] --END-- [ RunTime:0.000768s ]

[ 2017-07-09T14:27:14+08:00 ] ::1 /yeyicms/admin.php/menu/m_add
INFO: [ app_init ] --START--
INFO: Run Behavior\BuildLiteBehavior [ RunTime:0.000029s ]
INFO: [ app_init ] --END-- [ RunTime:0.000602s ]
INFO: [ app_begin ] --START--
INFO: Run Behavior\ReadHtmlCacheBehavior [ RunTime:0.000611s ]
INFO: [ app_begin ] --END-- [ RunTime:0.000735s ]
SQL: SHOW COLUMNS FROM `rt_admin` [ RunTime:0.0041s ]
SQL: SELECT * FROM `rt_admin` WHERE `id` = 1 LIMIT 1   [ RunTime:0.0006s ]
SQL: SHOW COLUMNS FROM `rt_admin_group` [ RunTime:0.0034s ]
SQL: SELECT * FROM `rt_admin_group` WHERE `id` = 2 LIMIT 1   [ RunTime:0.0003s ]
SQL: SHOW COLUMNS FROM `rt_admin_rule` [ RunTime:0.0036s ]
SQL: SELECT `id`,`pid` FROM `rt_admin_rule` WHERE `url` = 'menu/m_add' LIMIT 1   [ RunTime:0.0003s ]
SQL: SELECT * FROM `rt_admin` WHERE `id` = 1 LIMIT 1   [ RunTime:0.0003s ]
SQL: SELECT * FROM `rt_admin_group` WHERE `id` = 2 LIMIT 1   [ RunTime:0.0003s ]
SQL: SELECT * FROM `rt_admin_rule` WHERE ( id in(1,2,3,4,5,6,7,8,9,10,11,12,13,14,15,16,17,18,19,20,36,22,23,24,25,35,26,27,28,29,30,33,34) and status=0 ) ORDER BY sort asc  [ RunTime:0.0004s ]
NOTIC: [8] Use of undefined constant icon - assumed 'icon' E:\wamp\www\yeyicms\Application\Admin\Controller\GlobalController.class.php 第 25 行.
SQL: SELECT * FROM `rt_admin_rule`  [ RunTime:0.0004s ]
INFO: [ view_parse ] --START--
INFO: [ template_filter ] --START--
INFO: Run Behavior\ContentReplaceBehavior [ RunTime:0.000206s ]
INFO: [ template_filter ] --END-- [ RunTime:0.000334s ]
NOTIC: [8] Use of undefined constant userid - assumed 'userid' E:\wamp\www\yeyicms\Application\Runtime\Cache\Admin\8f40edbaa6e7b5a1f03574082b021d82.php 第 250 行.
NOTIC: [8] Use of undefined constant pid - assumed 'pid' E:\wamp\www\yeyicms\Application\Runtime\Cache\Admin\8f40edbaa6e7b5a1f03574082b021d82.php 第 274 行.
NOTIC: [8] Use of undefined constant pid - assumed 'pid' E:\wamp\www\yeyicms\Application\Runtime\Cache\Admin\8f40edbaa6e7b5a1f03574082b021d82.php 第 274 行.
NOTIC: [8] Use of undefined constant pid - assumed 'pid' E:\wamp\www\yeyicms\Application\Runtime\Cache\Admin\8f40edbaa6e7b5a1f03574082b021d82.php 第 274 行.
NOTIC: [8] Use of undefined constant pid - assumed 'pid' E:\wamp\www\yeyicms\Application\Runtime\Cache\Admin\8f40edbaa6e7b5a1f03574082b021d82.php 第 274 行.
NOTIC: [8] Use of undefined constant pid - assumed 'pid' E:\wamp\www\yeyicms\Application\Runtime\Cache\Admin\8f40edbaa6e7b5a1f03574082b021d82.php 第 274 行.
NOTIC: [8] Use of undefined constant pid - assumed 'pid' E:\wamp\www\yeyicms\Application\Runtime\Cache\Admin\8f40edbaa6e7b5a1f03574082b021d82.php 第 274 行.
NOTIC: [8] Use of undefined constant pid - assumed 'pid' E:\wamp\www\yeyicms\Application\Runtime\Cache\Admin\8f40edbaa6e7b5a1f03574082b021d82.php 第 274 行.
NOTIC: [8] Use of undefined constant pid - assumed 'pid' E:\wamp\www\yeyicms\Application\Runtime\Cache\Admin\8f40edbaa6e7b5a1f03574082b021d82.php 第 274 行.
NOTIC: [8] Use of undefined constant pid - assumed 'pid' E:\wamp\www\yeyicms\Application\Runtime\Cache\Admin\8f40edbaa6e7b5a1f03574082b021d82.php 第 274 行.
NOTIC: [8] Use of undefined constant pid - assumed 'pid' E:\wamp\www\yeyicms\Application\Runtime\Cache\Admin\8f40edbaa6e7b5a1f03574082b021d82.php 第 274 行.
INFO: Run Behavior\ParseTemplateBehavior [ RunTime:0.018304s ]
INFO: [ view_parse ] --END-- [ RunTime:0.018425s ]
INFO: [ view_filter ] --START--
INFO: Run Behavior\WriteHtmlCacheBehavior [ RunTime:0.000566s ]
INFO: [ view_filter ] --END-- [ RunTime:0.000678s ]
INFO: [ app_end ] --START--
INFO: Run Behavior\ShowPageTraceBehavior [ RunTime:0.000782s ]
INFO: [ app_end ] --END-- [ RunTime:0.000921s ]

[ 2017-07-09T14:27:16+08:00 ] ::1 /yeyicms/admin.php/user/u_list
INFO: [ app_init ] --START--
INFO: Run Behavior\BuildLiteBehavior [ RunTime:0.000026s ]
INFO: [ app_init ] --END-- [ RunTime:0.000548s ]
INFO: [ app_begin ] --START--
INFO: Run Behavior\ReadHtmlCacheBehavior [ RunTime:0.000494s ]
INFO: [ app_begin ] --END-- [ RunTime:0.000590s ]
SQL: SHOW COLUMNS FROM `rt_admin` [ RunTime:0.0035s ]
SQL: SELECT * FROM `rt_admin` WHERE `id` = 1 LIMIT 1   [ RunTime:0.0003s ]
SQL: SHOW COLUMNS FROM `rt_admin_group` [ RunTime:0.0026s ]
SQL: SELECT * FROM `rt_admin_group` WHERE `id` = 2 LIMIT 1   [ RunTime:0.0003s ]
SQL: SHOW COLUMNS FROM `rt_admin_rule` [ RunTime:0.0033s ]
SQL: SELECT `id`,`pid` FROM `rt_admin_rule` WHERE `url` = 'user/u_list' LIMIT 1   [ RunTime:0.0003s ]
SQL: SELECT * FROM `rt_admin` WHERE `id` = 1 LIMIT 1   [ RunTime:0.0003s ]
SQL: SELECT * FROM `rt_admin_group` WHERE `id` = 2 LIMIT 1   [ RunTime:0.0002s ]
SQL: SELECT * FROM `rt_admin_rule` WHERE ( id in(1,2,3,4,5,6,7,8,9,10,11,12,13,14,15,16,17,18,19,20,36,22,23,24,25,35,26,27,28,29,30,33,34) and status=0 ) ORDER BY sort asc  [ RunTime:0.0004s ]
NOTIC: [8] Use of undefined constant icon - assumed 'icon' E:\wamp\www\yeyicms\Application\Admin\Controller\GlobalController.class.php 第 25 行.
SQL: SELECT COUNT(*) AS tp_count FROM `rt_admin` LIMIT 1   [ RunTime:0.0002s ]
SQL: SELECT * FROM `rt_admin` ORDER BY id LIMIT 0,15   [ RunTime:0.0003s ]
SQL: SELECT * FROM `rt_admin_group`  [ RunTime:0.0002s ]
INFO: [ view_parse ] --START--
INFO: [ template_filter ] --START--
INFO: Run Behavior\ContentReplaceBehavior [ RunTime:0.000153s ]
INFO: [ template_filter ] --END-- [ RunTime:0.000253s ]
NOTIC: [8] Use of undefined constant userid - assumed 'userid' E:\wamp\www\yeyicms\Application\Runtime\Cache\Admin\31606c951241bf72fd38eb69c047051e.php 第 250 行.
NOTIC: [8] Use of undefined constant pid - assumed 'pid' E:\wamp\www\yeyicms\Application\Runtime\Cache\Admin\31606c951241bf72fd38eb69c047051e.php 第 274 行.
NOTIC: [8] Use of undefined constant pid - assumed 'pid' E:\wamp\www\yeyicms\Application\Runtime\Cache\Admin\31606c951241bf72fd38eb69c047051e.php 第 274 行.
NOTIC: [8] Use of undefined constant pid - assumed 'pid' E:\wamp\www\yeyicms\Application\Runtime\Cache\Admin\31606c951241bf72fd38eb69c047051e.php 第 274 行.
NOTIC: [8] Use of undefined constant pid - assumed 'pid' E:\wamp\www\yeyicms\Application\Runtime\Cache\Admin\31606c951241bf72fd38eb69c047051e.php 第 274 行.
NOTIC: [8] Use of undefined constant pid - assumed 'pid' E:\wamp\www\yeyicms\Application\Runtime\Cache\Admin\31606c951241bf72fd38eb69c047051e.php 第 274 行.
NOTIC: [8] Use of undefined constant pid - assumed 'pid' E:\wamp\www\yeyicms\Application\Runtime\Cache\Admin\31606c951241bf72fd38eb69c047051e.php 第 274 行.
NOTIC: [8] Use of undefined constant pid - assumed 'pid' E:\wamp\www\yeyicms\Application\Runtime\Cache\Admin\31606c951241bf72fd38eb69c047051e.php 第 274 行.
NOTIC: [8] Use of undefined constant pid - assumed 'pid' E:\wamp\www\yeyicms\Application\Runtime\Cache\Admin\31606c951241bf72fd38eb69c047051e.php 第 274 行.
NOTIC: [8] Use of undefined constant pid - assumed 'pid' E:\wamp\www\yeyicms\Application\Runtime\Cache\Admin\31606c951241bf72fd38eb69c047051e.php 第 274 行.
NOTIC: [8] Use of undefined constant pid - assumed 'pid' E:\wamp\www\yeyicms\Application\Runtime\Cache\Admin\31606c951241bf72fd38eb69c047051e.php 第 274 行.
NOTIC: [8] Use of undefined constant id - assumed 'id' E:\wamp\www\yeyicms\Application\Runtime\Cache\Admin\31606c951241bf72fd38eb69c047051e.php 第 329 行.
NOTIC: [8] Use of undefined constant id - assumed 'id' E:\wamp\www\yeyicms\Application\Runtime\Cache\Admin\31606c951241bf72fd38eb69c047051e.php 第 329 行.
NOTIC: [8] Use of undefined constant id - assumed 'id' E:\wamp\www\yeyicms\Application\Runtime\Cache\Admin\31606c951241bf72fd38eb69c047051e.php 第 330 行.
NOTIC: [8] Use of undefined constant id - assumed 'id' E:\wamp\www\yeyicms\Application\Runtime\Cache\Admin\31606c951241bf72fd38eb69c047051e.php 第 329 行.
NOTIC: [8] Use of undefined constant id - assumed 'id' E:\wamp\www\yeyicms\Application\Runtime\Cache\Admin\31606c951241bf72fd38eb69c047051e.php 第 330 行.
INFO: Run Behavior\ParseTemplateBehavior [ RunTime:0.014869s ]
INFO: [ view_parse ] --END-- [ RunTime:0.014968s ]
INFO: [ view_filter ] --START--
INFO: Run Behavior\WriteHtmlCacheBehavior [ RunTime:0.000512s ]
INFO: [ view_filter ] --END-- [ RunTime:0.000596s ]
INFO: [ app_end ] --START--
INFO: Run Behavior\ShowPageTraceBehavior [ RunTime:0.000650s ]
INFO: [ app_end ] --END-- [ RunTime:0.000753s ]

[ 2017-07-09T14:27:16+08:00 ] ::1 /yeyicms/admin.php/user/add_user
INFO: [ app_init ] --START--
INFO: Run Behavior\BuildLiteBehavior [ RunTime:0.000028s ]
INFO: [ app_init ] --END-- [ RunTime:0.000547s ]
INFO: [ app_begin ] --START--
INFO: Run Behavior\ReadHtmlCacheBehavior [ RunTime:0.000565s ]
INFO: [ app_begin ] --END-- [ RunTime:0.000690s ]
SQL: SHOW COLUMNS FROM `rt_admin` [ RunTime:0.0038s ]
SQL: SELECT * FROM `rt_admin` WHERE `id` = 1 LIMIT 1   [ RunTime:0.0003s ]
SQL: SHOW COLUMNS FROM `rt_admin_group` [ RunTime:0.0033s ]
SQL: SELECT * FROM `rt_admin_group` WHERE `id` = 2 LIMIT 1   [ RunTime:0.0003s ]
SQL: SHOW COLUMNS FROM `rt_admin_rule` [ RunTime:0.0033s ]
SQL: SELECT `id`,`pid` FROM `rt_admin_rule` WHERE `url` = 'user/add_user' LIMIT 1   [ RunTime:0.0003s ]
SQL: SELECT * FROM `rt_admin` WHERE `id` = 1 LIMIT 1   [ RunTime:0.0003s ]
SQL: SELECT * FROM `rt_admin_group` WHERE `id` = 2 LIMIT 1   [ RunTime:0.0003s ]
SQL: SELECT * FROM `rt_admin_rule` WHERE ( id in(1,2,3,4,5,6,7,8,9,10,11,12,13,14,15,16,17,18,19,20,36,22,23,24,25,35,26,27,28,29,30,33,34) and status=0 ) ORDER BY sort asc  [ RunTime:0.0004s ]
NOTIC: [8] Use of undefined constant icon - assumed 'icon' E:\wamp\www\yeyicms\Application\Admin\Controller\GlobalController.class.php 第 25 行.
SQL: SELECT * FROM `rt_admin_group`  [ RunTime:0.0003s ]
INFO: [ view_parse ] --START--
INFO: [ template_filter ] --START--
INFO: Run Behavior\ContentReplaceBehavior [ RunTime:0.000149s ]
INFO: [ template_filter ] --END-- [ RunTime:0.000243s ]
NOTIC: [8] Use of undefined constant userid - assumed 'userid' E:\wamp\www\yeyicms\Application\Runtime\Cache\Admin\74eb0c80d8257f477f44271acc20e9db.php 第 250 行.
NOTIC: [8] Use of undefined constant pid - assumed 'pid' E:\wamp\www\yeyicms\Application\Runtime\Cache\Admin\74eb0c80d8257f477f44271acc20e9db.php 第 274 行.
NOTIC: [8] Use of undefined constant pid - assumed 'pid' E:\wamp\www\yeyicms\Application\Runtime\Cache\Admin\74eb0c80d8257f477f44271acc20e9db.php 第 274 行.
NOTIC: [8] Use of undefined constant pid - assumed 'pid' E:\wamp\www\yeyicms\Application\Runtime\Cache\Admin\74eb0c80d8257f477f44271acc20e9db.php 第 274 行.
NOTIC: [8] Use of undefined constant pid - assumed 'pid' E:\wamp\www\yeyicms\Application\Runtime\Cache\Admin\74eb0c80d8257f477f44271acc20e9db.php 第 274 行.
NOTIC: [8] Use of undefined constant pid - assumed 'pid' E:\wamp\www\yeyicms\Application\Runtime\Cache\Admin\74eb0c80d8257f477f44271acc20e9db.php 第 274 行.
NOTIC: [8] Use of undefined constant pid - assumed 'pid' E:\wamp\www\yeyicms\Application\Runtime\Cache\Admin\74eb0c80d8257f477f44271acc20e9db.php 第 274 行.
NOTIC: [8] Use of undefined constant pid - assumed 'pid' E:\wamp\www\yeyicms\Application\Runtime\Cache\Admin\74eb0c80d8257f477f44271acc20e9db.php 第 274 行.
NOTIC: [8] Use of undefined constant pid - assumed 'pid' E:\wamp\www\yeyicms\Application\Runtime\Cache\Admin\74eb0c80d8257f477f44271acc20e9db.php 第 274 行.
NOTIC: [8] Use of undefined constant pid - assumed 'pid' E:\wamp\www\yeyicms\Application\Runtime\Cache\Admin\74eb0c80d8257f477f44271acc20e9db.php 第 274 行.
NOTIC: [8] Use of undefined constant pid - assumed 'pid' E:\wamp\www\yeyicms\Application\Runtime\Cache\Admin\74eb0c80d8257f477f44271acc20e9db.php 第 274 行.
INFO: Run Behavior\ParseTemplateBehavior [ RunTime:0.013261s ]
INFO: [ view_parse ] --END-- [ RunTime:0.013354s ]
INFO: [ view_filter ] --START--
INFO: Run Behavior\WriteHtmlCacheBehavior [ RunTime:0.000427s ]
INFO: [ view_filter ] --END-- [ RunTime:0.000512s ]
INFO: [ app_end ] --START--
INFO: Run Behavior\ShowPageTraceBehavior [ RunTime:0.000684s ]
INFO: [ app_end ] --END-- [ RunTime:0.000784s ]

[ 2017-07-09T14:27:17+08:00 ] ::1 /yeyicms/admin.php/user/u_list
INFO: [ app_init ] --START--
INFO: Run Behavior\BuildLiteBehavior [ RunTime:0.000028s ]
INFO: [ app_init ] --END-- [ RunTime:0.000587s ]
INFO: [ app_begin ] --START--
INFO: Run Behavior\ReadHtmlCacheBehavior [ RunTime:0.000602s ]
INFO: [ app_begin ] --END-- [ RunTime:0.000724s ]
SQL: SHOW COLUMNS FROM `rt_admin` [ RunTime:0.0041s ]
SQL: SELECT * FROM `rt_admin` WHERE `id` = 1 LIMIT 1   [ RunTime:0.0004s ]
SQL: SHOW COLUMNS FROM `rt_admin_group` [ RunTime:0.0035s ]
SQL: SELECT * FROM `rt_admin_group` WHERE `id` = 2 LIMIT 1   [ RunTime:0.0003s ]
SQL: SHOW COLUMNS FROM `rt_admin_rule` [ RunTime:0.0033s ]
SQL: SELECT `id`,`pid` FROM `rt_admin_rule` WHERE `url` = 'user/u_list' LIMIT 1   [ RunTime:0.0003s ]
SQL: SELECT * FROM `rt_admin` WHERE `id` = 1 LIMIT 1   [ RunTime:0.0002s ]
SQL: SELECT * FROM `rt_admin_group` WHERE `id` = 2 LIMIT 1   [ RunTime:0.0002s ]
SQL: SELECT * FROM `rt_admin_rule` WHERE ( id in(1,2,3,4,5,6,7,8,9,10,11,12,13,14,15,16,17,18,19,20,36,22,23,24,25,35,26,27,28,29,30,33,34) and status=0 ) ORDER BY sort asc  [ RunTime:0.0004s ]
NOTIC: [8] Use of undefined constant icon - assumed 'icon' E:\wamp\www\yeyicms\Application\Admin\Controller\GlobalController.class.php 第 25 行.
SQL: SELECT COUNT(*) AS tp_count FROM `rt_admin` LIMIT 1   [ RunTime:0.0002s ]
SQL: SELECT * FROM `rt_admin` ORDER BY id LIMIT 0,15   [ RunTime:0.0002s ]
SQL: SELECT * FROM `rt_admin_group`  [ RunTime:0.0002s ]
INFO: [ view_parse ] --START--
INFO: [ template_filter ] --START--
INFO: Run Behavior\ContentReplaceBehavior [ RunTime:0.000154s ]
INFO: [ template_filter ] --END-- [ RunTime:0.000250s ]
NOTIC: [8] Use of undefined constant userid - assumed 'userid' E:\wamp\www\yeyicms\Application\Runtime\Cache\Admin\31606c951241bf72fd38eb69c047051e.php 第 250 行.
NOTIC: [8] Use of undefined constant pid - assumed 'pid' E:\wamp\www\yeyicms\Application\Runtime\Cache\Admin\31606c951241bf72fd38eb69c047051e.php 第 274 行.
NOTIC: [8] Use of undefined constant pid - assumed 'pid' E:\wamp\www\yeyicms\Application\Runtime\Cache\Admin\31606c951241bf72fd38eb69c047051e.php 第 274 行.
NOTIC: [8] Use of undefined constant pid - assumed 'pid' E:\wamp\www\yeyicms\Application\Runtime\Cache\Admin\31606c951241bf72fd38eb69c047051e.php 第 274 行.
NOTIC: [8] Use of undefined constant pid - assumed 'pid' E:\wamp\www\yeyicms\Application\Runtime\Cache\Admin\31606c951241bf72fd38eb69c047051e.php 第 274 行.
NOTIC: [8] Use of undefined constant pid - assumed 'pid' E:\wamp\www\yeyicms\Application\Runtime\Cache\Admin\31606c951241bf72fd38eb69c047051e.php 第 274 行.
NOTIC: [8] Use of undefined constant pid - assumed 'pid' E:\wamp\www\yeyicms\Application\Runtime\Cache\Admin\31606c951241bf72fd38eb69c047051e.php 第 274 行.
NOTIC: [8] Use of undefined constant pid - assumed 'pid' E:\wamp\www\yeyicms\Application\Runtime\Cache\Admin\31606c951241bf72fd38eb69c047051e.php 第 274 行.
NOTIC: [8] Use of undefined constant pid - assumed 'pid' E:\wamp\www\yeyicms\Application\Runtime\Cache\Admin\31606c951241bf72fd38eb69c047051e.php 第 274 行.
NOTIC: [8] Use of undefined constant pid - assumed 'pid' E:\wamp\www\yeyicms\Application\Runtime\Cache\Admin\31606c951241bf72fd38eb69c047051e.php 第 274 行.
NOTIC: [8] Use of undefined constant pid - assumed 'pid' E:\wamp\www\yeyicms\Application\Runtime\Cache\Admin\31606c951241bf72fd38eb69c047051e.php 第 274 行.
NOTIC: [8] Use of undefined constant id - assumed 'id' E:\wamp\www\yeyicms\Application\Runtime\Cache\Admin\31606c951241bf72fd38eb69c047051e.php 第 329 行.
NOTIC: [8] Use of undefined constant id - assumed 'id' E:\wamp\www\yeyicms\Application\Runtime\Cache\Admin\31606c951241bf72fd38eb69c047051e.php 第 329 行.
NOTIC: [8] Use of undefined constant id - assumed 'id' E:\wamp\www\yeyicms\Application\Runtime\Cache\Admin\31606c951241bf72fd38eb69c047051e.php 第 330 行.
NOTIC: [8] Use of undefined constant id - assumed 'id' E:\wamp\www\yeyicms\Application\Runtime\Cache\Admin\31606c951241bf72fd38eb69c047051e.php 第 329 行.
NOTIC: [8] Use of undefined constant id - assumed 'id' E:\wamp\www\yeyicms\Application\Runtime\Cache\Admin\31606c951241bf72fd38eb69c047051e.php 第 330 行.
INFO: Run Behavior\ParseTemplateBehavior [ RunTime:0.014429s ]
INFO: [ view_parse ] --END-- [ RunTime:0.014522s ]
INFO: [ view_filter ] --START--
INFO: Run Behavior\WriteHtmlCacheBehavior [ RunTime:0.000438s ]
INFO: [ view_filter ] --END-- [ RunTime:0.000523s ]
INFO: [ app_end ] --START--
INFO: Run Behavior\ShowPageTraceBehavior [ RunTime:0.000596s ]
INFO: [ app_end ] --END-- [ RunTime:0.000695s ]

[ 2017-07-09T14:27:18+08:00 ] ::1 /yeyicms/admin.php/user/edit_user/id/2.html
INFO: [ app_init ] --START--
INFO: Run Behavior\BuildLiteBehavior [ RunTime:0.000029s ]
INFO: [ app_init ] --END-- [ RunTime:0.000517s ]
INFO: [ app_begin ] --START--
INFO: Run Behavior\ReadHtmlCacheBehavior [ RunTime:0.000527s ]
INFO: [ app_begin ] --END-- [ RunTime:0.000650s ]
SQL: SHOW COLUMNS FROM `rt_admin` [ RunTime:0.0037s ]
SQL: SELECT * FROM `rt_admin` WHERE `id` = 1 LIMIT 1   [ RunTime:0.0003s ]
SQL: SHOW COLUMNS FROM `rt_admin_group` [ RunTime:0.0027s ]
SQL: SELECT * FROM `rt_admin_group` WHERE `id` = 2 LIMIT 1   [ RunTime:0.0002s ]
SQL: SHOW COLUMNS FROM `rt_admin_rule` [ RunTime:0.0034s ]
SQL: SELECT `id`,`pid` FROM `rt_admin_rule` WHERE `url` = 'user/edit_user' LIMIT 1   [ RunTime:0.0003s ]
SQL: SELECT * FROM `rt_admin` WHERE `id` = 1 LIMIT 1   [ RunTime:0.0003s ]
SQL: SELECT * FROM `rt_admin_group` WHERE `id` = 2 LIMIT 1   [ RunTime:0.0003s ]
SQL: SELECT * FROM `rt_admin_rule` WHERE ( id in(1,2,3,4,5,6,7,8,9,10,11,12,13,14,15,16,17,18,19,20,36,22,23,24,25,35,26,27,28,29,30,33,34) and status=0 ) ORDER BY sort asc  [ RunTime:0.0004s ]
NOTIC: [8] Use of undefined constant icon - assumed 'icon' E:\wamp\www\yeyicms\Application\Admin\Controller\GlobalController.class.php 第 25 行.
NOTIC: [8] Use of undefined constant intval - assumed 'intval' E:\wamp\www\yeyicms\Application\Admin\Controller\UserController.class.php 第 43 行.
SQL: SELECT * FROM `rt_admin` WHERE `id` = 2 LIMIT 1   [ RunTime:0.0003s ]
SQL: SELECT * FROM `rt_admin_group`  [ RunTime:0.0002s ]
INFO: [ view_parse ] --START--
INFO: [ template_filter ] --START--
INFO: Run Behavior\ContentReplaceBehavior [ RunTime:0.000153s ]
INFO: [ template_filter ] --END-- [ RunTime:0.000251s ]
NOTIC: [8] Use of undefined constant userid - assumed 'userid' E:\wamp\www\yeyicms\Application\Runtime\Cache\Admin\f96be2c4d51ebc3060a05d0f8d8df7b1.php 第 250 行.
NOTIC: [8] Use of undefined constant pid - assumed 'pid' E:\wamp\www\yeyicms\Application\Runtime\Cache\Admin\f96be2c4d51ebc3060a05d0f8d8df7b1.php 第 274 行.
NOTIC: [8] Use of undefined constant pid - assumed 'pid' E:\wamp\www\yeyicms\Application\Runtime\Cache\Admin\f96be2c4d51ebc3060a05d0f8d8df7b1.php 第 274 行.
NOTIC: [8] Use of undefined constant pid - assumed 'pid' E:\wamp\www\yeyicms\Application\Runtime\Cache\Admin\f96be2c4d51ebc3060a05d0f8d8df7b1.php 第 274 行.
NOTIC: [8] Use of undefined constant pid - assumed 'pid' E:\wamp\www\yeyicms\Application\Runtime\Cache\Admin\f96be2c4d51ebc3060a05d0f8d8df7b1.php 第 274 行.
NOTIC: [8] Use of undefined constant pid - assumed 'pid' E:\wamp\www\yeyicms\Application\Runtime\Cache\Admin\f96be2c4d51ebc3060a05d0f8d8df7b1.php 第 274 行.
NOTIC: [8] Use of undefined constant pid - assumed 'pid' E:\wamp\www\yeyicms\Application\Runtime\Cache\Admin\f96be2c4d51ebc3060a05d0f8d8df7b1.php 第 274 行.
NOTIC: [8] Use of undefined constant pid - assumed 'pid' E:\wamp\www\yeyicms\Application\Runtime\Cache\Admin\f96be2c4d51ebc3060a05d0f8d8df7b1.php 第 274 行.
NOTIC: [8] Use of undefined constant pid - assumed 'pid' E:\wamp\www\yeyicms\Application\Runtime\Cache\Admin\f96be2c4d51ebc3060a05d0f8d8df7b1.php 第 274 行.
NOTIC: [8] Use of undefined constant pid - assumed 'pid' E:\wamp\www\yeyicms\Application\Runtime\Cache\Admin\f96be2c4d51ebc3060a05d0f8d8df7b1.php 第 274 行.
NOTIC: [8] Use of undefined constant pid - assumed 'pid' E:\wamp\www\yeyicms\Application\Runtime\Cache\Admin\f96be2c4d51ebc3060a05d0f8d8df7b1.php 第 274 行.
NOTIC: [8] Use of undefined constant group_id - assumed 'group_id' E:\wamp\www\yeyicms\Application\Runtime\Cache\Admin\f96be2c4d51ebc3060a05d0f8d8df7b1.php 第 335 行.
NOTIC: [8] Use of undefined constant id - assumed 'id' E:\wamp\www\yeyicms\Application\Runtime\Cache\Admin\f96be2c4d51ebc3060a05d0f8d8df7b1.php 第 335 行.
NOTIC: [8] Use of undefined constant group_id - assumed 'group_id' E:\wamp\www\yeyicms\Application\Runtime\Cache\Admin\f96be2c4d51ebc3060a05d0f8d8df7b1.php 第 335 行.
NOTIC: [8] Use of undefined constant id - assumed 'id' E:\wamp\www\yeyicms\Application\Runtime\Cache\Admin\f96be2c4d51ebc3060a05d0f8d8df7b1.php 第 335 行.
NOTIC: [8] Use of undefined constant group_id - assumed 'group_id' E:\wamp\www\yeyicms\Application\Runtime\Cache\Admin\f96be2c4d51ebc3060a05d0f8d8df7b1.php 第 335 行.
NOTIC: [8] Use of undefined constant id - assumed 'id' E:\wamp\www\yeyicms\Application\Runtime\Cache\Admin\f96be2c4d51ebc3060a05d0f8d8df7b1.php 第 335 行.
INFO: Run Behavior\ParseTemplateBehavior [ RunTime:0.013946s ]
INFO: [ view_parse ] --END-- [ RunTime:0.014048s ]
INFO: [ view_filter ] --START--
INFO: Run Behavior\WriteHtmlCacheBehavior [ RunTime:0.000474s ]
INFO: [ view_filter ] --END-- [ RunTime:0.000579s ]
INFO: [ app_end ] --START--
INFO: Run Behavior\ShowPageTraceBehavior [ RunTime:0.000707s ]
INFO: [ app_end ] --END-- [ RunTime:0.000809s ]

[ 2017-07-09T14:27:20+08:00 ] ::1 /yeyicms/admin.php/user/u_list
INFO: [ app_init ] --START--
INFO: Run Behavior\BuildLiteBehavior [ RunTime:0.000030s ]
INFO: [ app_init ] --END-- [ RunTime:0.000602s ]
INFO: [ app_begin ] --START--
INFO: Run Behavior\ReadHtmlCacheBehavior [ RunTime:0.000614s ]
INFO: [ app_begin ] --END-- [ RunTime:0.000739s ]
SQL: SHOW COLUMNS FROM `rt_admin` [ RunTime:0.0045s ]
SQL: SELECT * FROM `rt_admin` WHERE `id` = 1 LIMIT 1   [ RunTime:0.0003s ]
SQL: SHOW COLUMNS FROM `rt_admin_group` [ RunTime:0.0034s ]
SQL: SELECT * FROM `rt_admin_group` WHERE `id` = 2 LIMIT 1   [ RunTime:0.0003s ]
SQL: SHOW COLUMNS FROM `rt_admin_rule` [ RunTime:0.0036s ]
SQL: SELECT `id`,`pid` FROM `rt_admin_rule` WHERE `url` = 'user/u_list' LIMIT 1   [ RunTime:0.0003s ]
SQL: SELECT * FROM `rt_admin` WHERE `id` = 1 LIMIT 1   [ RunTime:0.0003s ]
SQL: SELECT * FROM `rt_admin_group` WHERE `id` = 2 LIMIT 1   [ RunTime:0.0003s ]
SQL: SELECT * FROM `rt_admin_rule` WHERE ( id in(1,2,3,4,5,6,7,8,9,10,11,12,13,14,15,16,17,18,19,20,36,22,23,24,25,35,26,27,28,29,30,33,34) and status=0 ) ORDER BY sort asc  [ RunTime:0.0004s ]
NOTIC: [8] Use of undefined constant icon - assumed 'icon' E:\wamp\www\yeyicms\Application\Admin\Controller\GlobalController.class.php 第 25 行.
SQL: SELECT COUNT(*) AS tp_count FROM `rt_admin` LIMIT 1   [ RunTime:0.0003s ]
SQL: SELECT * FROM `rt_admin` ORDER BY id LIMIT 0,15   [ RunTime:0.0003s ]
SQL: SELECT * FROM `rt_admin_group`  [ RunTime:0.0003s ]
INFO: [ view_parse ] --START--
INFO: [ template_filter ] --START--
INFO: Run Behavior\ContentReplaceBehavior [ RunTime:0.000197s ]
INFO: [ template_filter ] --END-- [ RunTime:0.000327s ]
NOTIC: [8] Use of undefined constant userid - assumed 'userid' E:\wamp\www\yeyicms\Application\Runtime\Cache\Admin\31606c951241bf72fd38eb69c047051e.php 第 250 行.
NOTIC: [8] Use of undefined constant pid - assumed 'pid' E:\wamp\www\yeyicms\Application\Runtime\Cache\Admin\31606c951241bf72fd38eb69c047051e.php 第 274 行.
NOTIC: [8] Use of undefined constant pid - assumed 'pid' E:\wamp\www\yeyicms\Application\Runtime\Cache\Admin\31606c951241bf72fd38eb69c047051e.php 第 274 行.
NOTIC: [8] Use of undefined constant pid - assumed 'pid' E:\wamp\www\yeyicms\Application\Runtime\Cache\Admin\31606c951241bf72fd38eb69c047051e.php 第 274 行.
NOTIC: [8] Use of undefined constant pid - assumed 'pid' E:\wamp\www\yeyicms\Application\Runtime\Cache\Admin\31606c951241bf72fd38eb69c047051e.php 第 274 行.
NOTIC: [8] Use of undefined constant pid - assumed 'pid' E:\wamp\www\yeyicms\Application\Runtime\Cache\Admin\31606c951241bf72fd38eb69c047051e.php 第 274 行.
NOTIC: [8] Use of undefined constant pid - assumed 'pid' E:\wamp\www\yeyicms\Application\Runtime\Cache\Admin\31606c951241bf72fd38eb69c047051e.php 第 274 行.
NOTIC: [8] Use of undefined constant pid - assumed 'pid' E:\wamp\www\yeyicms\Application\Runtime\Cache\Admin\31606c951241bf72fd38eb69c047051e.php 第 274 行.
NOTIC: [8] Use of undefined constant pid - assumed 'pid' E:\wamp\www\yeyicms\Application\Runtime\Cache\Admin\31606c951241bf72fd38eb69c047051e.php 第 274 行.
NOTIC: [8] Use of undefined constant pid - assumed 'pid' E:\wamp\www\yeyicms\Application\Runtime\Cache\Admin\31606c951241bf72fd38eb69c047051e.php 第 274 行.
NOTIC: [8] Use of undefined constant pid - assumed 'pid' E:\wamp\www\yeyicms\Application\Runtime\Cache\Admin\31606c951241bf72fd38eb69c047051e.php 第 274 行.
NOTIC: [8] Use of undefined constant id - assumed 'id' E:\wamp\www\yeyicms\Application\Runtime\Cache\Admin\31606c951241bf72fd38eb69c047051e.php 第 329 行.
NOTIC: [8] Use of undefined constant id - assumed 'id' E:\wamp\www\yeyicms\Application\Runtime\Cache\Admin\31606c951241bf72fd38eb69c047051e.php 第 329 行.
NOTIC: [8] Use of undefined constant id - assumed 'id' E:\wamp\www\yeyicms\Application\Runtime\Cache\Admin\31606c951241bf72fd38eb69c047051e.php 第 330 行.
NOTIC: [8] Use of undefined constant id - assumed 'id' E:\wamp\www\yeyicms\Application\Runtime\Cache\Admin\31606c951241bf72fd38eb69c047051e.php 第 329 行.
NOTIC: [8] Use of undefined constant id - assumed 'id' E:\wamp\www\yeyicms\Application\Runtime\Cache\Admin\31606c951241bf72fd38eb69c047051e.php 第 330 行.
INFO: Run Behavior\ParseTemplateBehavior [ RunTime:0.018992s ]
INFO: [ view_parse ] --END-- [ RunTime:0.019109s ]
INFO: [ view_filter ] --START--
INFO: Run Behavior\WriteHtmlCacheBehavior [ RunTime:0.000548s ]
INFO: [ view_filter ] --END-- [ RunTime:0.000661s ]
INFO: [ app_end ] --START--
INFO: Run Behavior\ShowPageTraceBehavior [ RunTime:0.000724s ]
INFO: [ app_end ] --END-- [ RunTime:0.000895s ]

[ 2017-07-09T14:27:23+08:00 ] ::1 /yeyicms/admin.php/group/g_list
INFO: [ app_init ] --START--
INFO: Run Behavior\BuildLiteBehavior [ RunTime:0.000037s ]
INFO: [ app_init ] --END-- [ RunTime:0.000579s ]
INFO: [ app_begin ] --START--
INFO: Run Behavior\ReadHtmlCacheBehavior [ RunTime:0.000708s ]
INFO: [ app_begin ] --END-- [ RunTime:0.000867s ]
SQL: SHOW COLUMNS FROM `rt_admin` [ RunTime:0.0132s ]
SQL: SELECT * FROM `rt_admin` WHERE `id` = 1 LIMIT 1   [ RunTime:0.0003s ]
SQL: SHOW COLUMNS FROM `rt_admin_group` [ RunTime:0.0033s ]
SQL: SELECT * FROM `rt_admin_group` WHERE `id` = 2 LIMIT 1   [ RunTime:0.0003s ]
SQL: SHOW COLUMNS FROM `rt_admin_rule` [ RunTime:0.0035s ]
SQL: SELECT `id`,`pid` FROM `rt_admin_rule` WHERE `url` = 'group/g_list' LIMIT 1   [ RunTime:0.0003s ]
SQL: SELECT * FROM `rt_admin` WHERE `id` = 1 LIMIT 1   [ RunTime:0.0003s ]
SQL: SELECT * FROM `rt_admin_group` WHERE `id` = 2 LIMIT 1   [ RunTime:0.0003s ]
SQL: SELECT * FROM `rt_admin_rule` WHERE ( id in(1,2,3,4,5,6,7,8,9,10,11,12,13,14,15,16,17,18,19,20,36,22,23,24,25,35,26,27,28,29,30,33,34) and status=0 ) ORDER BY sort asc  [ RunTime:0.0005s ]
NOTIC: [8] Use of undefined constant icon - assumed 'icon' E:\wamp\www\yeyicms\Application\Admin\Controller\GlobalController.class.php 第 25 行.
SQL: SELECT COUNT(*) AS tp_count FROM `rt_admin_group` LIMIT 1   [ RunTime:0.0003s ]
SQL: SELECT * FROM `rt_admin_group` ORDER BY id LIMIT 0,15   [ RunTime:0.0003s ]
INFO: [ view_parse ] --START--
INFO: [ template_filter ] --START--
INFO: Run Behavior\ContentReplaceBehavior [ RunTime:0.000205s ]
INFO: [ template_filter ] --END-- [ RunTime:0.000331s ]
NOTIC: [8] Use of undefined constant userid - assumed 'userid' E:\wamp\www\yeyicms\Application\Runtime\Cache\Admin\319232a5abf2e2de24370d9c6a1bf7e2.php 第 250 行.
NOTIC: [8] Use of undefined constant pid - assumed 'pid' E:\wamp\www\yeyicms\Application\Runtime\Cache\Admin\319232a5abf2e2de24370d9c6a1bf7e2.php 第 274 行.
NOTIC: [8] Use of undefined constant pid - assumed 'pid' E:\wamp\www\yeyicms\Application\Runtime\Cache\Admin\319232a5abf2e2de24370d9c6a1bf7e2.php 第 274 行.
NOTIC: [8] Use of undefined constant pid - assumed 'pid' E:\wamp\www\yeyicms\Application\Runtime\Cache\Admin\319232a5abf2e2de24370d9c6a1bf7e2.php 第 274 行.
NOTIC: [8] Use of undefined constant pid - assumed 'pid' E:\wamp\www\yeyicms\Application\Runtime\Cache\Admin\319232a5abf2e2de24370d9c6a1bf7e2.php 第 274 行.
NOTIC: [8] Use of undefined constant pid - assumed 'pid' E:\wamp\www\yeyicms\Application\Runtime\Cache\Admin\319232a5abf2e2de24370d9c6a1bf7e2.php 第 274 行.
NOTIC: [8] Use of undefined constant pid - assumed 'pid' E:\wamp\www\yeyicms\Application\Runtime\Cache\Admin\319232a5abf2e2de24370d9c6a1bf7e2.php 第 274 行.
NOTIC: [8] Use of undefined constant pid - assumed 'pid' E:\wamp\www\yeyicms\Application\Runtime\Cache\Admin\319232a5abf2e2de24370d9c6a1bf7e2.php 第 274 行.
NOTIC: [8] Use of undefined constant pid - assumed 'pid' E:\wamp\www\yeyicms\Application\Runtime\Cache\Admin\319232a5abf2e2de24370d9c6a1bf7e2.php 第 274 行.
NOTIC: [8] Use of undefined constant pid - assumed 'pid' E:\wamp\www\yeyicms\Application\Runtime\Cache\Admin\319232a5abf2e2de24370d9c6a1bf7e2.php 第 274 行.
NOTIC: [8] Use of undefined constant pid - assumed 'pid' E:\wamp\www\yeyicms\Application\Runtime\Cache\Admin\319232a5abf2e2de24370d9c6a1bf7e2.php 第 274 行.
NOTIC: [8] Use of undefined constant id - assumed 'id' E:\wamp\www\yeyicms\Application\Runtime\Cache\Admin\319232a5abf2e2de24370d9c6a1bf7e2.php 第 321 行.
NOTIC: [8] Use of undefined constant id - assumed 'id' E:\wamp\www\yeyicms\Application\Runtime\Cache\Admin\319232a5abf2e2de24370d9c6a1bf7e2.php 第 322 行.
NOTIC: [8] Undefined index: last E:\wamp\www\yeyicms\Application\Runtime\Cache\Admin\319232a5abf2e2de24370d9c6a1bf7e2.php 第 325 行.
NOTIC: [8] Use of undefined constant id - assumed 'id' E:\wamp\www\yeyicms\Application\Runtime\Cache\Admin\319232a5abf2e2de24370d9c6a1bf7e2.php 第 321 行.
NOTIC: [8] Use of undefined constant id - assumed 'id' E:\wamp\www\yeyicms\Application\Runtime\Cache\Admin\319232a5abf2e2de24370d9c6a1bf7e2.php 第 322 行.
NOTIC: [8] Undefined index: last E:\wamp\www\yeyicms\Application\Runtime\Cache\Admin\319232a5abf2e2de24370d9c6a1bf7e2.php 第 325 行.
NOTIC: [8] Use of undefined constant id - assumed 'id' E:\wamp\www\yeyicms\Application\Runtime\Cache\Admin\319232a5abf2e2de24370d9c6a1bf7e2.php 第 321 行.
NOTIC: [8] Use of undefined constant id - assumed 'id' E:\wamp\www\yeyicms\Application\Runtime\Cache\Admin\319232a5abf2e2de24370d9c6a1bf7e2.php 第 322 行.
NOTIC: [8] Undefined index: last E:\wamp\www\yeyicms\Application\Runtime\Cache\Admin\319232a5abf2e2de24370d9c6a1bf7e2.php 第 325 行.
INFO: Run Behavior\ParseTemplateBehavior [ RunTime:0.021114s ]
INFO: [ view_parse ] --END-- [ RunTime:0.021232s ]
INFO: [ view_filter ] --START--
INFO: Run Behavior\WriteHtmlCacheBehavior [ RunTime:0.000504s ]
INFO: [ view_filter ] --END-- [ RunTime:0.000618s ]
INFO: [ app_end ] --START--
INFO: Run Behavior\ShowPageTraceBehavior [ RunTime:0.000706s ]
INFO: [ app_end ] --END-- [ RunTime:0.000829s ]

[ 2017-07-09T14:27:24+08:00 ] ::1 /yeyicms/admin.php/group/add_group
INFO: [ app_init ] --START--
INFO: Run Behavior\BuildLiteBehavior [ RunTime:0.000029s ]
INFO: [ app_init ] --END-- [ RunTime:0.000556s ]
INFO: [ app_begin ] --START--
INFO: Run Behavior\ReadHtmlCacheBehavior [ RunTime:0.000623s ]
INFO: [ app_begin ] --END-- [ RunTime:0.000745s ]
SQL: SHOW COLUMNS FROM `rt_admin` [ RunTime:0.0044s ]
SQL: SELECT * FROM `rt_admin` WHERE `id` = 1 LIMIT 1   [ RunTime:0.0003s ]
SQL: SHOW COLUMNS FROM `rt_admin_group` [ RunTime:0.0033s ]
SQL: SELECT * FROM `rt_admin_group` WHERE `id` = 2 LIMIT 1   [ RunTime:0.0003s ]
SQL: SHOW COLUMNS FROM `rt_admin_rule` [ RunTime:0.0035s ]
SQL: SELECT `id`,`pid` FROM `rt_admin_rule` WHERE `url` = 'group/add_group' LIMIT 1   [ RunTime:0.0003s ]
SQL: SELECT * FROM `rt_admin` WHERE `id` = 1 LIMIT 1   [ RunTime:0.0003s ]
SQL: SELECT * FROM `rt_admin_group` WHERE `id` = 2 LIMIT 1   [ RunTime:0.0003s ]
SQL: SELECT * FROM `rt_admin_rule` WHERE ( id in(1,2,3,4,5,6,7,8,9,10,11,12,13,14,15,16,17,18,19,20,36,22,23,24,25,35,26,27,28,29,30,33,34) and status=0 ) ORDER BY sort asc  [ RunTime:0.0004s ]
NOTIC: [8] Use of undefined constant icon - assumed 'icon' E:\wamp\www\yeyicms\Application\Admin\Controller\GlobalController.class.php 第 25 行.
SQL: SELECT * FROM `rt_admin_rule` WHERE `pid` = 0  [ RunTime:0.0003s ]
SQL: SELECT * FROM `rt_admin_rule` WHERE ( pid>0 )  [ RunTime:0.0004s ]
INFO: [ view_parse ] --START--
INFO: [ template_filter ] --START--
INFO: Run Behavior\ContentReplaceBehavior [ RunTime:0.000172s ]
INFO: [ template_filter ] --END-- [ RunTime:0.000275s ]
NOTIC: [8] Use of undefined constant userid - assumed 'userid' E:\wamp\www\yeyicms\Application\Runtime\Cache\Admin\4070263a0c557f0016afb69cac807be0.php 第 250 行.
NOTIC: [8] Use of undefined constant pid - assumed 'pid' E:\wamp\www\yeyicms\Application\Runtime\Cache\Admin\4070263a0c557f0016afb69cac807be0.php 第 274 行.
NOTIC: [8] Use of undefined constant pid - assumed 'pid' E:\wamp\www\yeyicms\Application\Runtime\Cache\Admin\4070263a0c557f0016afb69cac807be0.php 第 274 行.
NOTIC: [8] Use of undefined constant pid - assumed 'pid' E:\wamp\www\yeyicms\Application\Runtime\Cache\Admin\4070263a0c557f0016afb69cac807be0.php 第 274 行.
NOTIC: [8] Use of undefined constant pid - assumed 'pid' E:\wamp\www\yeyicms\Application\Runtime\Cache\Admin\4070263a0c557f0016afb69cac807be0.php 第 274 行.
NOTIC: [8] Use of undefined constant pid - assumed 'pid' E:\wamp\www\yeyicms\Application\Runtime\Cache\Admin\4070263a0c557f0016afb69cac807be0.php 第 274 行.
NOTIC: [8] Use of undefined constant pid - assumed 'pid' E:\wamp\www\yeyicms\Application\Runtime\Cache\Admin\4070263a0c557f0016afb69cac807be0.php 第 274 行.
NOTIC: [8] Use of undefined constant pid - assumed 'pid' E:\wamp\www\yeyicms\Application\Runtime\Cache\Admin\4070263a0c557f0016afb69cac807be0.php 第 274 行.
NOTIC: [8] Use of undefined constant pid - assumed 'pid' E:\wamp\www\yeyicms\Application\Runtime\Cache\Admin\4070263a0c557f0016afb69cac807be0.php 第 274 行.
NOTIC: [8] Use of undefined constant pid - assumed 'pid' E:\wamp\www\yeyicms\Application\Runtime\Cache\Admin\4070263a0c557f0016afb69cac807be0.php 第 274 行.
NOTIC: [8] Use of undefined constant pid - assumed 'pid' E:\wamp\www\yeyicms\Application\Runtime\Cache\Admin\4070263a0c557f0016afb69cac807be0.php 第 274 行.
NOTIC: [8] Undefined variable: info E:\wamp\www\yeyicms\Application\Runtime\Cache\Admin\4070263a0c557f0016afb69cac807be0.php 第 310 行.
NOTIC: [8] Undefined variable: info E:\wamp\www\yeyicms\Application\Runtime\Cache\Admin\4070263a0c557f0016afb69cac807be0.php 第 330 行.
INFO: Run Behavior\ParseTemplateBehavior [ RunTime:0.017804s ]
INFO: [ view_parse ] --END-- [ RunTime:0.017908s ]
INFO: [ view_filter ] --START--
INFO: Run Behavior\WriteHtmlCacheBehavior [ RunTime:0.000435s ]
INFO: [ view_filter ] --END-- [ RunTime:0.000520s ]
INFO: [ app_end ] --START--
INFO: Run Behavior\ShowPageTraceBehavior [ RunTime:0.000659s ]
INFO: [ app_end ] --END-- [ RunTime:0.000761s ]

[ 2017-07-09T14:27:25+08:00 ] ::1 /yeyicms/admin.php/group/g_list
INFO: [ app_init ] --START--
INFO: Run Behavior\BuildLiteBehavior [ RunTime:0.000028s ]
INFO: [ app_init ] --END-- [ RunTime:0.000554s ]
INFO: [ app_begin ] --START--
INFO: Run Behavior\ReadHtmlCacheBehavior [ RunTime:0.000606s ]
INFO: [ app_begin ] --END-- [ RunTime:0.000729s ]
SQL: SHOW COLUMNS FROM `rt_admin` [ RunTime:0.0040s ]
SQL: SELECT * FROM `rt_admin` WHERE `id` = 1 LIMIT 1   [ RunTime:0.0003s ]
SQL: SHOW COLUMNS FROM `rt_admin_group` [ RunTime:0.0034s ]
SQL: SELECT * FROM `rt_admin_group` WHERE `id` = 2 LIMIT 1   [ RunTime:0.0003s ]
SQL: SHOW COLUMNS FROM `rt_admin_rule` [ RunTime:0.0035s ]
SQL: SELECT `id`,`pid` FROM `rt_admin_rule` WHERE `url` = 'group/g_list' LIMIT 1   [ RunTime:0.0003s ]
SQL: SELECT * FROM `rt_admin` WHERE `id` = 1 LIMIT 1   [ RunTime:0.0003s ]
SQL: SELECT * FROM `rt_admin_group` WHERE `id` = 2 LIMIT 1   [ RunTime:0.0003s ]
SQL: SELECT * FROM `rt_admin_rule` WHERE ( id in(1,2,3,4,5,6,7,8,9,10,11,12,13,14,15,16,17,18,19,20,36,22,23,24,25,35,26,27,28,29,30,33,34) and status=0 ) ORDER BY sort asc  [ RunTime:0.0006s ]
NOTIC: [8] Use of undefined constant icon - assumed 'icon' E:\wamp\www\yeyicms\Application\Admin\Controller\GlobalController.class.php 第 25 行.
SQL: SELECT COUNT(*) AS tp_count FROM `rt_admin_group` LIMIT 1   [ RunTime:0.0003s ]
SQL: SELECT * FROM `rt_admin_group` ORDER BY id LIMIT 0,15   [ RunTime:0.0003s ]
INFO: [ view_parse ] --START--
INFO: [ template_filter ] --START--
INFO: Run Behavior\ContentReplaceBehavior [ RunTime:0.000207s ]
INFO: [ template_filter ] --END-- [ RunTime:0.000335s ]
NOTIC: [8] Use of undefined constant userid - assumed 'userid' E:\wamp\www\yeyicms\Application\Runtime\Cache\Admin\319232a5abf2e2de24370d9c6a1bf7e2.php 第 250 行.
NOTIC: [8] Use of undefined constant pid - assumed 'pid' E:\wamp\www\yeyicms\Application\Runtime\Cache\Admin\319232a5abf2e2de24370d9c6a1bf7e2.php 第 274 行.
NOTIC: [8] Use of undefined constant pid - assumed 'pid' E:\wamp\www\yeyicms\Application\Runtime\Cache\Admin\319232a5abf2e2de24370d9c6a1bf7e2.php 第 274 行.
NOTIC: [8] Use of undefined constant pid - assumed 'pid' E:\wamp\www\yeyicms\Application\Runtime\Cache\Admin\319232a5abf2e2de24370d9c6a1bf7e2.php 第 274 行.
NOTIC: [8] Use of undefined constant pid - assumed 'pid' E:\wamp\www\yeyicms\Application\Runtime\Cache\Admin\319232a5abf2e2de24370d9c6a1bf7e2.php 第 274 行.
NOTIC: [8] Use of undefined constant pid - assumed 'pid' E:\wamp\www\yeyicms\Application\Runtime\Cache\Admin\319232a5abf2e2de24370d9c6a1bf7e2.php 第 274 行.
NOTIC: [8] Use of undefined constant pid - assumed 'pid' E:\wamp\www\yeyicms\Application\Runtime\Cache\Admin\319232a5abf2e2de24370d9c6a1bf7e2.php 第 274 行.
NOTIC: [8] Use of undefined constant pid - assumed 'pid' E:\wamp\www\yeyicms\Application\Runtime\Cache\Admin\319232a5abf2e2de24370d9c6a1bf7e2.php 第 274 行.
NOTIC: [8] Use of undefined constant pid - assumed 'pid' E:\wamp\www\yeyicms\Application\Runtime\Cache\Admin\319232a5abf2e2de24370d9c6a1bf7e2.php 第 274 行.
NOTIC: [8] Use of undefined constant pid - assumed 'pid' E:\wamp\www\yeyicms\Application\Runtime\Cache\Admin\319232a5abf2e2de24370d9c6a1bf7e2.php 第 274 行.
NOTIC: [8] Use of undefined constant pid - assumed 'pid' E:\wamp\www\yeyicms\Application\Runtime\Cache\Admin\319232a5abf2e2de24370d9c6a1bf7e2.php 第 274 行.
NOTIC: [8] Use of undefined constant id - assumed 'id' E:\wamp\www\yeyicms\Application\Runtime\Cache\Admin\319232a5abf2e2de24370d9c6a1bf7e2.php 第 321 行.
NOTIC: [8] Use of undefined constant id - assumed 'id' E:\wamp\www\yeyicms\Application\Runtime\Cache\Admin\319232a5abf2e2de24370d9c6a1bf7e2.php 第 322 行.
NOTIC: [8] Undefined index: last E:\wamp\www\yeyicms\Application\Runtime\Cache\Admin\319232a5abf2e2de24370d9c6a1bf7e2.php 第 325 行.
NOTIC: [8] Use of undefined constant id - assumed 'id' E:\wamp\www\yeyicms\Application\Runtime\Cache\Admin\319232a5abf2e2de24370d9c6a1bf7e2.php 第 321 行.
NOTIC: [8] Use of undefined constant id - assumed 'id' E:\wamp\www\yeyicms\Application\Runtime\Cache\Admin\319232a5abf2e2de24370d9c6a1bf7e2.php 第 322 行.
NOTIC: [8] Undefined index: last E:\wamp\www\yeyicms\Application\Runtime\Cache\Admin\319232a5abf2e2de24370d9c6a1bf7e2.php 第 325 行.
NOTIC: [8] Use of undefined constant id - assumed 'id' E:\wamp\www\yeyicms\Application\Runtime\Cache\Admin\319232a5abf2e2de24370d9c6a1bf7e2.php 第 321 行.
NOTIC: [8] Use of undefined constant id - assumed 'id' E:\wamp\www\yeyicms\Application\Runtime\Cache\Admin\319232a5abf2e2de24370d9c6a1bf7e2.php 第 322 行.
NOTIC: [8] Undefined index: last E:\wamp\www\yeyicms\Application\Runtime\Cache\Admin\319232a5abf2e2de24370d9c6a1bf7e2.php 第 325 行.
INFO: Run Behavior\ParseTemplateBehavior [ RunTime:0.020086s ]
INFO: [ view_parse ] --END-- [ RunTime:0.020188s ]
INFO: [ view_filter ] --START--
INFO: Run Behavior\WriteHtmlCacheBehavior [ RunTime:0.000441s ]
INFO: [ view_filter ] --END-- [ RunTime:0.000529s ]
INFO: [ app_end ] --START--
INFO: Run Behavior\ShowPageTraceBehavior [ RunTime:0.000529s ]
INFO: [ app_end ] --END-- [ RunTime:0.000625s ]

[ 2017-07-09T14:27:26+08:00 ] ::1 /yeyicms/admin.php/group/add_group
INFO: [ app_init ] --START--
INFO: Run Behavior\BuildLiteBehavior [ RunTime:0.000028s ]
INFO: [ app_init ] --END-- [ RunTime:0.000596s ]
INFO: [ app_begin ] --START--
INFO: Run Behavior\ReadHtmlCacheBehavior [ RunTime:0.000613s ]
INFO: [ app_begin ] --END-- [ RunTime:0.000736s ]
SQL: SHOW COLUMNS FROM `rt_admin` [ RunTime:0.0129s ]
SQL: SELECT * FROM `rt_admin` WHERE `id` = 1 LIMIT 1   [ RunTime:0.0003s ]
SQL: SHOW COLUMNS FROM `rt_admin_group` [ RunTime:0.0026s ]
SQL: SELECT * FROM `rt_admin_group` WHERE `id` = 2 LIMIT 1   [ RunTime:0.0002s ]
SQL: SHOW COLUMNS FROM `rt_admin_rule` [ RunTime:0.0035s ]
SQL: SELECT `id`,`pid` FROM `rt_admin_rule` WHERE `url` = 'group/add_group' LIMIT 1   [ RunTime:0.0003s ]
SQL: SELECT * FROM `rt_admin` WHERE `id` = 1 LIMIT 1   [ RunTime:0.0002s ]
SQL: SELECT * FROM `rt_admin_group` WHERE `id` = 2 LIMIT 1   [ RunTime:0.0002s ]
SQL: SELECT * FROM `rt_admin_rule` WHERE ( id in(1,2,3,4,5,6,7,8,9,10,11,12,13,14,15,16,17,18,19,20,36,22,23,24,25,35,26,27,28,29,30,33,34) and status=0 ) ORDER BY sort asc  [ RunTime:0.0003s ]
NOTIC: [8] Use of undefined constant icon - assumed 'icon' E:\wamp\www\yeyicms\Application\Admin\Controller\GlobalController.class.php 第 25 行.
SQL: SELECT * FROM `rt_admin_rule` WHERE `pid` = 0  [ RunTime:0.0002s ]
SQL: SELECT * FROM `rt_admin_rule` WHERE ( pid>0 )  [ RunTime:0.0003s ]
INFO: [ view_parse ] --START--
INFO: [ template_filter ] --START--
INFO: Run Behavior\ContentReplaceBehavior [ RunTime:0.000157s ]
INFO: [ template_filter ] --END-- [ RunTime:0.000253s ]
NOTIC: [8] Use of undefined constant userid - assumed 'userid' E:\wamp\www\yeyicms\Application\Runtime\Cache\Admin\4070263a0c557f0016afb69cac807be0.php 第 250 行.
NOTIC: [8] Use of undefined constant pid - assumed 'pid' E:\wamp\www\yeyicms\Application\Runtime\Cache\Admin\4070263a0c557f0016afb69cac807be0.php 第 274 行.
NOTIC: [8] Use of undefined constant pid - assumed 'pid' E:\wamp\www\yeyicms\Application\Runtime\Cache\Admin\4070263a0c557f0016afb69cac807be0.php 第 274 行.
NOTIC: [8] Use of undefined constant pid - assumed 'pid' E:\wamp\www\yeyicms\Application\Runtime\Cache\Admin\4070263a0c557f0016afb69cac807be0.php 第 274 行.
NOTIC: [8] Use of undefined constant pid - assumed 'pid' E:\wamp\www\yeyicms\Application\Runtime\Cache\Admin\4070263a0c557f0016afb69cac807be0.php 第 274 行.
NOTIC: [8] Use of undefined constant pid - assumed 'pid' E:\wamp\www\yeyicms\Application\Runtime\Cache\Admin\4070263a0c557f0016afb69cac807be0.php 第 274 行.
NOTIC: [8] Use of undefined constant pid - assumed 'pid' E:\wamp\www\yeyicms\Application\Runtime\Cache\Admin\4070263a0c557f0016afb69cac807be0.php 第 274 行.
NOTIC: [8] Use of undefined constant pid - assumed 'pid' E:\wamp\www\yeyicms\Application\Runtime\Cache\Admin\4070263a0c557f0016afb69cac807be0.php 第 274 行.
NOTIC: [8] Use of undefined constant pid - assumed 'pid' E:\wamp\www\yeyicms\Application\Runtime\Cache\Admin\4070263a0c557f0016afb69cac807be0.php 第 274 行.
NOTIC: [8] Use of undefined constant pid - assumed 'pid' E:\wamp\www\yeyicms\Application\Runtime\Cache\Admin\4070263a0c557f0016afb69cac807be0.php 第 274 行.
NOTIC: [8] Use of undefined constant pid - assumed 'pid' E:\wamp\www\yeyicms\Application\Runtime\Cache\Admin\4070263a0c557f0016afb69cac807be0.php 第 274 行.
NOTIC: [8] Undefined variable: info E:\wamp\www\yeyicms\Application\Runtime\Cache\Admin\4070263a0c557f0016afb69cac807be0.php 第 310 行.
NOTIC: [8] Undefined variable: info E:\wamp\www\yeyicms\Application\Runtime\Cache\Admin\4070263a0c557f0016afb69cac807be0.php 第 330 行.
INFO: Run Behavior\ParseTemplateBehavior [ RunTime:0.014518s ]
INFO: [ view_parse ] --END-- [ RunTime:0.014657s ]
INFO: [ view_filter ] --START--
INFO: Run Behavior\WriteHtmlCacheBehavior [ RunTime:0.000457s ]
INFO: [ view_filter ] --END-- [ RunTime:0.000543s ]
INFO: [ app_end ] --START--
INFO: Run Behavior\ShowPageTraceBehavior [ RunTime:0.000599s ]
INFO: [ app_end ] --END-- [ RunTime:0.000694s ]

[ 2017-07-09T14:27:27+08:00 ] ::1 /yeyicms/admin.php/group/g_list
INFO: [ app_init ] --START--
INFO: Run Behavior\BuildLiteBehavior [ RunTime:0.000039s ]
INFO: [ app_init ] --END-- [ RunTime:0.000748s ]
INFO: [ app_begin ] --START--
INFO: Run Behavior\ReadHtmlCacheBehavior [ RunTime:0.000417s ]
INFO: [ app_begin ] --END-- [ RunTime:0.000510s ]
SQL: SHOW COLUMNS FROM `rt_admin` [ RunTime:0.0167s ]
SQL: SELECT * FROM `rt_admin` WHERE `id` = 1 LIMIT 1   [ RunTime:0.0003s ]
SQL: SHOW COLUMNS FROM `rt_admin_group` [ RunTime:0.0033s ]
SQL: SELECT * FROM `rt_admin_group` WHERE `id` = 2 LIMIT 1   [ RunTime:0.0003s ]
SQL: SHOW COLUMNS FROM `rt_admin_rule` [ RunTime:0.0035s ]
SQL: SELECT `id`,`pid` FROM `rt_admin_rule` WHERE `url` = 'group/g_list' LIMIT 1   [ RunTime:0.0003s ]
SQL: SELECT * FROM `rt_admin` WHERE `id` = 1 LIMIT 1   [ RunTime:0.0004s ]
SQL: SELECT * FROM `rt_admin_group` WHERE `id` = 2 LIMIT 1   [ RunTime:0.0003s ]
SQL: SELECT * FROM `rt_admin_rule` WHERE ( id in(1,2,3,4,5,6,7,8,9,10,11,12,13,14,15,16,17,18,19,20,36,22,23,24,25,35,26,27,28,29,30,33,34) and status=0 ) ORDER BY sort asc  [ RunTime:0.0004s ]
NOTIC: [8] Use of undefined constant icon - assumed 'icon' E:\wamp\www\yeyicms\Application\Admin\Controller\GlobalController.class.php 第 25 行.
SQL: SELECT COUNT(*) AS tp_count FROM `rt_admin_group` LIMIT 1   [ RunTime:0.0003s ]
SQL: SELECT * FROM `rt_admin_group` ORDER BY id LIMIT 0,15   [ RunTime:0.0003s ]
INFO: [ view_parse ] --START--
INFO: [ template_filter ] --START--
INFO: Run Behavior\ContentReplaceBehavior [ RunTime:0.000200s ]
INFO: [ template_filter ] --END-- [ RunTime:0.000303s ]
NOTIC: [8] Use of undefined constant userid - assumed 'userid' E:\wamp\www\yeyicms\Application\Runtime\Cache\Admin\319232a5abf2e2de24370d9c6a1bf7e2.php 第 250 行.
NOTIC: [8] Use of undefined constant pid - assumed 'pid' E:\wamp\www\yeyicms\Application\Runtime\Cache\Admin\319232a5abf2e2de24370d9c6a1bf7e2.php 第 274 行.
NOTIC: [8] Use of undefined constant pid - assumed 'pid' E:\wamp\www\yeyicms\Application\Runtime\Cache\Admin\319232a5abf2e2de24370d9c6a1bf7e2.php 第 274 行.
NOTIC: [8] Use of undefined constant pid - assumed 'pid' E:\wamp\www\yeyicms\Application\Runtime\Cache\Admin\319232a5abf2e2de24370d9c6a1bf7e2.php 第 274 行.
NOTIC: [8] Use of undefined constant pid - assumed 'pid' E:\wamp\www\yeyicms\Application\Runtime\Cache\Admin\319232a5abf2e2de24370d9c6a1bf7e2.php 第 274 行.
NOTIC: [8] Use of undefined constant pid - assumed 'pid' E:\wamp\www\yeyicms\Application\Runtime\Cache\Admin\319232a5abf2e2de24370d9c6a1bf7e2.php 第 274 行.
NOTIC: [8] Use of undefined constant pid - assumed 'pid' E:\wamp\www\yeyicms\Application\Runtime\Cache\Admin\319232a5abf2e2de24370d9c6a1bf7e2.php 第 274 行.
NOTIC: [8] Use of undefined constant pid - assumed 'pid' E:\wamp\www\yeyicms\Application\Runtime\Cache\Admin\319232a5abf2e2de24370d9c6a1bf7e2.php 第 274 行.
NOTIC: [8] Use of undefined constant pid - assumed 'pid' E:\wamp\www\yeyicms\Application\Runtime\Cache\Admin\319232a5abf2e2de24370d9c6a1bf7e2.php 第 274 行.
NOTIC: [8] Use of undefined constant pid - assumed 'pid' E:\wamp\www\yeyicms\Application\Runtime\Cache\Admin\319232a5abf2e2de24370d9c6a1bf7e2.php 第 274 行.
NOTIC: [8] Use of undefined constant pid - assumed 'pid' E:\wamp\www\yeyicms\Application\Runtime\Cache\Admin\319232a5abf2e2de24370d9c6a1bf7e2.php 第 274 行.
NOTIC: [8] Use of undefined constant id - assumed 'id' E:\wamp\www\yeyicms\Application\Runtime\Cache\Admin\319232a5abf2e2de24370d9c6a1bf7e2.php 第 321 行.
NOTIC: [8] Use of undefined constant id - assumed 'id' E:\wamp\www\yeyicms\Application\Runtime\Cache\Admin\319232a5abf2e2de24370d9c6a1bf7e2.php 第 322 行.
NOTIC: [8] Undefined index: last E:\wamp\www\yeyicms\Application\Runtime\Cache\Admin\319232a5abf2e2de24370d9c6a1bf7e2.php 第 325 行.
NOTIC: [8] Use of undefined constant id - assumed 'id' E:\wamp\www\yeyicms\Application\Runtime\Cache\Admin\319232a5abf2e2de24370d9c6a1bf7e2.php 第 321 行.
NOTIC: [8] Use of undefined constant id - assumed 'id' E:\wamp\www\yeyicms\Application\Runtime\Cache\Admin\319232a5abf2e2de24370d9c6a1bf7e2.php 第 322 行.
NOTIC: [8] Undefined index: last E:\wamp\www\yeyicms\Application\Runtime\Cache\Admin\319232a5abf2e2de24370d9c6a1bf7e2.php 第 325 行.
NOTIC: [8] Use of undefined constant id - assumed 'id' E:\wamp\www\yeyicms\Application\Runtime\Cache\Admin\319232a5abf2e2de24370d9c6a1bf7e2.php 第 321 行.
NOTIC: [8] Use of undefined constant id - assumed 'id' E:\wamp\www\yeyicms\Application\Runtime\Cache\Admin\319232a5abf2e2de24370d9c6a1bf7e2.php 第 322 行.
NOTIC: [8] Undefined index: last E:\wamp\www\yeyicms\Application\Runtime\Cache\Admin\319232a5abf2e2de24370d9c6a1bf7e2.php 第 325 行.
INFO: Run Behavior\ParseTemplateBehavior [ RunTime:0.018481s ]
INFO: [ view_parse ] --END-- [ RunTime:0.018583s ]
INFO: [ view_filter ] --START--
INFO: Run Behavior\WriteHtmlCacheBehavior [ RunTime:0.000446s ]
INFO: [ view_filter ] --END-- [ RunTime:0.000530s ]
INFO: [ app_end ] --START--
INFO: Run Behavior\ShowPageTraceBehavior [ RunTime:0.000659s ]
INFO: [ app_end ] --END-- [ RunTime:0.000769s ]

[ 2017-07-09T14:27:28+08:00 ] ::1 /yeyicms/admin.php/group/add_group
INFO: [ app_init ] --START--
INFO: Run Behavior\BuildLiteBehavior [ RunTime:0.000030s ]
INFO: [ app_init ] --END-- [ RunTime:0.000602s ]
INFO: [ app_begin ] --START--
INFO: Run Behavior\ReadHtmlCacheBehavior [ RunTime:0.000617s ]
INFO: [ app_begin ] --END-- [ RunTime:0.000741s ]
SQL: SHOW COLUMNS FROM `rt_admin` [ RunTime:0.0040s ]
SQL: SELECT * FROM `rt_admin` WHERE `id` = 1 LIMIT 1   [ RunTime:0.0003s ]
SQL: SHOW COLUMNS FROM `rt_admin_group` [ RunTime:0.0033s ]
SQL: SELECT * FROM `rt_admin_group` WHERE `id` = 2 LIMIT 1   [ RunTime:0.0003s ]
SQL: SHOW COLUMNS FROM `rt_admin_rule` [ RunTime:0.0035s ]
SQL: SELECT `id`,`pid` FROM `rt_admin_rule` WHERE `url` = 'group/add_group' LIMIT 1   [ RunTime:0.0003s ]
SQL: SELECT * FROM `rt_admin` WHERE `id` = 1 LIMIT 1   [ RunTime:0.0003s ]
SQL: SELECT * FROM `rt_admin_group` WHERE `id` = 2 LIMIT 1   [ RunTime:0.0003s ]
SQL: SELECT * FROM `rt_admin_rule` WHERE ( id in(1,2,3,4,5,6,7,8,9,10,11,12,13,14,15,16,17,18,19,20,36,22,23,24,25,35,26,27,28,29,30,33,34) and status=0 ) ORDER BY sort asc  [ RunTime:0.0004s ]
NOTIC: [8] Use of undefined constant icon - assumed 'icon' E:\wamp\www\yeyicms\Application\Admin\Controller\GlobalController.class.php 第 25 行.
SQL: SELECT * FROM `rt_admin_rule` WHERE `pid` = 0  [ RunTime:0.0003s ]
SQL: SELECT * FROM `rt_admin_rule` WHERE ( pid>0 )  [ RunTime:0.0004s ]
INFO: [ view_parse ] --START--
INFO: [ template_filter ] --START--
INFO: Run Behavior\ContentReplaceBehavior [ RunTime:0.000219s ]
INFO: [ template_filter ] --END-- [ RunTime:0.000347s ]
NOTIC: [8] Use of undefined constant userid - assumed 'userid' E:\wamp\www\yeyicms\Application\Runtime\Cache\Admin\4070263a0c557f0016afb69cac807be0.php 第 250 行.
NOTIC: [8] Use of undefined constant pid - assumed 'pid' E:\wamp\www\yeyicms\Application\Runtime\Cache\Admin\4070263a0c557f0016afb69cac807be0.php 第 274 行.
NOTIC: [8] Use of undefined constant pid - assumed 'pid' E:\wamp\www\yeyicms\Application\Runtime\Cache\Admin\4070263a0c557f0016afb69cac807be0.php 第 274 行.
NOTIC: [8] Use of undefined constant pid - assumed 'pid' E:\wamp\www\yeyicms\Application\Runtime\Cache\Admin\4070263a0c557f0016afb69cac807be0.php 第 274 行.
NOTIC: [8] Use of undefined constant pid - assumed 'pid' E:\wamp\www\yeyicms\Application\Runtime\Cache\Admin\4070263a0c557f0016afb69cac807be0.php 第 274 行.
NOTIC: [8] Use of undefined constant pid - assumed 'pid' E:\wamp\www\yeyicms\Application\Runtime\Cache\Admin\4070263a0c557f0016afb69cac807be0.php 第 274 行.
NOTIC: [8] Use of undefined constant pid - assumed 'pid' E:\wamp\www\yeyicms\Application\Runtime\Cache\Admin\4070263a0c557f0016afb69cac807be0.php 第 274 行.
NOTIC: [8] Use of undefined constant pid - assumed 'pid' E:\wamp\www\yeyicms\Application\Runtime\Cache\Admin\4070263a0c557f0016afb69cac807be0.php 第 274 行.
NOTIC: [8] Use of undefined constant pid - assumed 'pid' E:\wamp\www\yeyicms\Application\Runtime\Cache\Admin\4070263a0c557f0016afb69cac807be0.php 第 274 行.
NOTIC: [8] Use of undefined constant pid - assumed 'pid' E:\wamp\www\yeyicms\Application\Runtime\Cache\Admin\4070263a0c557f0016afb69cac807be0.php 第 274 行.
NOTIC: [8] Use of undefined constant pid - assumed 'pid' E:\wamp\www\yeyicms\Application\Runtime\Cache\Admin\4070263a0c557f0016afb69cac807be0.php 第 274 行.
NOTIC: [8] Undefined variable: info E:\wamp\www\yeyicms\Application\Runtime\Cache\Admin\4070263a0c557f0016afb69cac807be0.php 第 310 行.
NOTIC: [8] Undefined variable: info E:\wamp\www\yeyicms\Application\Runtime\Cache\Admin\4070263a0c557f0016afb69cac807be0.php 第 330 行.
INFO: Run Behavior\ParseTemplateBehavior [ RunTime:0.018428s ]
INFO: [ view_parse ] --END-- [ RunTime:0.018533s ]
INFO: [ view_filter ] --START--
INFO: Run Behavior\WriteHtmlCacheBehavior [ RunTime:0.000446s ]
INFO: [ view_filter ] --END-- [ RunTime:0.000531s ]
INFO: [ app_end ] --START--
INFO: Run Behavior\ShowPageTraceBehavior [ RunTime:0.000644s ]
INFO: [ app_end ] --END-- [ RunTime:0.000745s ]

